C51 COMPILER V6.10  MAIN                                                                   04/18/2001 17:38:56 PAGE 1   


C51 COMPILER V6.10, COMPILATION OF MODULE MAIN
OBJECT MODULE PLACED IN .\MAIN.OBJ
COMPILER INVOKED BY: C:\KEIL\C51\BIN\C51.EXE .\MAIN.C OPTIMIZE(6,SPEED) BROWSE DEBUG OBJECTEXTEND

stmt level    source

   1          /*------------------------------------------------------------------*-
   2          
   3             Main.c (v1.00)
   4          
   5            ------------------------------------------------------------------
   6          
   7             Demo of Software PRM.
   8          
   9           
  10             Required linker options (see Chapter 14 for details):
  11          
  12             OVERLAY (main ~ (PRM_Soft_Update,PRM_Soft_Test), 
  13             SCH_Dispatch_Tasks ! (PRM_Soft_Update,PRM_Soft_Test))
  14           
  15          
  16             COPYRIGHT
  17             ---------
  18          
  19             This code is from the book:
  20          
  21             PATTERNS FOR TIME-TRIGGERED EMBEDDED SYSTEMS by Michael J. Pont 
  22             [Pearson Education, 2001; ISBN: 0-201-33138-1].
  23          
  24             This code is copyright (c) 2001 by Michael J. Pont.
  25           
  26             See book for copyright details and other information.
  27          
  28          -*------------------------------------------------------------------*/
  29          
  30          #include "Main.h"
  31          #include "2_01_12g.h"
  32          #include "PRM_Soft.h"
  33          
  34          /* ............................................................... */
  35          /* ............................................................... */
  36          
  37          void main()
  38             {
  39   1         SCH_Init_T2();  
  40   1      
  41   1         PRM_Soft_Init();  
  42   1      
  43   1         // Call every millisecond to update PRM output
  44   1         SCH_Add_Task(PRM_Soft_Update, 10, 1);
  45   1      
  46   1         // Call every minute to change PRM control value
  47   1         SCH_Add_Task(PRM_Soft_Test, 0, 60000);
  48   1      
  49   1         SCH_Start();
  50   1      
  51   1         while(1)
  52   1            {
  53   2            SCH_Dispatch_Tasks();
  54   2            }     
  55   1         } 
C51 COMPILER V6.10  MAIN                                                                   04/18/2001 17:38:56 PAGE 2   

  56          
  57          /*------------------------------------------------------------------*-
  58            ---- END OF FILE -------------------------------------------------
  59          -*------------------------------------------------------------------*/


MODULE INFORMATION:   STATIC OVERLAYABLE
   CODE SIZE        =     44    ----
   CONSTANT SIZE    =   ----    ----
   XDATA SIZE       =   ----    ----
   PDATA SIZE       =   ----    ----
   DATA SIZE        =   ----    ----
   IDATA SIZE       =   ----    ----
   BIT SIZE         =   ----    ----
END OF MODULE INFORMATION.


C51 COMPILATION COMPLETE.  0 WARNING(S),  0 ERROR(S)
