C51 COMPILER V6.10  MAIN                                                                   04/19/2001 11:58:03 PAGE 1   


C51 COMPILER V6.10, COMPILATION OF MODULE MAIN
OBJECT MODULE PLACED IN .\MAIN.OBJ
COMPILER INVOKED BY: C:\KEIL\C51\BIN\C51.EXE .\MAIN.C BROWSE DEBUG OBJECTEXTEND

stmt level    source

   1          /*------------------------------------------------------------------*-
   2          
   3             Main.c (v1.00)
   4          
   5            ------------------------------------------------------------------
   6          
   7             Demo application for Hardware Pulse Count (Chapter 30).
   8          
   9             Required linker options (see Chapter 14 for details):
  10          
  11             OVERLAY 
  12             (main ~ (PC_HARD_Get_Count_T0, BARGRAPH_Update), 
  13             SCH_Dispatch_Tasks ! (PC_HARD_Get_Count_T0, BARGRAPH_Update))
  14          
  15          
  16             COPYRIGHT
  17             ---------
  18          
  19             This code is from the book:
  20          
  21             PATTERNS FOR TIME-TRIGGERED EMBEDDED SYSTEMS by Michael J. Pont 
  22             [Pearson Education, 2001; ISBN: 0-201-33138-1].
  23          
  24             This code is copyright (c) 2001 by Michael J. Pont.
  25           
  26             See book for copyright details and other information.
  27          
  28          -*------------------------------------------------------------------*/
  29          
  30          #include "Main.h"
  31          
  32          #include "2_01_12g.h"
  33          
  34          #include "PulCnt_H.h"
  35          #include "BarGraph.h"
  36          
  37          /* ............................................................... */
  38          /* ............................................................... */
  39          
  40          void main(void)
  41             {
  42   1         SCH_Init_T2();      // Set up the scheduler
  43   1         PC_HARD_Init_T0();      // Prepare to count pulses
  44   1         BARGRAPH_Init();    // Prepare a bargraph-type display 
  45   1      
  46   1         // Add a 'pulse count' task 
  47   1         SCH_Add_Task(PC_HARD_Get_Count_T0, 1000, 1000);
  48   1      
  49   1         // Simply display the count here (bargraph display)
  50   1         SCH_Add_Task(BARGRAPH_Update, 1200, 1000);
  51   1      
  52   1         // All tasks added: start running the scheduler
  53   1         SCH_Start(); 
  54   1      
  55   1         while(1)
C51 COMPILER V6.10  MAIN                                                                   04/19/2001 11:58:03 PAGE 2   

  56   1            {
  57   2            SCH_Dispatch_Tasks();
  58   2            }
  59   1         }
  60          
  61          /*------------------------------------------------------------------*-
  62            ---- END OF FILE -------------------------------------------------
  63          -*------------------------------------------------------------------*/
  64          


MODULE INFORMATION:   STATIC OVERLAYABLE
   CODE SIZE        =     47    ----
   CONSTANT SIZE    =   ----    ----
   XDATA SIZE       =   ----    ----
   PDATA SIZE       =   ----    ----
   DATA SIZE        =   ----    ----
   IDATA SIZE       =   ----    ----
   BIT SIZE         =   ----    ----
END OF MODULE INFORMATION.


C51 COMPILATION COMPLETE.  0 WARNING(S),  0 ERROR(S)
