C51 COMPILER V6.10  TLIGHT_B                                                               04/19/2001 14:10:30 PAGE 1   


C51 COMPILER V6.10, COMPILATION OF MODULE TLIGHT_B
OBJECT MODULE PLACED IN .\TLIGHT_B.OBJ
COMPILER INVOKED BY: C:\KEIL\C51\BIN\C51.EXE .\TLIGHT_B.C OPTIMIZE(6,SIZE) BROWSE DEBUG OBJECTEXTEND CODE LISTINCLUDE SY
                    -MBOLS

stmt level    source

   1          /*------------------------------------------------------------------*-
   2          
   3             TLight_B.C (v1.00)
   4          
   5            ------------------------------------------------------------------
   6             
   7             Traffic light control program 
   8          
   9             Duplex version 
  10             - has information about bulb status on other node.
  11          
  12          
  13             COPYRIGHT
  14             ---------
  15          
  16             This code is from the book:
  17          
  18             PATTERNS FOR TIME-TRIGGERED EMBEDDED SYSTEMS by Michael J. Pont 
  19             [Pearson Education, 2001; ISBN: 0-201-33138-1].
  20          
  21             This code is copyright (c) 2001 by Michael J. Pont.
  22           
  23             See book for copyright details and other information.
  24          
  25          -*------------------------------------------------------------------*/
  26          
  27          #include "Main.h"
   1      =1  /*------------------------------------------------------------------*-
   2      =1  
   3      =1     Main.H (v1.00)
   4      =1  
   5      =1    ------------------------------------------------------------------
   6      =1     
   7      =1     'Project Header' (see Chap 9) for project SCU_Cb (see Chap 27)
   8      =1  
   9      =1  
  10      =1     COPYRIGHT
  11      =1     ---------
  12      =1  
  13      =1     This code is from the book:
  14      =1  
  15      =1     PATTERNS FOR TIME-TRIGGERED EMBEDDED SYSTEMS by Michael J. Pont 
  16      =1     [Pearson Education, 2001; ISBN: 0-201-33138-1].
  17      =1  
  18      =1     This code is copyright (c) 2001 by Michael J. Pont.
  19      =1   
  20      =1     See book for copyright details and other information.
  21      =1  
  22      =1  -*------------------------------------------------------------------*/
  23      =1  
  24      =1  #ifndef _MAIN_H
  25      =1  #define _MAIN_H
  26      =1  
  27      =1  //------------------------------------------------------------------
C51 COMPILER V6.10  TLIGHT_B                                                               04/19/2001 14:10:30 PAGE 2   

  28      =1  // WILL NEED TO EDIT THIS SECTION FOR EVERY PROJECT
  29      =1  //------------------------------------------------------------------
  30      =1  
  31      =1  // Must include the appropriate microcontroller header file here
  32      =1  #include <reg515c.h>
   1      =2  /*------------------------------------------------------------------
   2      =2  REG515C.H
   3      =2  
   4      =2  Header file for the Infineon C515C 
   5      =2  Copyright (c) 1995-1999 Keil Elektronik GmbH  All rights reserved.
   6      =2  ------------------------------------------------------------------*/
   7      =2  
   8      =2  /*  BYTE Registers    */
   9      =2  /*  CPU    */
  10      =2  sfr   ACC    = 0xE0;
  11      =2  sfr   B      = 0xF0;
  12      =2  sfr   DPL    = 0x82;
  13      =2  sfr   DPH    = 0x83;
  14      =2  sfr   DPSEL  = 0x92;
  15      =2  sfr   PSW    = 0xD0;
  16      =2  sfr   SP     = 0x81;
  17      =2  sfr   SYSCON = 0xB1;
  18      =2  
  19      =2  /*  A/D Converter     */
  20      =2  sfr   ADCON0 = 0xD8;
  21      =2  sfr   ADDATH = 0xD9;
  22      =2  sfr   ADDATL = 0xDA;  /* in mapped SFR area */
  23      =2  sfr   ADCON1 = 0xDC;
  24      =2  
  25      =2  /*  Interrupt System  */
  26      =2  sfr   IEN0   = 0xA8;
  27      =2  sfr   IEN1   = 0xB8;
  28      =2  sfr   IEN2   = 0x9A;
  29      =2  sfr   IP0    = 0xA9;
  30      =2  sfr   IP1    = 0xB9;
  31      =2  sfr   IRCON  = 0xC0;
  32      =2  
  33      =2  /*  XRAM   */
  34      =2  sfr   XPAGE  = 0x91;
  35      =2  
  36      =2  /*  Ports  */
  37      =2  sfr   P0     = 0x80;
  38      =2  sfr   P1     = 0x90;
  39      =2  sfr   P2     = 0xA0;
  40      =2  sfr   P3     = 0xB0;
  41      =2  sfr   P4     = 0xE8;
  42      =2  sfr   P5     = 0xF8;
  43      =2  sfr   DIR5   = 0xF8;  /* in mapped SFR area */
  44      =2  sfr   P6     = 0xDB;
  45      =2  sfr   P7     = 0xFA;
  46      =2  
  47      =2  /*  Serial Channel    */
  48      =2  sfr   SCON   = 0x98;
  49      =2  sfr   SBUF   = 0x99;
  50      =2  sfr   SRELL  = 0xAA;
  51      =2  sfr   SRELH  = 0xBA;
  52      =2  
  53      =2  /*  SSC Interface     */
  54      =2  sfr   SSCCON = 0x93;
  55      =2  sfr   STB    = 0x94;
  56      =2  sfr   SRB    = 0x95;
  57      =2  sfr   SCF    = 0xAB;
C51 COMPILER V6.10  TLIGHT_B                                                               04/19/2001 14:10:30 PAGE 3   

  58      =2  sfr   SCIEN  = 0xAC;
  59      =2  sfr   SSCMOD = 0x96;
  60      =2  
  61      =2  /*  Timer0 / Timer1   */
  62      =2  sfr   TCON   = 0x88;
  63      =2  sfr   TMOD   = 0x89;
  64      =2  sfr   TL0    = 0x8A;
  65      =2  sfr   TL1    = 0x8B;
  66      =2  sfr   TH0    = 0x8C;
  67      =2  sfr   TH1    = 0x8D;
  68      =2  
  69      =2  /*  CAP/COM Unit / Timer2 */
  70      =2  sfr   CCEN   = 0xC1;
  71      =2  sfr   CCL1   = 0xC2;
  72      =2  sfr   CCH1   = 0xC3;
  73      =2  sfr   CCL2   = 0xC4;
  74      =2  sfr   CCH2   = 0xC5;
  75      =2  sfr   CCL3   = 0xC6;
  76      =2  sfr   CCH3   = 0xC7;
  77      =2  sfr   T2CON  = 0xC8;
  78      =2  sfr   CRCL   = 0xCA;
  79      =2  sfr   CRCH   = 0xCB;
  80      =2  sfr   TL2    = 0xCC;
  81      =2  sfr   TH2    = 0xCD;
  82      =2  
  83      =2  /*  Watchdog */
  84      =2  sfr   WDTREL = 0x86;
  85      =2  
  86      =2  /*  Power Save Moders */
  87      =2  sfr   PCON   = 0x87;
  88      =2  sfr   PCON1  = 0x88;  /* in mapped SFR area */
  89      =2  
  90      =2  
  91      =2  /*  BIT Register  */
  92      =2  /*  PSW  */
  93      =2  sbit  CY     = PSW^7;
  94      =2  sbit  AC     = PSW^6;
  95      =2  sbit  F0     = PSW^5;
  96      =2  sbit  RS1    = PSW^4;
  97      =2  sbit  RS0    = PSW^3;
  98      =2  sbit  OV     = PSW^2;
  99      =2  sbit  F1     = PSW^1;
 100      =2  sbit  P      = PSW^0;
 101      =2  
 102      =2  /*  TCON  */
 103      =2  sbit  TF1    = TCON^7;
 104      =2  sbit  TR1    = TCON^6;
 105      =2  sbit  TF0    = TCON^5;
 106      =2  sbit  TR0    = TCON^4;
 107      =2  sbit  IE1    = TCON^3;
 108      =2  sbit  IT1    = TCON^2;
 109      =2  sbit  IE0    = TCON^1;
 110      =2  sbit  IT0    = TCON^0;
 111      =2  
 112      =2  /*  IEN0  */
 113      =2  sbit  EAL    = IEN0^7;
 114      =2  sbit  WDT    = IEN0^6;
 115      =2  sbit  ET2    = IEN0^5;
 116      =2  sbit  ES     = IEN0^4;
 117      =2  sbit  ET1    = IEN0^3;
 118      =2  sbit  EX1    = IEN0^2;
 119      =2  sbit  ET0    = IEN0^1;
C51 COMPILER V6.10  TLIGHT_B                                                               04/19/2001 14:10:30 PAGE 4   

 120      =2  sbit  EX0    = IEN0^0;
 121      =2  
 122      =2  /*  IEN1  */
 123      =2  sbit  EXEN2  = IEN1^7;
 124      =2  sbit  SWDT   = IEN1^6;
 125      =2  sbit  EX6    = IEN1^5;
 126      =2  sbit  EX5    = IEN1^4;
 127      =2  sbit  EX4    = IEN1^3;
 128      =2  sbit  EX3    = IEN1^2;
 129      =2  sbit  EX2    = IEN1^1;
 130      =2  sbit  EADC   = IEN1^0;
 131      =2  
 132      =2  /*  P3  */
 133      =2  sbit  RD     = P3^7;
 134      =2  sbit  WR     = P3^6;
 135      =2  sbit  T1     = P3^5;
 136      =2  sbit  T0     = P3^4;
 137      =2  sbit  INT1   = P3^3;
 138      =2  sbit  INT0   = P3^2;
 139      =2  sbit  TXD    = P3^1;
 140      =2  sbit  RXD    = P3^0;
 141      =2  
 142      =2  /*  SCON  */
 143      =2  sbit  SM0    = SCON^7;
 144      =2  sbit  SM1    = SCON^6;
 145      =2  sbit  SM2    = SCON^5;
 146      =2  sbit  REN    = SCON^4;
 147      =2  sbit  TB8    = SCON^3;
 148      =2  sbit  RB8    = SCON^2;
 149      =2  sbit  TI     = SCON^1;
 150      =2  sbit  RI     = SCON^0;
 151      =2  
 152      =2  /*  T2CON  */
 153      =2  sbit  T2PS   = T2CON^7;
 154      =2  sbit  I3FR   = T2CON^6;
 155      =2  sbit  I2FR   = T2CON^5;
 156      =2  sbit  T2R1   = T2CON^4;
 157      =2  sbit  T2R0   = T2CON^3;
 158      =2  sbit  T2CM   = T2CON^2;
 159      =2  sbit  T2I1   = T2CON^1;
 160      =2  sbit  T2I0   = T2CON^0;
 161      =2  
 162      =2  /*  ADCON0  */
 163      =2  sbit  BD     = ADCON0^7;
 164      =2  sbit  CLK    = ADCON0^6;
 165      =2  sbit  ADEX   = ADCON0^5;
 166      =2  sbit  BSY    = ADCON0^4;
 167      =2  sbit  ADM    = ADCON0^3;
 168      =2  sbit  MX2    = ADCON0^2;
 169      =2  sbit  MX1    = ADCON0^1;
 170      =2  sbit  MX0    = ADCON0^0;
 171      =2  
 172      =2  /*  IRCON  */
 173      =2  sbit  EXF2   = IRCON^7;
 174      =2  sbit  TF2    = IRCON^6;
 175      =2  sbit  IEX6   = IRCON^5;
 176      =2  sbit  IEX5   = IRCON^4;
 177      =2  sbit  IEX4   = IRCON^3;
 178      =2  sbit  IEX3   = IRCON^2;
 179      =2  sbit  IEX2   = IRCON^1;
 180      =2  sbit  IADC   = IRCON^0;
 181      =2  
C51 COMPILER V6.10  TLIGHT_B                                                               04/19/2001 14:10:30 PAGE 5   

 182      =2  /*  P1    */
 183      =2  sbit  T2     = P1^7;
 184      =2  sbit  CLKOUT = P1^6;
 185      =2  sbit  T2EX   = P1^5;
 186      =2  sbit  INT2   = P1^4;
 187      =2  sbit  INT6   = P1^3;
 188      =2  sbit  INT5   = P1^2;
 189      =2  sbit  INT4   = P1^1;
 190      =2  sbit  INT3   = P1^0;
 191      =2  
 192      =2  /*  P4    */
 193      =2  sbit  RXDC   = P4^7;
 194      =2  sbit  TXDC   = P4^6;
 195      =2  sbit  INT8   = P4^5;
 196      =2  sbit  SLS    = P4^4;
 197      =2  sbit  STO    = P4^3;
 198      =2  sbit  SRI    = P4^2;
 199      =2  sbit  SCLK   = P4^1;
 200      =2  sbit  ADST   = P4^0;
  33      =1  
  34      =1  // Include oscillator / chip details here 
  35      =1  // (essential if generic delays / timeouts are used)
  36      =1  //  -
  37      =1  // Oscillator / resonator frequency (in Hz) e.g. (11059200UL)
  38      =1  #define OSC_FREQ (10000000UL)
  39      =1  
  40      =1  // Number of oscillations per instruction (4, 6 or 12)
  41      =1  // 12 - Original 8051 / 8052 and numerous modern versions
  42      =1  //  6 - Various Infineon and Philips devices, etc.
  43      =1  //  4 - Dallas, etc.
  44      =1  //
  45      =1  // Take care with Dallas devices 
  46      =1  // - Timers default to *12* osc ticks unless CKCON is modified 
  47      =1  // - If using generic code on a Dallas device, use 12 here
  48      =1  #define OSC_PER_INST (6)
  49      =1  
  50      =1  //------------------------------------------------------------------
  51      =1  // SHOULD NOT NEED TO EDIT THE SECTIONS BELOW
  52      =1  //------------------------------------------------------------------
  53      =1  typedef unsigned char tByte;
  54      =1  typedef unsigned int  tWord;
  55      =1  typedef unsigned long tLong;
  56      =1  
  57      =1  // Misc #defines
  58      =1  #ifndef TRUE
  59      =1  #define FALSE 0
  60      =1  #define TRUE (!FALSE)
  61      =1  #endif
  62      =1  
  63      =1  #define RETURN_NORMAL (bit) 0
  64      =1  #define RETURN_ERROR (bit) 1
  65      =1  
  66      =1  
  67      =1  //------------------------------------------------------------------
  68      =1  // Interrupts
  69      =1  // - see Chapter 13.  
  70      =1  //------------------------------------------------------------------
  71      =1  
  72      =1  // Generic 8051/52 timer interrupts (used in most schedulers)
  73      =1  #define INTERRUPT_Timer_0_Overflow 1
  74      =1  #define INTERRUPT_Timer_1_Overflow 3
  75      =1  #define INTERRUPT_Timer_2_Overflow 5
C51 COMPILER V6.10  TLIGHT_B                                                               04/19/2001 14:10:30 PAGE 6   

  76      =1  
  77      =1  // Additional interrupts (used in shared-clock schedulers)
  78      =1  #define INTERRUPT_EXTERNAL_0 0
  79      =1  #define INTERRUPT_EXTERNAL_1 2
  80      =1  #define INTERRUPT_UART_Rx_Tx 4
  81      =1  #define INTERRUPT_CAN_c515c 17
  82      =1  
  83      =1  //------------------------------------------------------------------
  84      =1  // Error codes 
  85      =1  // - see Chapter 14. 
  86      =1  //------------------------------------------------------------------
  87      =1  
  88      =1  #define ERROR_SCH_TOO_MANY_TASKS (1)
  89      =1  #define ERROR_SCH_CANNOT_DELETE_TASK (2)
  90      =1  
  91      =1  #define ERROR_SCH_WAITING_FOR_SLAVE_TO_ACK (3)
  92      =1  #define ERROR_SCH_WAITING_FOR_START_COMMAND_FROM_MASTER (3)
  93      =1  
  94      =1  #define ERROR_SCH_ONE_OR_MORE_SLAVES_DID_NOT_START (4)
  95      =1  #define ERROR_SCH_LOST_SLAVE (5)
  96      =1  
  97      =1  #define ERROR_SCH_CAN_BUS_ERROR (6)
  98      =1  
  99      =1  #define ERROR_I2C_WRITE_BYTE (10)
 100      =1  #define ERROR_I2C_READ_BYTE (11)
 101      =1  #define ERROR_I2C_WRITE_BYTE_AT24C64 (12)
 102      =1  #define ERROR_I2C_READ_BYTE_AT24C64 (13)
 103      =1  #define ERROR_I2C_DS1621 (14)
 104      =1  
 105      =1  #define ERROR_USART_TI (21)
 106      =1  #define ERROR_USART_WRITE_CHAR (22)
 107      =1  
 108      =1  #define ERROR_SPI_EXCHANGE_BYTES_TIMEOUT (31)
 109      =1  #define ERROR_SPI_X25_TIMEOUT (32)
 110      =1  #define ERROR_SPI_MAX1110_TIMEOUT (33)
 111      =1  
 112      =1  #define ERROR_ADC_MAX150_TIMEOUT (44)
 113      =1  
 114      =1  #endif
 115      =1  
 116      =1  /*------------------------------------------------------------------*-
 117      =1    ---- END OF FILE -------------------------------------------------
 118      =1  -*------------------------------------------------------------------*/
  28          #include "TLight_B.h"
   1      =1  /*------------------------------------------------------------------*-
   2      =1  
   3      =1     TLight_B.H (v1.00)
   4      =1  
   5      =1    ------------------------------------------------------------------
   6      =1     
   7      =1     - See TLight_B.C for details.
   8      =1  
   9      =1  
  10      =1     COPYRIGHT
  11      =1     ---------
  12      =1  
  13      =1     This code is from the book:
  14      =1  
  15      =1     PATTERNS FOR TIME-TRIGGERED EMBEDDED SYSTEMS by Michael J. Pont 
  16      =1     [Pearson Education, 2001; ISBN: 0-201-33138-1].
  17      =1  
  18      =1     This code is copyright (c) 2001 by Michael J. Pont.
C51 COMPILER V6.10  TLIGHT_B                                                               04/19/2001 14:10:30 PAGE 7   

  19      =1   
  20      =1     See book for copyright details and other information.
  21      =1  
  22      =1  -*------------------------------------------------------------------*/
  23      =1  
  24      =1  // ------ Public data type declarations ----------------------------
  25      =1  
  26      =1  // Possible system states
  27      =1  typedef 
  28      =1  enum {RED, RED_AMBER, GREEN, AMBER, BULB_BLOWN} eLight_State;
  29      =1  
  30      =1  
  31      =1  // ------ Public constants -----------------------------------------
  32      =1  
  33      =1  #define MASTER 1
  34      =1  #define SLAVE 0
  35      =1  
  36      =1  // ------ Public function prototypes -------------------------------
  37      =1  
  38      =1  void TRAFFIC_LIGHTS_Init(void);
  39      =1  void TRAFFIC_LIGHTS_Update(void);
  40      =1  
  41      =1  void TRAFFIC_LIGHTS_Display_Safe_Output(void);
  42      =1  
  43      =1  /*------------------------------------------------------------------*-
  44      =1    ---- END OF FILE -------------------------------------------------
  45      =1  -*------------------------------------------------------------------*/
  29          #include "Port.h"
   1      =1  /*------------------------------------------------------------------*-
   2      =1  
   3      =1     Port.H (v1.00)
   4      =1  
   5      =1    ------------------------------------------------------------------
   6      =1  
   7      =1    'Port Header' (see Chap 10) for project SCC_m515 (see Chap 28)
   8      =1  
   9      =1  
  10      =1     COPYRIGHT
  11      =1     ---------
  12      =1  
  13      =1     This code is from the book:
  14      =1  
  15      =1     PATTERNS FOR TIME-TRIGGERED EMBEDDED SYSTEMS by Michael J. Pont 
  16      =1     [Pearson Education, 2001; ISBN: 0-201-33138-1].
  17      =1  
  18      =1     This code is copyright (c) 2001 by Michael J. Pont.
  19      =1   
  20      =1     See book for copyright details and other information.
  21      =1  
  22      =1  -*------------------------------------------------------------------*/
  23      =1  
  24      =1  // ------ Sch51.C ----------------------------------------
  25      =1  
  26      =1  // Comment this line out if error reporting is NOT required
  27      =1  //#define SCH_REPORT_ERRORS
  28      =1  
  29      =1  #ifdef SCH_REPORT_ERRORS
           =1 // The port on which error codes will be displayed
           =1 // ONLY USED IF ERRORS ARE REPORTED
           =1 #define Error_port P1
           =1 
           =1 #endif
C51 COMPILER V6.10  TLIGHT_B                                                               04/19/2001 14:10:30 PAGE 8   

  35      =1  
  36      =1  // ------ SCC_M.C ------------------------------------------------
  37      =1  
  38      =1  // *****************************************************************
  39      =1  // P4.6, 4.7 used for CAN outputs 
  40      =1  // *****************************************************************
  41      =1  
  42      =1  // Connect LED from +5V (etc) to these pins, via appropriate resistor
  43      =1  sbit Network_error_pin = P4^4;
  44      =1  
  45      =1  // Three pins used to report CAN bus errors
  46      =1  sbit CAN_error_pin0 = P5^3;
  47      =1  sbit CAN_error_pin1 = P5^4;
  48      =1  sbit CAN_error_pin2 = P5^5;
  49      =1  
  50      =1  
  51      =1  // ------ TLights_B.C ----------------------------------------------
  52      =1  
  53      =1  sbit Red_light   = (P4^0);
  54      =1  sbit Amber_light = (P4^1);
  55      =1  sbit Green_light = (P4^2);
  56      =1  
  57      =1  
  58      =1  // ------ LED_Flas.C -----------------------------------------------
  59      =1  
  60      =1  // Connect LED from +5V (etc) to this pin, via appropriate resistor
  61      =1  // [see Chapter 7 for details]
  62      =1  sbit LED_pin = P4^3;
  63      =1  
  64      =1  
  65      =1  /*------------------------------------------------------------------*-
  66      =1    ---- END OF FILE -------------------------------------------------
  67      =1  -*------------------------------------------------------------------*/
  68      =1  
  69      =1  
  70      =1  
  30          
  31          // ------ Private constants ----------------------------------------
  32          
  33          // Easy to change logic here
  34          #define ON  0
  35          #define OFF 1
  36          
  37          // Times in each of the (four) possible light states
  38          // (Times are in seconds - must call the update task once per second)
  39          //
  40          #define RED_DURATION  (10)
  41          #define RED_AND_AMBER_DURATION  (10)
  42          
  43          // NOTE: 
  44          // GREEN_DURATION must equal RED_DURATION
  45          // AMBER_DURATION must equal RED_AND_AMBER_DURATION
  46          #define GREEN_DURATION RED_DURATION 
  47          #define AMBER_DURATION RED_AND_AMBER_DURATION
  48          
  49          // Must specify whether this is a MASTER or a SLAVE unit
  50          #define MASTER_SLAVE MASTER
  51          
  52          // ------ Public variable declarations -----------------------------
  53          
  54          extern tByte Tick_message_data_G;  
  55          extern tByte Ack_message_data_G;
C51 COMPILER V6.10  TLIGHT_B                                                               04/19/2001 14:10:30 PAGE 9   

  56          
  57          // ------ Private variables ----------------------------------------
  58          
  59          // The state of the system
  60          static eLight_State Light_state_G;
  61          
  62          // ------ Private function prototypes ------------------------------
  63          
  64          bit TRAFFIC_LIGHTS_Check_for_Hardware_Faults(void) reentrant;
  65          bit TRAFFIC_LIGHTS_Check_Local_Bulb(void);
  66          
  67          /*------------------------------------------------------------------*-
  68          
  69            TRAFFIC_LIGHTS_Init()
  70          
  71            Prepare for scheduling.
  72          
  73          -*-----------------------------------------------------------------*/
  74          void TRAFFIC_LIGHTS_Init(void)
  75             {
  76   1         // Master and slave must start in opposite states
  77   1         if (MASTER_SLAVE == MASTER)
  78   1            {
  79   2            Light_state_G = RED;
  80   2            }
  81   1         else
  82   1            {
  83   2            Light_state_G = GREEN;
  84   2            }
  85   1      
  86   1         // Display safe output until scheduler starts
  87   1         TRAFFIC_LIGHTS_Display_Safe_Output();
  88   1         }
  89          
  90          /*------------------------------------------------------------------*-
  91          
  92            TRAFFIC_LIGHTS_Update()
  93          
  94            Must be scheduled once per second.
  95          
  96          -*------------------------------------------------------------------*/
  97          void TRAFFIC_LIGHTS_Update(void)
  98             {
  99   1         static tWord Time_in_state;
 100   1      
 101   1         // Check for blown bulbs on master or slave
 102   1         TRAFFIC_LIGHTS_Check_for_Hardware_Faults();
 103   1      
 104   1         // This is the main update code
 105   1         switch (Light_state_G)
 106   1            {
 107   2            case RED: 
 108   2               {
 109   3               Red_light = ON;
 110   3               Amber_light = OFF;
 111   3               Green_light = OFF;
 112   3      
 113   3               if (++Time_in_state == RED_DURATION)
 114   3                  {
 115   4                  Light_state_G = RED_AMBER;
 116   4                  Time_in_state = 0;
 117   4                  }
C51 COMPILER V6.10  TLIGHT_B                                                               04/19/2001 14:10:30 PAGE 10  

 118   3      
 119   3               break;
 120   3               }
 121   2      
 122   2            case RED_AMBER: 
 123   2               {
 124   3               Red_light = ON;
 125   3               Amber_light = ON;
 126   3               Green_light = OFF;
 127   3      
 128   3               if (++Time_in_state == RED_AND_AMBER_DURATION)
 129   3                  {
 130   4                  Light_state_G = GREEN;
 131   4                  Time_in_state = 0;
 132   4                  }
 133   3      
 134   3               break;
 135   3               }
 136   2      
 137   2            case GREEN: 
 138   2               {
 139   3               Red_light = OFF;
 140   3               Amber_light = OFF;
 141   3               Green_light = ON;
 142   3      
 143   3               if (++Time_in_state == GREEN_DURATION)
 144   3                  {
 145   4                  Light_state_G = AMBER;
 146   4                  Time_in_state = 0;
 147   4                  }
 148   3      
 149   3               break;
 150   3               }
 151   2      
 152   2            case AMBER: 
 153   2               {
 154   3               Red_light = OFF;
 155   3               Amber_light = ON;
 156   3               Green_light = OFF;
 157   3      
 158   3               if (++Time_in_state == AMBER_DURATION)
 159   3                  {
 160   4                  Light_state_G = RED;
 161   4                  Time_in_state = 0;
 162   4                  }
 163   3      
 164   3               break;
 165   3               }
 166   2      
 167   2            case BULB_BLOWN: 
 168   2               {
 169   3               // Blown bulb detected
 170   3               // Switch all bulbs off
 171   3               // (Drivers won't be happy, but it will be clear
 172   3               //  that something is wrong)
 173   3               Red_light = OFF;
 174   3               Amber_light = OFF;
 175   3               Green_light = OFF;
 176   3      
 177   3               // We remain in this state until state
 178   3               // is changed manually, or system is reset
 179   3               break;
C51 COMPILER V6.10  TLIGHT_B                                                               04/19/2001 14:10:30 PAGE 11  

 180   3               }
 181   2            }
 182   1         }
 183          
 184          /*------------------------------------------------------------------*-
 185          
 186            TRAFFIC_LIGHTS_Check_for_Hardware_Faults()
 187          
 188            Tests for and reports errors.
 189          
 190          -*------------------------------------------------------------------*/
 191          bit TRAFFIC_LIGHTS_Check_for_Hardware_Faults(void) reentrant
 192             {
 193   1         tByte Return = RETURN_NORMAL;
 194   1      
 195   1         // Check the status of the other node
 196   1         if (MASTER_SLAVE == MASTER) 
 197   1            {
 198   2            // This is a master unit
 199   2            // - check the status of the slave unit
 200   2            if (Ack_message_data_G == RETURN_ERROR)
 201   2               {
 202   3               // A bulb has blown on the SLAVE unit
 203   3               Light_state_G = BULB_BLOWN;
 204   3               Return = RETURN_ERROR;
 205   3               }
 206   2            }
 207   1         else
 208   1            {
 209   2            // This is a slave unit
 210   2            // - check the status of the master unit
 211   2            if (Tick_message_data_G == RETURN_ERROR)
 212   2               {
 213   3               // A bulb has blown on the MASTER unit
 214   3               Light_state_G = BULB_BLOWN;
 215   3               Return = RETURN_ERROR;
 216   3               }
 217   2            }
 218   1      
 219   1         // We check the local bulb status every time
 220   1         if (TRAFFIC_LIGHTS_Check_Local_Bulb() == RETURN_ERROR)
 221   1            {
 222   2            Light_state_G = BULB_BLOWN;
 223   2      
 224   2            // Must report this to the other node!
 225   2            if (MASTER_SLAVE == MASTER)
 226   2               {
 227   3               Tick_message_data_G = RETURN_ERROR; 
 228   3               }
 229   2            else
 230   2               {
 231   3               Ack_message_data_G = RETURN_ERROR; 
 232   3               }
 233   2      
 234   2            Return = RETURN_ERROR;
 235   2            }
 236   1      
 237   1         return (bit) Return;
 238   1         }
 239          
 240          /*------------------------------------------------------------------*-
 241          
C51 COMPILER V6.10  TLIGHT_B                                                               04/19/2001 14:10:30 PAGE 12  

 242            TRAFFIC_LIGHTS_Check_Local_Bulb()
 243          
 244            Check the status of the local bulbs (DUMMY FUNCTION HERE)
 245          
 246          -*------------------------------------------------------------------*/
 247          bit TRAFFIC_LIGHTS_Check_Local_Bulb(void)
 248              {
 249   1          // This dummy function confirms the bulbs are OK
 250   1          //
 251   1          // - See Chapter 32 for complete version of this function.
 252   1          return RETURN_NORMAL;
 253   1          }
 254          
 255          /*------------------------------------------------------------------*-
 256          
 257            TRAFFIC_LIGHTS_Display_Safe_Output()
 258          
 259            Used in the event of system failure, etc.
 260          
 261          -*------------------------------------------------------------------*/
 262          void TRAFFIC_LIGHTS_Display_Safe_Output(void)
 263             {
 264   1         if (TRAFFIC_LIGHTS_Check_for_Hardware_Faults() == RETURN_NORMAL)
 265   1            {
 266   2            // Bulbs are OK on both nodes
 267   2            // - best thing to do is to display STOP
 268   2            Red_light = ON;
 269   2            Amber_light = OFF;
 270   2            Green_light = OFF;
 271   2            }
 272   1         else
 273   1            {
 274   2            // At least one bulb has blown 
 275   2            // - best thing we can do is extinguish all bulbs
 276   2            Red_light = OFF;
 277   2            Amber_light = OFF;
 278   2            Green_light = OFF;
 279   2            } 
 280   1         }
 281          
 282          /*------------------------------------------------------------------*-
 283            ---- END OF FILE -------------------------------------------------
 284          -*------------------------------------------------------------------*/
C51 COMPILER V6.10  TLIGHT_B                                                               04/19/2001 14:10:30 PAGE 13  

ASSEMBLY LISTING OF GENERATED OBJECT CODE


             ; FUNCTION TRAFFIC_LIGHTS_Init (BEGIN)
                                           ; SOURCE LINE # 74
                                           ; SOURCE LINE # 75
                                           ; SOURCE LINE # 77
                                           ; SOURCE LINE # 78
                                           ; SOURCE LINE # 79
0000 E4                CLR     A
0001 F500        R     MOV     Light_state_G,A
                                           ; SOURCE LINE # 80
                                           ; SOURCE LINE # 82
                                           ; SOURCE LINE # 83
                                           ; SOURCE LINE # 84
0003         ?C0002:
                                           ; SOURCE LINE # 87
0003 120000      R     LCALL   TRAFFIC_LIGHTS_Display_Safe_Outp
                                           ; SOURCE LINE # 88
0006 22                RET     
             ; FUNCTION TRAFFIC_LIGHTS_Init (END)

             ; FUNCTION TRAFFIC_LIGHTS_Update (BEGIN)
                                           ; SOURCE LINE # 97
                                           ; SOURCE LINE # 98
                                           ; SOURCE LINE # 102
0000 120000      R     LCALL   _?TRAFFIC_LIGHTS_Check_for_Hardwar
                                           ; SOURCE LINE # 105
0003 E500        R     MOV     A,Light_state_G
0005 14                DEC     A
0006 6029              JZ      ?C0007
0008 14                DEC     A
0009 6042              JZ      ?C0009
000B 14                DEC     A
000C 605B              JZ      ?C0011
000E 14                DEC     A
000F 6073              JZ      ?C0013
0011 2404              ADD     A,#04H
0013 7075              JNZ     ?C0014
                                           ; SOURCE LINE # 106
                                           ; SOURCE LINE # 107
0015         ?C0005:
                                           ; SOURCE LINE # 108
                                           ; SOURCE LINE # 109
0015 C2E8              CLR     Red_light
                                           ; SOURCE LINE # 110
0017 D2E9              SETB    Amber_light
                                           ; SOURCE LINE # 111
0019 D2EA              SETB    Green_light
                                           ; SOURCE LINE # 113
001B 0500        R     INC     Time_in_state+01H
001D E500        R     MOV     A,Time_in_state+01H
001F 7002              JNZ     ?C0027
0021 0500        R     INC     Time_in_state
0023         ?C0027:
0023 640A              XRL     A,#0AH
0025 4500        R     ORL     A,Time_in_state
0027 7061              JNZ     ?C0014
                                           ; SOURCE LINE # 114
                                           ; SOURCE LINE # 115
0029 750001      R     MOV     Light_state_G,#01H
                                           ; SOURCE LINE # 116
C51 COMPILER V6.10  TLIGHT_B                                                               04/19/2001 14:10:30 PAGE 14  

002C F500        R     MOV     Time_in_state,A
002E F500        R     MOV     Time_in_state+01H,A
                                           ; SOURCE LINE # 117
                                           ; SOURCE LINE # 119
0030 22                RET     
                                           ; SOURCE LINE # 120
                                           ; SOURCE LINE # 122
0031         ?C0007:
                                           ; SOURCE LINE # 123
                                           ; SOURCE LINE # 124
0031 C2E8              CLR     Red_light
                                           ; SOURCE LINE # 125
0033 C2E9              CLR     Amber_light
                                           ; SOURCE LINE # 126
0035 D2EA              SETB    Green_light
                                           ; SOURCE LINE # 128
0037 0500        R     INC     Time_in_state+01H
0039 E500        R     MOV     A,Time_in_state+01H
003B 7002              JNZ     ?C0028
003D 0500        R     INC     Time_in_state
003F         ?C0028:
003F 640A              XRL     A,#0AH
0041 4500        R     ORL     A,Time_in_state
0043 7045              JNZ     ?C0014
                                           ; SOURCE LINE # 129
                                           ; SOURCE LINE # 130
0045 750002      R     MOV     Light_state_G,#02H
                                           ; SOURCE LINE # 131
0048 F500        R     MOV     Time_in_state,A
004A F500        R     MOV     Time_in_state+01H,A
                                           ; SOURCE LINE # 132
                                           ; SOURCE LINE # 134
004C 22                RET     
                                           ; SOURCE LINE # 135
                                           ; SOURCE LINE # 137
004D         ?C0009:
                                           ; SOURCE LINE # 138
                                           ; SOURCE LINE # 139
004D D2E8              SETB    Red_light
                                           ; SOURCE LINE # 140
004F D2E9              SETB    Amber_light
                                           ; SOURCE LINE # 141
0051 C2EA              CLR     Green_light
                                           ; SOURCE LINE # 143
0053 0500        R     INC     Time_in_state+01H
0055 E500        R     MOV     A,Time_in_state+01H
0057 7002              JNZ     ?C0029
0059 0500        R     INC     Time_in_state
005B         ?C0029:
005B 640A              XRL     A,#0AH
005D 4500        R     ORL     A,Time_in_state
005F 7029              JNZ     ?C0014
                                           ; SOURCE LINE # 144
                                           ; SOURCE LINE # 145
0061 750003      R     MOV     Light_state_G,#03H
                                           ; SOURCE LINE # 146
0064 F500        R     MOV     Time_in_state,A
0066 F500        R     MOV     Time_in_state+01H,A
                                           ; SOURCE LINE # 147
                                           ; SOURCE LINE # 149
0068 22                RET     
                                           ; SOURCE LINE # 150
C51 COMPILER V6.10  TLIGHT_B                                                               04/19/2001 14:10:30 PAGE 15  

                                           ; SOURCE LINE # 152
0069         ?C0011:
                                           ; SOURCE LINE # 153
                                           ; SOURCE LINE # 154
0069 D2E8              SETB    Red_light
                                           ; SOURCE LINE # 155
006B C2E9              CLR     Amber_light
                                           ; SOURCE LINE # 156
006D D2EA              SETB    Green_light
                                           ; SOURCE LINE # 158
006F 0500        R     INC     Time_in_state+01H
0071 E500        R     MOV     A,Time_in_state+01H
0073 7002              JNZ     ?C0030
0075 0500        R     INC     Time_in_state
0077         ?C0030:
0077 640A              XRL     A,#0AH
0079 4500        R     ORL     A,Time_in_state
007B 700D              JNZ     ?C0014
                                           ; SOURCE LINE # 159
                                           ; SOURCE LINE # 160
007D F500        R     MOV     Light_state_G,A
                                           ; SOURCE LINE # 161
007F F500        R     MOV     Time_in_state,A
0081 F500        R     MOV     Time_in_state+01H,A
                                           ; SOURCE LINE # 162
                                           ; SOURCE LINE # 164
0083 22                RET     
                                           ; SOURCE LINE # 165
                                           ; SOURCE LINE # 167
0084         ?C0013:
                                           ; SOURCE LINE # 168
                                           ; SOURCE LINE # 173
0084 D2E8              SETB    Red_light
                                           ; SOURCE LINE # 174
0086 D2E9              SETB    Amber_light
                                           ; SOURCE LINE # 175
0088 D2EA              SETB    Green_light
                                           ; SOURCE LINE # 179
                                           ; SOURCE LINE # 180
                                           ; SOURCE LINE # 181
                                           ; SOURCE LINE # 182
008A         ?C0014:
008A 22                RET     
             ; FUNCTION TRAFFIC_LIGHTS_Update (END)

             ; FUNCTION _?TRAFFIC_LIGHTS_Check_for_Hardwar (BEGIN)
0000 1500        E     DEC     ?C_IBP
                                           ; SOURCE LINE # 191
                                           ; SOURCE LINE # 193
0002 A800        E     MOV     R0,?C_IBP
0004 E4                CLR     A
0005 F6                MOV     @R0,A
                                           ; SOURCE LINE # 196
                                           ; SOURCE LINE # 197
                                           ; SOURCE LINE # 200
0006 E500        E     MOV     A,Ack_message_data_G
0008 B40107            CJNE    A,#01H,?C0017
                                           ; SOURCE LINE # 201
                                           ; SOURCE LINE # 203
000B 750004      R     MOV     Light_state_G,#04H
                                           ; SOURCE LINE # 204
000E A800        E     MOV     R0,?C_IBP
C51 COMPILER V6.10  TLIGHT_B                                                               04/19/2001 14:10:30 PAGE 16  

0010 7601              MOV     @R0,#01H
                                           ; SOURCE LINE # 205
                                           ; SOURCE LINE # 206
                                           ; SOURCE LINE # 208
                                           ; SOURCE LINE # 211
                                           ; SOURCE LINE # 212
                                           ; SOURCE LINE # 214
                                           ; SOURCE LINE # 215
                                           ; SOURCE LINE # 216
                                           ; SOURCE LINE # 217
0012         ?C0017:
                                           ; SOURCE LINE # 220
0012 120000      R     LCALL   TRAFFIC_LIGHTS_Check_Local_Bulb
0015 500A              JNC     ?C0019
                                           ; SOURCE LINE # 221
                                           ; SOURCE LINE # 222
0017 750004      R     MOV     Light_state_G,#04H
                                           ; SOURCE LINE # 225
                                           ; SOURCE LINE # 226
                                           ; SOURCE LINE # 227
001A 750001      E     MOV     Tick_message_data_G,#01H
                                           ; SOURCE LINE # 228
                                           ; SOURCE LINE # 230
                                           ; SOURCE LINE # 231
                                           ; SOURCE LINE # 232
001D         ?C0021:
                                           ; SOURCE LINE # 234
001D A800        E     MOV     R0,?C_IBP
001F 7601              MOV     @R0,#01H
                                           ; SOURCE LINE # 235
0021         ?C0019:
                                           ; SOURCE LINE # 237
0021 A800        E     MOV     R0,?C_IBP
0023 E6                MOV     A,@R0
0024 24FF              ADD     A,#0FFH
                                           ; SOURCE LINE # 238
0026         ?C0022:
0026 C0D0              PUSH    PSW
0028 0500        E     INC     ?C_IBP
002A D0D0              POP     PSW
002C 22                RET     
             ; FUNCTION _?TRAFFIC_LIGHTS_Check_for_Hardwar (END)

             ; FUNCTION TRAFFIC_LIGHTS_Check_Local_Bulb (BEGIN)
                                           ; SOURCE LINE # 247
                                           ; SOURCE LINE # 248
                                           ; SOURCE LINE # 252
0000 C3                CLR     C
                                           ; SOURCE LINE # 253
0001         ?C0023:
0001 22                RET     
             ; FUNCTION TRAFFIC_LIGHTS_Check_Local_Bulb (END)

             ; FUNCTION TRAFFIC_LIGHTS_Display_Safe_Outp (BEGIN)
                                           ; SOURCE LINE # 262
                                           ; SOURCE LINE # 263
                                           ; SOURCE LINE # 264
0000 120000      R     LCALL   _?TRAFFIC_LIGHTS_Check_for_Hardwar
0003 4007              JC      ?C0024
                                           ; SOURCE LINE # 265
                                           ; SOURCE LINE # 268
0005 C2E8              CLR     Red_light
C51 COMPILER V6.10  TLIGHT_B                                                               04/19/2001 14:10:30 PAGE 17  

                                           ; SOURCE LINE # 269
0007 D2E9              SETB    Amber_light
                                           ; SOURCE LINE # 270
0009 D2EA              SETB    Green_light
                                           ; SOURCE LINE # 271
000B 22                RET     
000C         ?C0024:
                                           ; SOURCE LINE # 273
                                           ; SOURCE LINE # 276
000C D2E8              SETB    Red_light
                                           ; SOURCE LINE # 277
000E D2E9              SETB    Amber_light
                                           ; SOURCE LINE # 278
0010 D2EA              SETB    Green_light
                                           ; SOURCE LINE # 279
                                           ; SOURCE LINE # 280
0012         ?C0026:
0012 22                RET     
             ; FUNCTION TRAFFIC_LIGHTS_Display_Safe_Outp (END)

C51 COMPILER V6.10  TLIGHT_B                                                               04/19/2001 14:10:30 PAGE 18  

NAME                                    CLASS   MSPACE  TYPE    OFFSET  SIZE
====                                    =====   ======  ====    ======  ====


Ack_message_data_G . . . . . . . . . .  EXTERN   DATA   U_CHAR   -----  1
LED_pin. . . . . . . . . . . . . . . .  ABSBIT   -----  BIT      00EBH  1
T2I0 . . . . . . . . . . . . . . . . .  ABSBIT   -----  BIT      00C8H  1
T2I1 . . . . . . . . . . . . . . . . .  ABSBIT   -----  BIT      00C9H  1
P1 . . . . . . . . . . . . . . . . . .  SFR      DATA   U_CHAR   0090H  1
P3 . . . . . . . . . . . . . . . . . .  SFR      DATA   U_CHAR   00B0H  1
T0 . . . . . . . . . . . . . . . . . .  ABSBIT   -----  BIT      00B4H  1
AC . . . . . . . . . . . . . . . . . .  ABSBIT   -----  BIT      00D6H  1
P4 . . . . . . . . . . . . . . . . . .  SFR      DATA   U_CHAR   00E8H  1
T1 . . . . . . . . . . . . . . . . . .  ABSBIT   -----  BIT      00B5H  1
P5 . . . . . . . . . . . . . . . . . .  SFR      DATA   U_CHAR   00F8H  1
T2 . . . . . . . . . . . . . . . . . .  ABSBIT   -----  BIT      0097H  1
BD . . . . . . . . . . . . . . . . . .  ABSBIT   -----  BIT      00DFH  1
tLong. . . . . . . . . . . . . . . . .  TYPEDEF  -----  U_LONG   -----  4
T2R0 . . . . . . . . . . . . . . . . .  ABSBIT   -----  BIT      00CBH  1
T2R1 . . . . . . . . . . . . . . . . .  ABSBIT   -----  BIT      00CCH  1
BULB_BLOWN . . . . . . . . . . . . . .  E_CONST  -----  U_CHAR   -----  1
tByte. . . . . . . . . . . . . . . . .  TYPEDEF  -----  U_CHAR   -----  1
IEN0 . . . . . . . . . . . . . . . . .  SFR      DATA   U_CHAR   00A8H  1
EADC . . . . . . . . . . . . . . . . .  ABSBIT   -----  BIT      00B8H  1
IEN1 . . . . . . . . . . . . . . . . .  SFR      DATA   U_CHAR   00B8H  1
IADC . . . . . . . . . . . . . . . . .  ABSBIT   -----  BIT      00C0H  1
tWord. . . . . . . . . . . . . . . . .  TYPEDEF  -----  U_INT    -----  2
I2FR . . . . . . . . . . . . . . . . .  ABSBIT   -----  BIT      00CDH  1
I3FR . . . . . . . . . . . . . . . . .  ABSBIT   -----  BIT      00CEH  1
EXF2 . . . . . . . . . . . . . . . . .  ABSBIT   -----  BIT      00C7H  1
RD . . . . . . . . . . . . . . . . . .  ABSBIT   -----  BIT      00B7H  1
T2CM . . . . . . . . . . . . . . . . .  ABSBIT   -----  BIT      00CAH  1
ADCON0 . . . . . . . . . . . . . . . .  SFR      DATA   U_CHAR   00D8H  1
Red_light. . . . . . . . . . . . . . .  ABSBIT   -----  BIT      00E8H  1
ES . . . . . . . . . . . . . . . . . .  ABSBIT   -----  BIT      00ACH  1
IEX2 . . . . . . . . . . . . . . . . .  ABSBIT   -----  BIT      00C1H  1
IEX3 . . . . . . . . . . . . . . . . .  ABSBIT   -----  BIT      00C2H  1
IEX4 . . . . . . . . . . . . . . . . .  ABSBIT   -----  BIT      00C3H  1
RI . . . . . . . . . . . . . . . . . .  ABSBIT   -----  BIT      0098H  1
IEX5 . . . . . . . . . . . . . . . . .  ABSBIT   -----  BIT      00C4H  1
INT0 . . . . . . . . . . . . . . . . .  ABSBIT   -----  BIT      00B2H  1
CY . . . . . . . . . . . . . . . . . .  ABSBIT   -----  BIT      00D7H  1
IEX6 . . . . . . . . . . . . . . . . .  ABSBIT   -----  BIT      00C5H  1
TI . . . . . . . . . . . . . . . . . .  ABSBIT   -----  BIT      0099H  1
INT1 . . . . . . . . . . . . . . . . .  ABSBIT   -----  BIT      00B3H  1
INT2 . . . . . . . . . . . . . . . . .  ABSBIT   -----  BIT      0094H  1
INT3 . . . . . . . . . . . . . . . . .  ABSBIT   -----  BIT      0090H  1
INT4 . . . . . . . . . . . . . . . . .  ABSBIT   -----  BIT      0091H  1
INT5 . . . . . . . . . . . . . . . . .  ABSBIT   -----  BIT      0092H  1
INT6 . . . . . . . . . . . . . . . . .  ABSBIT   -----  BIT      0093H  1
ADEX . . . . . . . . . . . . . . . . .  ABSBIT   -----  BIT      00DDH  1
INT8 . . . . . . . . . . . . . . . . .  ABSBIT   -----  BIT      00EDH  1
T2EX . . . . . . . . . . . . . . . . .  ABSBIT   -----  BIT      0095H  1
RED_AMBER. . . . . . . . . . . . . . .  E_CONST  -----  U_CHAR   -----  1
OV . . . . . . . . . . . . . . . . . .  ABSBIT   -----  BIT      00D2H  1
Network_error_pin. . . . . . . . . . .  ABSBIT   -----  BIT      00ECH  1
Light_state_G. . . . . . . . . . . . .  STATIC   DATA   U_CHAR   0002H  1
TRAFFIC_LIGHTS_Init. . . . . . . . . .  PUBLIC   CODE   PROC     0000H  -----
TRAFFIC_LIGHTS_Check_Local_Bulb. . . .  PUBLIC   CODE   PROC     0000H  -----
WR . . . . . . . . . . . . . . . . . .  ABSBIT   -----  BIT      00B6H  1
T2PS . . . . . . . . . . . . . . . . .  ABSBIT   -----  BIT      00CFH  1
C51 COMPILER V6.10  TLIGHT_B                                                               04/19/2001 14:10:30 PAGE 19  

NAME                                    CLASS   MSPACE  TYPE    OFFSET  SIZE
====                                    =====   ======  ====    ======  ====


ADST . . . . . . . . . . . . . . . . .  ABSBIT   -----  BIT      00E8H  1
SCLK . . . . . . . . . . . . . . . . .  ABSBIT   -----  BIT      00E9H  1
RXDC . . . . . . . . . . . . . . . . .  ABSBIT   -----  BIT      00EFH  1
TXDC . . . . . . . . . . . . . . . . .  ABSBIT   -----  BIT      00EEH  1
SCON . . . . . . . . . . . . . . . . .  SFR      DATA   U_CHAR   0098H  1
TCON . . . . . . . . . . . . . . . . .  SFR      DATA   U_CHAR   0088H  1
CAN_error_pin0 . . . . . . . . . . . .  ABSBIT   -----  BIT      00FBH  1
CAN_error_pin1 . . . . . . . . . . . .  ABSBIT   -----  BIT      00FCH  1
CAN_error_pin2 . . . . . . . . . . . .  ABSBIT   -----  BIT      00FDH  1
IE0. . . . . . . . . . . . . . . . . .  ABSBIT   -----  BIT      0089H  1
IE1. . . . . . . . . . . . . . . . . .  ABSBIT   -----  BIT      008BH  1
SWDT . . . . . . . . . . . . . . . . .  ABSBIT   -----  BIT      00BEH  1
eLight_State . . . . . . . . . . . . .  TYPEDEF  -----  U_CHAR   -----  1
ET0. . . . . . . . . . . . . . . . . .  ABSBIT   -----  BIT      00A9H  1
ET1. . . . . . . . . . . . . . . . . .  ABSBIT   -----  BIT      00ABH  1
TF0. . . . . . . . . . . . . . . . . .  ABSBIT   -----  BIT      008DH  1
ET2. . . . . . . . . . . . . . . . . .  ABSBIT   -----  BIT      00ADH  1
TF1. . . . . . . . . . . . . . . . . .  ABSBIT   -----  BIT      008FH  1
TF2. . . . . . . . . . . . . . . . . .  ABSBIT   -----  BIT      00C6H  1
RB8. . . . . . . . . . . . . . . . . .  ABSBIT   -----  BIT      009AH  1
EX0. . . . . . . . . . . . . . . . . .  ABSBIT   -----  BIT      00A8H  1
IT0. . . . . . . . . . . . . . . . . .  ABSBIT   -----  BIT      0088H  1
TB8. . . . . . . . . . . . . . . . . .  ABSBIT   -----  BIT      009BH  1
EX1. . . . . . . . . . . . . . . . . .  ABSBIT   -----  BIT      00AAH  1
IT1. . . . . . . . . . . . . . . . . .  ABSBIT   -----  BIT      008AH  1
EX2. . . . . . . . . . . . . . . . . .  ABSBIT   -----  BIT      00B9H  1
P. . . . . . . . . . . . . . . . . . .  ABSBIT   -----  BIT      00D0H  1
SM0. . . . . . . . . . . . . . . . . .  ABSBIT   -----  BIT      009FH  1
EX3. . . . . . . . . . . . . . . . . .  ABSBIT   -----  BIT      00BAH  1
SM1. . . . . . . . . . . . . . . . . .  ABSBIT   -----  BIT      009EH  1
EX4. . . . . . . . . . . . . . . . . .  ABSBIT   -----  BIT      00BBH  1
ADM. . . . . . . . . . . . . . . . . .  ABSBIT   -----  BIT      00DBH  1
SM2. . . . . . . . . . . . . . . . . .  ABSBIT   -----  BIT      009DH  1
EX5. . . . . . . . . . . . . . . . . .  ABSBIT   -----  BIT      00BCH  1
EAL. . . . . . . . . . . . . . . . . .  ABSBIT   -----  BIT      00AFH  1
EX6. . . . . . . . . . . . . . . . . .  ABSBIT   -----  BIT      00BDH  1
CLKOUT . . . . . . . . . . . . . . . .  ABSBIT   -----  BIT      0096H  1
MX0. . . . . . . . . . . . . . . . . .  ABSBIT   -----  BIT      00D8H  1
RS0. . . . . . . . . . . . . . . . . .  ABSBIT   -----  BIT      00D3H  1
MX1. . . . . . . . . . . . . . . . . .  ABSBIT   -----  BIT      00D9H  1
TR0. . . . . . . . . . . . . . . . . .  ABSBIT   -----  BIT      008CH  1
RS1. . . . . . . . . . . . . . . . . .  ABSBIT   -----  BIT      00D4H  1
MX2. . . . . . . . . . . . . . . . . .  ABSBIT   -----  BIT      00DAH  1
TR1. . . . . . . . . . . . . . . . . .  ABSBIT   -----  BIT      008EH  1
TRAFFIC_LIGHTS_Display_Safe_Outp . . .  PUBLIC   CODE   PROC     0000H  -----
CLK. . . . . . . . . . . . . . . . . .  ABSBIT   -----  BIT      00DEH  1
RED. . . . . . . . . . . . . . . . . .  E_CONST  -----  U_CHAR   -----  1
EXEN2. . . . . . . . . . . . . . . . .  ABSBIT   -----  BIT      00BFH  1
Amber_light. . . . . . . . . . . . . .  ABSBIT   -----  BIT      00E9H  1
REN. . . . . . . . . . . . . . . . . .  ABSBIT   -----  BIT      009CH  1
T2CON. . . . . . . . . . . . . . . . .  SFR      DATA   U_CHAR   00C8H  1
_?TRAFFIC_LIGHTS_Check_for_Hardwar . .  PUBLIC   CODE   PROC     0000H  -----
  Return . . . . . . . . . . . . . . .  AUTO     IDATA  U_CHAR   0000H  1
AMBER. . . . . . . . . . . . . . . . .  E_CONST  -----  U_CHAR   -----  1
SRI. . . . . . . . . . . . . . . . . .  ABSBIT   -----  BIT      00EAH  1
BSY. . . . . . . . . . . . . . . . . .  ABSBIT   -----  BIT      00DCH  1
RXD. . . . . . . . . . . . . . . . . .  ABSBIT   -----  BIT      00B0H  1
C51 COMPILER V6.10  TLIGHT_B                                                               04/19/2001 14:10:30 PAGE 20  

NAME                                    CLASS   MSPACE  TYPE    OFFSET  SIZE
====                                    =====   ======  ====    ======  ====


Green_light. . . . . . . . . . . . . .  ABSBIT   -----  BIT      00EAH  1
WDT. . . . . . . . . . . . . . . . . .  ABSBIT   -----  BIT      00AEH  1
TXD. . . . . . . . . . . . . . . . . .  ABSBIT   -----  BIT      00B1H  1
GREEN. . . . . . . . . . . . . . . . .  E_CONST  -----  U_CHAR   -----  1
SLS. . . . . . . . . . . . . . . . . .  ABSBIT   -----  BIT      00ECH  1
F0 . . . . . . . . . . . . . . . . . .  ABSBIT   -----  BIT      00D5H  1
STO. . . . . . . . . . . . . . . . . .  ABSBIT   -----  BIT      00EBH  1
F1 . . . . . . . . . . . . . . . . . .  ABSBIT   -----  BIT      00D1H  1
TRAFFIC_LIGHTS_Update. . . . . . . . .  PUBLIC   CODE   PROC     0000H  -----
  Time_in_state. . . . . . . . . . . .  STATIC   DATA   U_INT    0000H  2
PSW. . . . . . . . . . . . . . . . . .  SFR      DATA   U_CHAR   00D0H  1
Tick_message_data_G. . . . . . . . . .  EXTERN   DATA   U_CHAR   -----  1
IRCON. . . . . . . . . . . . . . . . .  SFR      DATA   U_CHAR   00C0H  1


MODULE INFORMATION:   STATIC OVERLAYABLE
   CODE SIZE        =    212    ----
   CONSTANT SIZE    =   ----    ----
   XDATA SIZE       =   ----    ----
   PDATA SIZE       =   ----    ----
   DATA SIZE        =      3    ----
   IDATA SIZE       =   ----    ----
   BIT SIZE         =   ----    ----
END OF MODULE INFORMATION.


C51 COMPILATION COMPLETE.  0 WARNING(S),  0 ERROR(S)
