C51 COMPILER V6.10  MAIN                                                                   04/18/2001 14:01:14 PAGE 1   


C51 COMPILER V6.10, COMPILATION OF MODULE MAIN
OBJECT MODULE PLACED IN .\Main.OBJ
COMPILER INVOKED BY: C:\KEIL\C51\BIN\C51.EXE .\Main.c BROWSE DEBUG OBJECTEXTEND

stmt level    source

   1          /*------------------------------------------------------------------*-
   2          
   3             Main.c (v1.00)
   4          
   5            ------------------------------------------------------------------
   6          
   7             Framework for traffic-light controller (multi-state task).
   8           
   9             Required linker options (see text for details):
  10          
  11             OVERLAY (main ~ (TRAFFIC_LIGHTS_Update), 
  12             SCH_Dispatch_Tasks ! (TRAFFIC_LIGHTS_Update))
  13          
  14          
  15             COPYRIGHT
  16             ---------
  17          
  18             This code is from the book:
  19          
  20             PATTERNS FOR TIME-TRIGGERED EMBEDDED SYSTEMS by Michael J. Pont 
  21             [Pearson Education, 2001; ISBN: 0-201-33138-1].
  22          
  23             This code is copyright (c) 2001 by Michael J. Pont.
  24           
  25             See book for copyright details and other information.
  26          
  27          -*------------------------------------------------------------------*/
  28          
  29          #include "Main.h"
  30          
  31          #include "2_01_12g.h"
  32          #include "T_lights.h"
  33          
  34          /* ................................................................. */
  35          /* ................................................................. */
  36          
  37          void main(void)
  38             {
  39   1         // Set up the scheduler 
  40   1         SCH_Init_T2();
  41   1      
  42   1         // Prepare for the traffic light task
  43   1         TRAFFIC_LIGHTS_Init(RED);
  44   1      
  45   1         // Add a 'traffic light' task
  46   1         SCH_Add_Task(TRAFFIC_LIGHTS_Update, 30, 1000);
  47   1         
  48   1         // Start the scheduler
  49   1         SCH_Start();
  50   1      
  51   1         while(1)
  52   1            {
  53   2            SCH_Dispatch_Tasks();
  54   2            }
  55   1         }
C51 COMPILER V6.10  MAIN                                                                   04/18/2001 14:01:14 PAGE 2   

  56          
  57          /*------------------------------------------------------------------*-
  58            ---- END OF FILE -------------------------------------------------
  59          -*------------------------------------------------------------------*/


MODULE INFORMATION:   STATIC OVERLAYABLE
   CODE SIZE        =     31    ----
   CONSTANT SIZE    =   ----    ----
   XDATA SIZE       =   ----    ----
   PDATA SIZE       =   ----    ----
   DATA SIZE        =   ----    ----
   IDATA SIZE       =   ----    ----
   BIT SIZE         =   ----    ----
END OF MODULE INFORMATION.


C51 COMPILATION COMPLETE.  0 WARNING(S),  0 ERROR(S)
