C51 COMPILER V6.10  MAIN                                                                   04/19/2001 10:39:57 PAGE 1   


C51 COMPILER V6.10, COMPILATION OF MODULE MAIN
OBJECT MODULE PLACED IN .\MAIN.OBJ
COMPILER INVOKED BY: C:\KEIL\C51\BIN\C51.EXE .\MAIN.C OPTIMIZE(6,SPEED) BROWSE DEBUG OBJECTEXTEND

stmt level    source

   1          /*------------------------------------------------------------------*-
   2          
   3             Main.c (v1.00)
   4          
   5            ------------------------------------------------------------------
   6          
   7             Demo of hardware PRM.
   8          
   9           
  10             COPYRIGHT
  11             ---------
  12          
  13             This code is from the book:
  14          
  15             PATTERNS FOR TIME-TRIGGERED EMBEDDED SYSTEMS by Michael J. Pont 
  16             [Pearson Education, 2001; ISBN: 0-201-33138-1].
  17          
  18             This code is copyright (c) 2001 by Michael J. Pont.
  19           
  20             See book for copyright details and other information.
  21          
  22          -*------------------------------------------------------------------*/
  23          
  24          #include "Main.h"
  25          #include "PRM_Hard.h"
  26          
  27          
  28          // ------ Public variable declarations -----------------------------
  29          
  30          extern tWord PRM_reload_G;
  31          
  32          /* ............................................................... */
  33          /* ............................................................... */
  34          
  35          void main(void)
  36             {
  37   1         tLong Count = 0;
  38   1      
  39   1         PRM_Hardware_Init();
  40   1      
  41   1         while(1)
  42   1            {
  43   2            if (++Count > 10000UL)
  44   2               {
  45   3               // Slowly increase the PRM frequency
  46   3               PRM_reload_G++;
  47   3      
  48   3               PRM_Hardware_Update();
  49   3      
  50   3               Count = 0;
  51   3               }
  52   2            }
  53   1          }
  54          
  55          /*------------------------------------------------------------------*-
C51 COMPILER V6.10  MAIN                                                                   04/19/2001 10:39:57 PAGE 2   

  56            ---- END OF FILE -------------------------------------------------
  57          -*------------------------------------------------------------------*/
  58          
  59          
  60          
  61          
  62          


MODULE INFORMATION:   STATIC OVERLAYABLE
   CODE SIZE        =     53    ----
   CONSTANT SIZE    =   ----    ----
   XDATA SIZE       =   ----    ----
   PDATA SIZE       =   ----    ----
   DATA SIZE        =   ----       4
   IDATA SIZE       =   ----    ----
   BIT SIZE         =   ----    ----
END OF MODULE INFORMATION.


C51 COMPILATION COMPLETE.  0 WARNING(S),  0 ERROR(S)
