C51 COMPILER V6.10  MAIN                                                                   04/18/2001 16:09:32 PAGE 1   


C51 COMPILER V6.10, COMPILATION OF MODULE MAIN
OBJECT MODULE PLACED IN .\MAIN.OBJ
COMPILER INVOKED BY: C:\KEIL\C51\BIN\C51.EXE .\MAIN.C OPTIMIZE(6,SIZE) BROWSE DEBUG OBJECTEXTEND

stmt level    source

   1          /*------------------------------------------------------------------*-
   2          
   3             Main.c (v1.01)
   4          
   5            ------------------------------------------------------------------
   6          
   7             Test program for menu-driven PC link library, based on c515c
   8          
   9             Required linker options (see Chapter 14 for details):
  10          
  11             OVERLAY (main ~ (MENU_Command_Processor), 
  12             SCH_Dispatch_Tasks ! (MENU_Command_Processor))
  13          
  14          
  15             COPYRIGHT
  16             ---------
  17          
  18             This code is from the book:
  19          
  20             PATTERNS FOR TIME-TRIGGERED EMBEDDED SYSTEMS by Michael J. Pont 
  21             [Pearson Education, 2001; ISBN: 0-201-33138-1].
  22          
  23             This code is copyright (c) 2001 by Michael J. Pont.
  24           
  25             See book for copyright details and other information.
  26          
  27          -*------------------------------------------------------------------*/
  28          
  29          #include "Main.h"
  30          #include "2_01_10i.h"
  31          #include "PC_IO_in.h"
  32          #include "Menu_A.h"
  33          
  34          /* ............................................................... */
  35          /* ............................................................... */
  36          
  37          void main(void)
  38             {
  39   1         // Set up the scheduler
  40   1         SCH_Init_T2();
  41   1      
  42   1         // Set baud rate to 9600, using internal baud rate generator
  43   1         // Generic 8051 version
  44   1         PC_LINK_IO_Init_Internal(9600);
  45   1      
  46   1         // We have to schedule this task (10x a second is enough here)
  47   1         // - this checks if a character has been received by the USART
  48   1         // - if so, responds appropriately. 
  49   1         //
  50   1         // TIMING IS IN TICKS NOT MILLISECONDS (1 ms tick interval)
  51   1         SCH_Add_Task(MENU_Command_Processor,100,100);
  52   1      
  53   1         SCH_Start();
  54   1      
  55   1         while(1)
C51 COMPILER V6.10  MAIN                                                                   04/18/2001 16:09:32 PAGE 2   

  56   1            {
  57   2            SCH_Dispatch_Tasks();
  58   2            }
  59   1         }
  60          
  61          /*------------------------------------------------------------------*-
  62            ---- END OF FILE -------------------------------------------------
  63          -*------------------------------------------------------------------*/


MODULE INFORMATION:   STATIC OVERLAYABLE
   CODE SIZE        =     34    ----
   CONSTANT SIZE    =   ----    ----
   XDATA SIZE       =   ----    ----
   PDATA SIZE       =   ----    ----
   DATA SIZE        =   ----    ----
   IDATA SIZE       =   ----    ----
   BIT SIZE         =   ----    ----
END OF MODULE INFORMATION.


C51 COMPILATION COMPLETE.  0 WARNING(S),  0 ERROR(S)
