C51 COMPILER V6.10  CEN_HEAT                                                               04/18/2001 13:37:04 PAGE 1   


C51 COMPILER V6.10, COMPILATION OF MODULE CEN_HEAT
OBJECT MODULE PLACED IN .\CEN_HEAT.OBJ
COMPILER INVOKED BY: C:\KEIL\C51\BIN\C51.EXE .\CEN_HEAT.C OPTIMIZE(6,SPEED) BROWSE DEBUG OBJECTEXTEND

stmt level    source

   1          /*------------------------------------------------------------------*-
   2          
   3             Cen_Heat.C (v1.00)
   4          
   5            ------------------------------------------------------------------
   6          
   7             Framework for a central heating system using 'Super Loop'.
   8          
   9             [Compiles and runs but does nothing useful]
  10          
  11          
  12             COPYRIGHT
  13             ---------
  14          
  15             This code is from the book:
  16          
  17             PATTERNS FOR TIME-TRIGGERED EMBEDDED SYSTEMS by Michael J. Pont 
  18             [Pearson Education, 2001; ISBN: 0-201-33138-1].
  19          
  20             This code is copyright (c) 2001 by Michael J. Pont.
  21           
  22             See book for copyright details and other information.
  23          
  24          -*------------------------------------------------------------------*/
  25          
  26          /*------------------------------------------------------------------*/
  27          
  28          void C_HEAT_Init(void)
  29             {
  30   1         // User code here...
  31   1         }
  32          
  33          /*------------------------------------------------------------------*/
  34          
  35          void C_HEAT_Get_Required_Temperature(void)
  36             {
  37   1         // User code here...
  38   1         }
  39          
  40          /*------------------------------------------------------------------*/
  41          
  42          void C_HEAT_Get_Actual_temperature(void)
  43             {
  44   1         // User code here...
  45   1         }
  46          
  47          /*------------------------------------------------------------------*/
  48          
  49          void C_HEAT_Control_Boiler(void)
  50             {
  51   1         // User code here...
  52   1         }
  53          
  54          /*------------------------------------------------------------------*-
  55            ---- END OF FILE -------------------------------------------------
C51 COMPILER V6.10  CEN_HEAT                                                               04/18/2001 13:37:04 PAGE 2   

  56          -*------------------------------------------------------------------*/


MODULE INFORMATION:   STATIC OVERLAYABLE
   CODE SIZE        =      4    ----
   CONSTANT SIZE    =   ----    ----
   XDATA SIZE       =   ----    ----
   PDATA SIZE       =   ----    ----
   DATA SIZE        =   ----    ----
   IDATA SIZE       =   ----    ----
   BIT SIZE         =   ----    ----
END OF MODULE INFORMATION.


C51 COMPILATION COMPLETE.  0 WARNING(S),  0 ERROR(S)
