C51 COMPILER V6.10  MAIN                                                                   04/18/2001 13:37:06 PAGE 1   


C51 COMPILER V6.10, COMPILATION OF MODULE MAIN
OBJECT MODULE PLACED IN .\MAIN.OBJ
COMPILER INVOKED BY: C:\KEIL\C51\BIN\C51.EXE .\MAIN.C OPTIMIZE(6,SPEED) BROWSE DEBUG OBJECTEXTEND

stmt level    source

   1          /*------------------------------------------------------------------*-
   2          
   3             Main.C (v1.00)
   4          
   5            ------------------------------------------------------------------
   6          
   7             Central heating demo using 'Super Loop' and 'Hardware Watchdog'.
   8          
   9             [Compiles and runs but does nothing useful]
  10          
  11          
  12             COPYRIGHT
  13             ---------
  14          
  15             This code is from the book:
  16          
  17             PATTERNS FOR TIME-TRIGGERED EMBEDDED SYSTEMS by Michael J. Pont 
  18             [Pearson Education, 2001; ISBN: 0-201-33138-1].
  19          
  20             This code is copyright (c) 2001 by Michael J. Pont.
  21           
  22             See book for copyright details and other information.
  23          
  24          -*------------------------------------------------------------------*/
  25          
  26          #include "Cen_Heat.h"
  27          #include "Dog_AT.h"
  28          
  29          /*------------------------------------------------------------------*/
  30          void main(void)
  31             {
  32   1         // Init the system
  33   1         C_HEAT_Init();
  34   1      
  35   1         // Start the watchdog
  36   1         WATCHDOG_Init();
  37   1      
  38   1         while(1) // 'for ever' (Super Loop)
  39   1            {
  40   2            // Find out what temperature the user requires
  41   2            // (via the user interface)
  42   2            C_HEAT_Get_Required_Temperature();
  43   2      
  44   2            // Find out what the current room temperature is
  45   2            // (via temperature sensor)
  46   2            C_HEAT_Get_Actual_Temperature();
  47   2      
  48   2            // Adjust the gas burner, as required
  49   2            C_HEAT_Control_Boiler();
  50   2      
  51   2            // Feed the watchdog
  52   2            WATCHDOG_Feed();
  53   2            }
  54   1         }
  55          
C51 COMPILER V6.10  MAIN                                                                   04/18/2001 13:37:06 PAGE 2   

  56          /*------------------------------------------------------------------*-
  57            ---- END OF FILE -------------------------------------------------
  58          -*------------------------------------------------------------------*/


MODULE INFORMATION:   STATIC OVERLAYABLE
   CODE SIZE        =     21    ----
   CONSTANT SIZE    =   ----    ----
   XDATA SIZE       =   ----    ----
   PDATA SIZE       =   ----    ----
   DATA SIZE        =   ----    ----
   IDATA SIZE       =   ----    ----
   BIT SIZE         =   ----    ----
END OF MODULE INFORMATION.


C51 COMPILATION COMPLETE.  0 WARNING(S),  0 ERROR(S)
