C51 COMPILER V6.10  MAIN                                                                   04/19/2001 12:02:06 PAGE 1   


C51 COMPILER V6.10, COMPILATION OF MODULE MAIN
OBJECT MODULE PLACED IN .\MAIN.OBJ
COMPILER INVOKED BY: C:\KEIL\C51\BIN\C51.EXE .\MAIN.C OPTIMIZE(6,SPEED) BROWSE DEBUG OBJECTEXTEND

stmt level    source

   1          /*------------------------------------------------------------------*-
   2          
   3             Main.c (v1.00)
   4          
   5            ------------------------------------------------------------------
   6          
   7             Simple 'ADC to PWM' example program (c515c)
   8          
   9          
  10             COPYRIGHT
  11             ---------
  12          
  13             This code is from the book:
  14          
  15             PATTERNS FOR TIME-TRIGGERED EMBEDDED SYSTEMS by Michael J. Pont 
  16             [Pearson Education, 2001; ISBN: 0-201-33138-1].
  17          
  18             This code is copyright (c) 2001 by Michael J. Pont.
  19           
  20             See book for copyright details and other information.
  21          
  22          -*------------------------------------------------------------------*/
  23          
  24          #include "Main.h"
  25          
  26          #include "ADC_515c.h"
  27          #include "PWM_515c.h"               
  28          
  29          extern tByte Analog_G;
  30          
  31          /* ............................................................... */
  32          /* ............................................................... */
  33          
  34          void main()
  35             {
  36   1         AD_Init(); 
  37   1         PWM_Init_T2();
  38   1      
  39   1         while(1)
  40   1            {
  41   2            AD_Get_Sample();
  42   2            PWM_Update_T2(Analog_G);
  43   2            }     
  44   1         }   
  45          
  46          /*------------------------------------------------------------------*-
  47            ---- END OF FILE -------------------------------------------------
  48          -*------------------------------------------------------------------*/
  49          
  50          


MODULE INFORMATION:   STATIC OVERLAYABLE
   CODE SIZE        =     17    ----
   CONSTANT SIZE    =   ----    ----
C51 COMPILER V6.10  MAIN                                                                   04/19/2001 12:02:06 PAGE 2   

   XDATA SIZE       =   ----    ----
   PDATA SIZE       =   ----    ----
   DATA SIZE        =   ----    ----
   IDATA SIZE       =   ----    ----
   BIT SIZE         =   ----    ----
END OF MODULE INFORMATION.


C51 COMPILATION COMPLETE.  0 WARNING(S),  0 ERROR(S)
