C51 COMPILER V6.10  PC_O_IN                                                                04/18/2001 16:17:20 PAGE 1   


C51 COMPILER V6.10, COMPILATION OF MODULE PC_O_IN
OBJECT MODULE PLACED IN .\PC_O_in.OBJ
COMPILER INVOKED BY: C:\KEIL\C51\BIN\C51.EXE .\PC_O_in.c OPTIMIZE(6,SPEED) BROWSE DEBUG OBJECTEXTEND SYMBOLS

stmt level    source

   1          /*------------------------------------------------------------------*-
   2          
   3             PC_O_in.C (v1.01)
   4          
   5            ------------------------------------------------------------------
   6          
   7             Simple PC link library version B (for c515c, internal baud rate)
   8          
   9             Uses the USART, and Pin 3.1 (Tx) 
  10          
  11             See text for details (Chapter 18).
  12          
  13          
  14             COPYRIGHT
  15             ---------
  16          
  17             This code is from the book:
  18          
  19             PATTERNS FOR TIME-TRIGGERED EMBEDDED SYSTEMS by Michael J. Pont 
  20             [Pearson Education, 2001; ISBN: 0-201-33138-1].
  21          
  22             This code is copyright (c) 2001 by Michael J. Pont.
  23           
  24             See book for copyright details and other information.
  25          
  26          -*------------------------------------------------------------------*/
  27          
  28          #include "Main.h"
  29          #include "PC_O_in.h"
  30          
  31          // ------ Public variable declarations -----------------------------
  32          
  33          extern tByte Out_written_index_G;  
  34          extern tByte Out_waiting_index_G;  
  35          
  36          /*------------------------------------------------------------------*-
  37          
  38            PC_LINK_O_Init_Internal()
  39          
  40            This version uses internal baud rate generator on C5x5 family.
  41          
  42          -*------------------------------------------------------------------*/
  43          void PC_LINK_O_Init_Internal(const tWord BAUD_RATE)
  44             {
  45   1         tWord SRELplus1024;
  46   1         tWord SRELx;
  47   1      
  48   1         PCON &= 0x7F;   // Set SMOD bit to 0 (don't double baud rates)
  49   1      
  50   1         //  Receiver disabled
  51   1         //  8-bit data, 1 start bit, 1 stop bit, variable baud rate (asynchronous)
  52   1         SCON = 0x42;
  53   1      
  54   1         // Use the internal baudrate generator (80c5x5 family)
  55   1         ADCON0 |= 0x80;
C51 COMPILER V6.10  PC_O_IN                                                                04/18/2001 16:17:20 PAGE 2   

  56   1      
  57   1         // Set the baud rate (begin)
  58   1         SRELplus1024 = (tWord)((((tLong) OSC_FREQ / 100) * 3125) 
  59   1                           / ((tLong) BAUD_RATE * 1000));
  60   1      
  61   1         SRELx = 1024 - SRELplus1024;
  62   1      
  63   1         SRELL = (tByte)(SRELx & 0x00FF);
  64   1         SRELH = (tByte)((SRELx & 0x0300) >> 8);
  65   1      
  66   1         TI = 1;
  67   1         // Set the baud rate (end)
  68   1      
  69   1         // Set up the buffers for writing
  70   1         Out_written_index_G = 0;
  71   1         Out_waiting_index_G = 0;
  72   1      
  73   1         PC_LINK_O_Write_String_To_Buffer("Serial OK.\n");
  74   1      
  75   1         // Serial interrupt *NOT* enabled
  76   1         ES = 0;
  77   1         }
  78          
  79          /*------------------------------------------------------------------*-
  80            ---- END OF FILE -------------------------------------------------
  81          -*------------------------------------------------------------------*/
  82          
  83          
  84          
C51 COMPILER V6.10  PC_O_IN                                                                04/18/2001 16:17:20 PAGE 3   

NAME                                    CLASS   MSPACE  TYPE    OFFSET  SIZE
====                                    =====   ======  ====    ======  ====


T2I0 . . . . . . . . . . . . . . . . .  ABSBIT   -----  BIT      00C8H  1
SRELH. . . . . . . . . . . . . . . . .  SFR      DATA   U_CHAR   00BAH  1
T2I1 . . . . . . . . . . . . . . . . .  ABSBIT   -----  BIT      00C9H  1
P1 . . . . . . . . . . . . . . . . . .  SFR      DATA   U_CHAR   0090H  1
P3 . . . . . . . . . . . . . . . . . .  SFR      DATA   U_CHAR   00B0H  1
T0 . . . . . . . . . . . . . . . . . .  ABSBIT   -----  BIT      00B4H  1
AC . . . . . . . . . . . . . . . . . .  ABSBIT   -----  BIT      00D6H  1
SRELL. . . . . . . . . . . . . . . . .  SFR      DATA   U_CHAR   00AAH  1
P4 . . . . . . . . . . . . . . . . . .  SFR      DATA   U_CHAR   00E8H  1
T1 . . . . . . . . . . . . . . . . . .  ABSBIT   -----  BIT      00B5H  1
T2 . . . . . . . . . . . . . . . . . .  ABSBIT   -----  BIT      0097H  1
BD . . . . . . . . . . . . . . . . . .  ABSBIT   -----  BIT      00DFH  1
tLong. . . . . . . . . . . . . . . . .  TYPEDEF  -----  U_LONG   -----  4
T2R0 . . . . . . . . . . . . . . . . .  ABSBIT   -----  BIT      00CBH  1
T2R1 . . . . . . . . . . . . . . . . .  ABSBIT   -----  BIT      00CCH  1
tByte. . . . . . . . . . . . . . . . .  TYPEDEF  -----  U_CHAR   -----  1
IEN0 . . . . . . . . . . . . . . . . .  SFR      DATA   U_CHAR   00A8H  1
EADC . . . . . . . . . . . . . . . . .  ABSBIT   -----  BIT      00B8H  1
IEN1 . . . . . . . . . . . . . . . . .  SFR      DATA   U_CHAR   00B8H  1
IADC . . . . . . . . . . . . . . . . .  ABSBIT   -----  BIT      00C0H  1
tWord. . . . . . . . . . . . . . . . .  TYPEDEF  -----  U_INT    -----  2
I2FR . . . . . . . . . . . . . . . . .  ABSBIT   -----  BIT      00CDH  1
I3FR . . . . . . . . . . . . . . . . .  ABSBIT   -----  BIT      00CEH  1
EXF2 . . . . . . . . . . . . . . . . .  ABSBIT   -----  BIT      00C7H  1
RD . . . . . . . . . . . . . . . . . .  ABSBIT   -----  BIT      00B7H  1
T2CM . . . . . . . . . . . . . . . . .  ABSBIT   -----  BIT      00CAH  1
ADCON0 . . . . . . . . . . . . . . . .  SFR      DATA   U_CHAR   00D8H  1
ES . . . . . . . . . . . . . . . . . .  ABSBIT   -----  BIT      00ACH  1
IEX2 . . . . . . . . . . . . . . . . .  ABSBIT   -----  BIT      00C1H  1
IEX3 . . . . . . . . . . . . . . . . .  ABSBIT   -----  BIT      00C2H  1
IEX4 . . . . . . . . . . . . . . . . .  ABSBIT   -----  BIT      00C3H  1
RI . . . . . . . . . . . . . . . . . .  ABSBIT   -----  BIT      0098H  1
IEX5 . . . . . . . . . . . . . . . . .  ABSBIT   -----  BIT      00C4H  1
INT0 . . . . . . . . . . . . . . . . .  ABSBIT   -----  BIT      00B2H  1
CY . . . . . . . . . . . . . . . . . .  ABSBIT   -----  BIT      00D7H  1
IEX6 . . . . . . . . . . . . . . . . .  ABSBIT   -----  BIT      00C5H  1
TI . . . . . . . . . . . . . . . . . .  ABSBIT   -----  BIT      0099H  1
INT1 . . . . . . . . . . . . . . . . .  ABSBIT   -----  BIT      00B3H  1
INT2 . . . . . . . . . . . . . . . . .  ABSBIT   -----  BIT      0094H  1
INT3 . . . . . . . . . . . . . . . . .  ABSBIT   -----  BIT      0090H  1
INT4 . . . . . . . . . . . . . . . . .  ABSBIT   -----  BIT      0091H  1
INT5 . . . . . . . . . . . . . . . . .  ABSBIT   -----  BIT      0092H  1
INT6 . . . . . . . . . . . . . . . . .  ABSBIT   -----  BIT      0093H  1
ADEX . . . . . . . . . . . . . . . . .  ABSBIT   -----  BIT      00DDH  1
INT8 . . . . . . . . . . . . . . . . .  ABSBIT   -----  BIT      00EDH  1
T2EX . . . . . . . . . . . . . . . . .  ABSBIT   -----  BIT      0095H  1
OV . . . . . . . . . . . . . . . . . .  ABSBIT   -----  BIT      00D2H  1
WR . . . . . . . . . . . . . . . . . .  ABSBIT   -----  BIT      00B6H  1
T2PS . . . . . . . . . . . . . . . . .  ABSBIT   -----  BIT      00CFH  1
ADST . . . . . . . . . . . . . . . . .  ABSBIT   -----  BIT      00E8H  1
SCLK . . . . . . . . . . . . . . . . .  ABSBIT   -----  BIT      00E9H  1
PCON . . . . . . . . . . . . . . . . .  SFR      DATA   U_CHAR   0087H  1
RXDC . . . . . . . . . . . . . . . . .  ABSBIT   -----  BIT      00EFH  1
TXDC . . . . . . . . . . . . . . . . .  ABSBIT   -----  BIT      00EEH  1
SCON . . . . . . . . . . . . . . . . .  SFR      DATA   U_CHAR   0098H  1
Out_waiting_index_G. . . . . . . . . .  EXTERN   DATA   U_CHAR   -----  1
TCON . . . . . . . . . . . . . . . . .  SFR      DATA   U_CHAR   0088H  1
C51 COMPILER V6.10  PC_O_IN                                                                04/18/2001 16:17:20 PAGE 4   

NAME                                    CLASS   MSPACE  TYPE    OFFSET  SIZE
====                                    =====   ======  ====    ======  ====


IE0. . . . . . . . . . . . . . . . . .  ABSBIT   -----  BIT      0089H  1
IE1. . . . . . . . . . . . . . . . . .  ABSBIT   -----  BIT      008BH  1
SWDT . . . . . . . . . . . . . . . . .  ABSBIT   -----  BIT      00BEH  1
ET0. . . . . . . . . . . . . . . . . .  ABSBIT   -----  BIT      00A9H  1
ET1. . . . . . . . . . . . . . . . . .  ABSBIT   -----  BIT      00ABH  1
TF0. . . . . . . . . . . . . . . . . .  ABSBIT   -----  BIT      008DH  1
ET2. . . . . . . . . . . . . . . . . .  ABSBIT   -----  BIT      00ADH  1
TF1. . . . . . . . . . . . . . . . . .  ABSBIT   -----  BIT      008FH  1
_PC_LINK_O_Init_Internal . . . . . . .  PUBLIC   CODE   PROC     0000H  -----
  BAUD_RATE. . . . . . . . . . . . . .  * REG *  DATA   U_INT    0006H  2
  SRELplus1024 . . . . . . . . . . . .  * REG *  DATA   U_INT    0006H  2
  SRELx. . . . . . . . . . . . . . . .  * REG *  DATA   U_INT    0006H  2
TF2. . . . . . . . . . . . . . . . . .  ABSBIT   -----  BIT      00C6H  1
RB8. . . . . . . . . . . . . . . . . .  ABSBIT   -----  BIT      009AH  1
EX0. . . . . . . . . . . . . . . . . .  ABSBIT   -----  BIT      00A8H  1
IT0. . . . . . . . . . . . . . . . . .  ABSBIT   -----  BIT      0088H  1
TB8. . . . . . . . . . . . . . . . . .  ABSBIT   -----  BIT      009BH  1
EX1. . . . . . . . . . . . . . . . . .  ABSBIT   -----  BIT      00AAH  1
IT1. . . . . . . . . . . . . . . . . .  ABSBIT   -----  BIT      008AH  1
Out_written_index_G. . . . . . . . . .  EXTERN   DATA   U_CHAR   -----  1
EX2. . . . . . . . . . . . . . . . . .  ABSBIT   -----  BIT      00B9H  1
P. . . . . . . . . . . . . . . . . . .  ABSBIT   -----  BIT      00D0H  1
SM0. . . . . . . . . . . . . . . . . .  ABSBIT   -----  BIT      009FH  1
EX3. . . . . . . . . . . . . . . . . .  ABSBIT   -----  BIT      00BAH  1
SM1. . . . . . . . . . . . . . . . . .  ABSBIT   -----  BIT      009EH  1
EX4. . . . . . . . . . . . . . . . . .  ABSBIT   -----  BIT      00BBH  1
ADM. . . . . . . . . . . . . . . . . .  ABSBIT   -----  BIT      00DBH  1
SM2. . . . . . . . . . . . . . . . . .  ABSBIT   -----  BIT      009DH  1
EX5. . . . . . . . . . . . . . . . . .  ABSBIT   -----  BIT      00BCH  1
EAL. . . . . . . . . . . . . . . . . .  ABSBIT   -----  BIT      00AFH  1
EX6. . . . . . . . . . . . . . . . . .  ABSBIT   -----  BIT      00BDH  1
CLKOUT . . . . . . . . . . . . . . . .  ABSBIT   -----  BIT      0096H  1
MX0. . . . . . . . . . . . . . . . . .  ABSBIT   -----  BIT      00D8H  1
RS0. . . . . . . . . . . . . . . . . .  ABSBIT   -----  BIT      00D3H  1
MX1. . . . . . . . . . . . . . . . . .  ABSBIT   -----  BIT      00D9H  1
TR0. . . . . . . . . . . . . . . . . .  ABSBIT   -----  BIT      008CH  1
RS1. . . . . . . . . . . . . . . . . .  ABSBIT   -----  BIT      00D4H  1
MX2. . . . . . . . . . . . . . . . . .  ABSBIT   -----  BIT      00DAH  1
TR1. . . . . . . . . . . . . . . . . .  ABSBIT   -----  BIT      008EH  1
CLK. . . . . . . . . . . . . . . . . .  ABSBIT   -----  BIT      00DEH  1
_PC_LINK_O_Write_String_To_Buffer. . .  EXTERN   CODE   PROC     -----  -----
EXEN2. . . . . . . . . . . . . . . . .  ABSBIT   -----  BIT      00BFH  1
REN. . . . . . . . . . . . . . . . . .  ABSBIT   -----  BIT      009CH  1
T2CON. . . . . . . . . . . . . . . . .  SFR      DATA   U_CHAR   00C8H  1
SRI. . . . . . . . . . . . . . . . . .  ABSBIT   -----  BIT      00EAH  1
BSY. . . . . . . . . . . . . . . . . .  ABSBIT   -----  BIT      00DCH  1
RXD. . . . . . . . . . . . . . . . . .  ABSBIT   -----  BIT      00B0H  1
WDT. . . . . . . . . . . . . . . . . .  ABSBIT   -----  BIT      00AEH  1
TXD. . . . . . . . . . . . . . . . . .  ABSBIT   -----  BIT      00B1H  1
SLS. . . . . . . . . . . . . . . . . .  ABSBIT   -----  BIT      00ECH  1
F0 . . . . . . . . . . . . . . . . . .  ABSBIT   -----  BIT      00D5H  1
STO. . . . . . . . . . . . . . . . . .  ABSBIT   -----  BIT      00EBH  1
F1 . . . . . . . . . . . . . . . . . .  ABSBIT   -----  BIT      00D1H  1
PSW. . . . . . . . . . . . . . . . . .  SFR      DATA   U_CHAR   00D0H  1
IRCON. . . . . . . . . . . . . . . . .  SFR      DATA   U_CHAR   00C0H  1


MODULE INFORMATION:   STATIC OVERLAYABLE
C51 COMPILER V6.10  PC_O_IN                                                                04/18/2001 16:17:20 PAGE 5   

   CODE SIZE        =     75    ----
   CONSTANT SIZE    =     12    ----
   XDATA SIZE       =   ----    ----
   PDATA SIZE       =   ----    ----
   DATA SIZE        =   ----    ----
   IDATA SIZE       =   ----    ----
   BIT SIZE         =   ----    ----
END OF MODULE INFORMATION.


C51 COMPILATION COMPLETE.  0 WARNING(S),  0 ERROR(S)
