C51 COMPILER V6.10  MAIN                                                                   04/10/2001 11:50:52 PAGE 1   


C51 COMPILER V6.10, COMPILATION OF MODULE MAIN
OBJECT MODULE PLACED IN .\MAIN.OBJ
COMPILER INVOKED BY: C:\KEIL\C51\BIN\C51.EXE .\MAIN.C OPTIMIZE(6,SIZE) BROWSE DEBUG OBJECTEXTEND

stmt level    source

   1          /*------------------------------------------------------------------*-
   2          
   3             Main.c (v1.00)
   4          
   5            ------------------------------------------------------------------
   6          
   7             Test program for menu-driven 3-level PWM library.
   8          
   9             Linker options:
  10          
  11             OVERLAY (main ~ (PWM_3_Command_Processor), 
  12             SCH_Dispatch_Tasks ! (PWM_3_Command_Processor))
  13          
  14          
  15             COPYRIGHT
  16             ---------
  17          
  18             This code is from the book:
  19          
  20             PATTERNS FOR TIME-TRIGGERED EMBEDDED SYSTEMS by Michael J. Pont 
  21             [Pearson Education, 2001; ISBN: 0-201-33138-1].
  22          
  23             This code is copyright (c) 2001 by Michael J. Pont.
  24           
  25             See book for copyright details and other information.
  26          
  27          -*------------------------------------------------------------------*/
  28          
  29          #include "Main.h"
  30          
  31          #include "0_05_11g.h"
  32          #include "PC_IO_T1.h"
  33          #include "PWM_3.h"
  34          
  35          /* ............................................................... */
  36          /* ............................................................... */
  37          
  38          void main(void)
  39             {
  40   1         // Set up the scheduler
  41   1         SCH_Init_T0();
  42   1      
  43   1         // Set baud rate to 9600: generic 8051 version
  44   1         PC_LINK_IO_Init_T1(9600);
  45   1      
  46   1         // We have to schedule this task (10x - 100x a second)
  47   1         //
  48   1         // TIMING IS IN TICKS NOT MILLISECONDS (5 ms tick interval)
  49   1         SCH_Add_Task(PWM_3_Command_Processor, 10, 2);
  50   1      
  51   1         SCH_Start();
  52   1      
  53   1         while(1)
  54   1            {
  55   2            // Displays error codes on P4 (see Sch51.C)
C51 COMPILER V6.10  MAIN                                                                   04/10/2001 11:50:52 PAGE 2   

  56   2            SCH_Dispatch_Tasks();
  57   2            }
  58   1         }
  59          
  60          /*------------------------------------------------------------------*-
  61            ---- END OF FILE -------------------------------------------------
  62          -*------------------------------------------------------------------*/


MODULE INFORMATION:   STATIC OVERLAYABLE
   CODE SIZE        =     34    ----
   CONSTANT SIZE    =   ----    ----
   XDATA SIZE       =   ----    ----
   PDATA SIZE       =   ----    ----
   DATA SIZE        =   ----    ----
   IDATA SIZE       =   ----    ----
   BIT SIZE         =   ----    ----
END OF MODULE INFORMATION.


C51 COMPILATION COMPLETE.  0 WARNING(S),  0 ERROR(S)
