C51 COMPILER V6.10  MAIN                                                                   04/18/2001 18:01:11 PAGE 1   


C51 COMPILER V6.10, COMPILATION OF MODULE MAIN
OBJECT MODULE PLACED IN .\MAIN.OBJ
COMPILER INVOKED BY: C:\KEIL\C51\BIN\C51.EXE .\MAIN.C BROWSE DEBUG OBJECTEXTEND

stmt level    source

   1          /*------------------------------------------------------------------*-
   2          
   3             Main.c (v1.00)
   4          
   5            ------------------------------------------------------------------
   6          
   7             Demo program for bargraph display
   8          
   9          
  10             COPYRIGHT
  11             ---------
  12          
  13             This code is from the book:
  14          
  15             PATTERNS FOR TIME-TRIGGERED EMBEDDED SYSTEMS by Michael J. Pont 
  16             [Pearson Education, 2001; ISBN: 0-201-33138-1].
  17          
  18             This code is copyright (c) 2001 by Michael J. Pont.
  19           
  20             See book for copyright details and other information.
  21          
  22          -*------------------------------------------------------------------*/
  23          
  24          #include "Main.h"
  25          #include "Bargraph.h"
  26          
  27          // ------ Public variable declarations -----------------------------
  28          
  29          extern tBargraph Data_G;
  30          
  31          /* ............................................................... */
  32          /* ............................................................... */
  33          
  34          void main(void)
  35             {
  36   1         tWord x;
  37   1      
  38   1         BARGRAPH_Init();
  39   1      
  40   1         while(1)
  41   1            {
  42   2            if (++x == 1000)
  43   2               {
  44   3               x = 0;
  45   3               Data_G++;
  46   3               }
  47   2      
  48   2            BARGRAPH_Update();
  49   2            }
  50   1         }
  51          
  52          /*------------------------------------------------------------------*-
  53            ---- END OF FILE -------------------------------------------------
  54          -*------------------------------------------------------------------*/
  55          
C51 COMPILER V6.10  MAIN                                                                   04/18/2001 18:01:11 PAGE 2   



MODULE INFORMATION:   STATIC OVERLAYABLE
   CODE SIZE        =     32    ----
   CONSTANT SIZE    =   ----    ----
   XDATA SIZE       =   ----    ----
   PDATA SIZE       =   ----    ----
   DATA SIZE        =   ----       2
   IDATA SIZE       =   ----    ----
   BIT SIZE         =   ----    ----
END OF MODULE INFORMATION.


C51 COMPILATION COMPLETE.  0 WARNING(S),  0 ERROR(S)
