C51 COMPILER V6.10  MAIN                                                                   04/18/2001 16:08:38 PAGE 1   


C51 COMPILER V6.10, COMPILATION OF MODULE MAIN
OBJECT MODULE PLACED IN .\MAIN.OBJ
COMPILER INVOKED BY: C:\KEIL\C51\BIN\C51.EXE .\MAIN.C OPTIMIZE(6,SIZE) BROWSE DEBUG OBJECTEXTEND

stmt level    source

   1          /*------------------------------------------------------------------*-
   2          
   3             Main.c (v1.01)
   4          
   5            ------------------------------------------------------------------
   6          
   7             Test program for menu-driven PC link library.
   8          
   9             Uses 12 MHz crystal, *T2* for baud rate -> 9600 baud.
  10          
  11             Required linker options (see Chapter 14 for details):
  12          
  13             OVERLAY (main ~ (MENU_Command_Processor), 
  14             SCH_Dispatch_Tasks ! (MENU_Command_Processor))
  15          
  16          
  17             COPYRIGHT
  18             ---------
  19          
  20             This code is from the book:
  21          
  22             PATTERNS FOR TIME-TRIGGERED EMBEDDED SYSTEMS by Michael J. Pont 
  23             [Pearson Education, 2001; ISBN: 0-201-33138-1].
  24          
  25             This code is copyright (c) 2001 by Michael J. Pont.
  26           
  27             See book for copyright details and other information.
  28          
  29          -*------------------------------------------------------------------*/
  30          
  31          #include "Main.h"
  32          #include "0_01_12g.h"
  33          #include "PC_IO_T2.h"
  34          #include "Menu_A.h"
  35          
  36          /* ............................................................... */
  37          /* ............................................................... */
  38          
  39          void main(void)
  40             {
  41   1         // Set up the scheduler
  42   1         SCH_Init_T0();
  43   1      
  44   1         // Set baud rate to 9600 using T2
  45   1         PC_LINK_IO_Init_T2(9600);
  46   1      
  47   1         // We have to schedule this task (10x - 100x a second)
  48   1         //
  49   1         // TIMING IS IN TICKS NOT MILLISECONDS (5 ms tick interval)
  50   1         SCH_Add_Task(MENU_Command_Processor,10,2);
  51   1      
  52   1         SCH_Start();
  53   1      
  54   1         while(1)
  55   1            {
C51 COMPILER V6.10  MAIN                                                                   04/18/2001 16:08:38 PAGE 2   

  56   2            // Displays error codes on P4 (see Sch51.C)
  57   2            SCH_Dispatch_Tasks();
  58   2            }
  59   1         }
  60          
  61          /*------------------------------------------------------------------*-
  62            ---- END OF FILE -------------------------------------------------
  63          -*------------------------------------------------------------------*/


MODULE INFORMATION:   STATIC OVERLAYABLE
   CODE SIZE        =     34    ----
   CONSTANT SIZE    =   ----    ----
   XDATA SIZE       =   ----    ----
   PDATA SIZE       =   ----    ----
   DATA SIZE        =   ----    ----
   IDATA SIZE       =   ----    ----
   BIT SIZE         =   ----    ----
END OF MODULE INFORMATION.


C51 COMPILATION COMPLETE.  0 WARNING(S),  0 ERROR(S)
