C51 COMPILER V6.10  MAIN                                                                   04/19/2001 12:09:39 PAGE 1   


C51 COMPILER V6.10, COMPILATION OF MODULE MAIN
OBJECT MODULE PLACED IN .\MAIN.OBJ
COMPILER INVOKED BY: C:\KEIL\C51\BIN\C51.EXE .\MAIN.C BROWSE DEBUG OBJECTEXTEND

stmt level    source

   1          /*------------------------------------------------------------------*-
   2          
   3             Main.c (v1.00)
   4          
   5            ------------------------------------------------------------------
   6          
   7             Demo program for PID function with windup protection: 
   8             see Chapter 35 for details.
   9          
  10             [Intended simply to allow function timing]
  11          
  12          
  13             COPYRIGHT
  14             ---------
  15          
  16             This code is from the book:
  17          
  18             PATTERNS FOR TIME-TRIGGERED EMBEDDED SYSTEMS by Michael J. Pont 
  19             [Pearson Education, 2001; ISBN: 0-201-33138-1].
  20          
  21             This code is copyright (c) 2001 by Michael J. Pont.
  22           
  23             See book for copyright details and other information.
  24          
  25          -*------------------------------------------------------------------*/
  26          
  27          #include "Main.h"
  28          #include "PID_wf1.h"
  29          
  30          /* ............................................................... */
  31          /* ............................................................... */
  32          
  33          void main(void)
  34             {
  35   1         float x,y,z;
  36   1      
  37   1         while(1)
  38   1            {
  39   2            x = PID_Control(y,z);
  40   2            }
  41   1         }
  42          
  43          /*------------------------------------------------------------------*-
  44            ---- END OF FILE -------------------------------------------------
  45          -*------------------------------------------------------------------*/
  46          


MODULE INFORMATION:   STATIC OVERLAYABLE
   CODE SIZE        =     33    ----
   CONSTANT SIZE    =   ----    ----
   XDATA SIZE       =   ----    ----
   PDATA SIZE       =   ----    ----
   DATA SIZE        =   ----      12
   IDATA SIZE       =   ----    ----
C51 COMPILER V6.10  MAIN                                                                   04/19/2001 12:09:39 PAGE 2   

   BIT SIZE         =   ----    ----
END OF MODULE INFORMATION.


C51 COMPILATION COMPLETE.  0 WARNING(S),  0 ERROR(S)
