C51 COMPILER V6.10  MAIN                                                                   04/18/2001 14:01:42 PAGE 1   


C51 COMPILER V6.10, COMPILATION OF MODULE MAIN
OBJECT MODULE PLACED IN .\Main.OBJ
COMPILER INVOKED BY: C:\KEIL\C51\BIN\C51.EXE .\Main.c BROWSE DEBUG OBJECTEXTEND

stmt level    source

   1          /*------------------------------------------------------------------*-
   2          
   3             Main.C (v1.00)
   4          
   5            ------------------------------------------------------------------
   6          
   7             Framework for washing-machine controller (multi-state task).
   8          
   9             Required linker options (see Chapter 14 for details):
  10          
  11             OVERLAY (main ~ (WASHER_Update), 
  12             SCH_dispatch_tasks ! (WASHER_Update))
  13             
  14          
  15             COPYRIGHT
  16             ---------
  17          
  18             This code is from the book:
  19          
  20             PATTERNS FOR TIME-TRIGGERED EMBEDDED SYSTEMS by Michael J. Pont 
  21             [Pearson Education, 2001; ISBN: 0-201-33138-1].
  22          
  23             This code is copyright (c) 2001 by Michael J. Pont.
  24           
  25             See book for copyright details and other information.
  26          
  27          -*------------------------------------------------------------------*/
  28          
  29          #include "Main.H"
  30          #include "Washer.H"
  31          #include "2_01_12g.h" 
  32          
  33          /* ............................................................... */
  34          
  35          void main(void)
  36             {
  37   1         // Set up the scheduler
  38   1         SCH_Init_T2();
  39   1      
  40   1         // Prepare for the 'WASHER_Update' task
  41   1         WASHER_Init();
  42   1      
  43   1         // Add the 'WASHER_Update' task 
  44   1         // - timings are in ticks (1 ms tick interval)
  45   1         SCH_Add_Task(WASHER_Update, 0, 1000);
  46   1      
  47   1         // Start the scheduler
  48   1         SCH_Start();
  49   1      
  50   1         while(1)
  51   1            {
  52   2            SCH_Dispatch_Tasks();
  53   2            }
  54   1         }
  55          
C51 COMPILER V6.10  MAIN                                                                   04/18/2001 14:01:42 PAGE 2   

  56          /*------------------------------------------------------------------*-
  57            ---- END OF FILE -------------------------------------------------
  58          -*------------------------------------------------------------------*/


MODULE INFORMATION:   STATIC OVERLAYABLE
   CODE SIZE        =     28    ----
   CONSTANT SIZE    =   ----    ----
   XDATA SIZE       =   ----    ----
   PDATA SIZE       =   ----    ----
   DATA SIZE        =   ----    ----
   IDATA SIZE       =   ----    ----
   BIT SIZE         =   ----    ----
END OF MODULE INFORMATION.


C51 COMPILATION COMPLETE.  0 WARNING(S),  0 ERROR(S)
