C51 COMPILER V6.10  MAIN                                                                   04/18/2001 13:58:57 PAGE 1   


C51 COMPILER V6.10, COMPILATION OF MODULE MAIN
OBJECT MODULE PLACED IN .\Main.OBJ
COMPILER INVOKED BY: C:\KEIL\C51\BIN\C51.EXE .\Main.c OPTIMIZE(0,SIZE) BROWSE DEBUG OBJECTEXTEND

stmt level    source

   1          /*------------------------------------------------------------------*-
   2          
   3             Main.C (v1.00)
   4          
   5            ------------------------------------------------------------------
   6          
   7             Testing timeout loops.
   8          
   9          
  10             COPYRIGHT
  11             ---------
  12          
  13             This code is from the book:
  14          
  15             PATTERNS FOR TIME-TRIGGERED EMBEDDED SYSTEMS by Michael J. Pont 
  16             [Pearson Education, 2001; ISBN: 0-201-33138-1].
  17          
  18             This code is copyright (c) 2001 by Michael J. Pont.
  19           
  20             See book for copyright details and other information.
  21          
  22          -*------------------------------------------------------------------*/
  23          
  24          #include "Main.H"
  25          #include "TimeoutL.H"
  26          
  27          // Function prototypes
  28          void Test_1ms(void); 
  29          void Test_10ms(void); 
  30          void Test_500ms(void); 
  31          
  32          /*------------------------------------------------------------------*/
  33          void main(void)
  34             {
  35   1         while(1) 
  36   1            {
  37   2            Test_1ms();  
  38   2            Test_10ms();  
  39   2            Test_500ms();  
  40   2            }
  41   1         }
  42          
  43          /*------------------------------------------------------------------*/
  44          void Test_1ms(void)
  45             {
  46   1         tWord Timeout_loop = LOOP_TIMEOUT_INIT_001ms;
  47   1      
  48   1         // Simple loop timeout...
  49   1         while (++Timeout_loop != 0);
  50   1         }
  51          /*------------------------------------------------------------------*/
  52          void Test_10ms(void)
  53             {
  54   1         tWord Timeout_loop = LOOP_TIMEOUT_INIT_010ms;
  55   1      
C51 COMPILER V6.10  MAIN                                                                   04/18/2001 13:58:57 PAGE 2   

  56   1         // Simple loop timeout...
  57   1         while (++Timeout_loop != 0);
  58   1         }
  59          
  60          /*------------------------------------------------------------------*/
  61          void Test_500ms(void)
  62             {
  63   1         tWord Timeout_loop = LOOP_TIMEOUT_INIT_500ms;
  64   1      
  65   1         // Simple loop timeout...
  66   1         while (++Timeout_loop != 0);
  67   1         }
  68          
  69          /*------------------------------------------------------------------*-
  70            ---- END OF FILE -------------------------------------------------
  71          -*------------------------------------------------------------------*/


MODULE INFORMATION:   STATIC OVERLAYABLE
   CODE SIZE        =     78    ----
   CONSTANT SIZE    =   ----    ----
   XDATA SIZE       =   ----    ----
   PDATA SIZE       =   ----    ----
   DATA SIZE        =      6    ----
   IDATA SIZE       =   ----    ----
   BIT SIZE         =   ----    ----
END OF MODULE INFORMATION.


C51 COMPILATION COMPLETE.  0 WARNING(S),  0 ERROR(S)
