C51 COMPILER V6.10  SCH51                                                                  04/18/2001 16:48:04 PAGE 1   


C51 COMPILER V6.10, COMPILATION OF MODULE SCH51
OBJECT MODULE PLACED IN .\SCH51.OBJ
COMPILER INVOKED BY: C:\KEIL\C51\BIN\C51.EXE .\SCH51.C OPTIMIZE(6,SIZE) BROWSE DEBUG OBJECTEXTEND CODE LISTINCLUDE SYMBO
                    -LS

stmt level    source

   1          /*------------------------------------------------------------------*-
   2          
   3             SCH51.C (v1.00) 
   4          
   5            ------------------------------------------------------------------
   6          
   7             *** THESE ARE THE CORE SCHEDULER FUNCTIONS ***
   8             --- These functions may be used with all 8051 devices ---
   9          
  10             *** SCH_MAX_TASKS *must* be set by the user ***
  11             --- see "Sch51.H" ---
  12          
  13             *** Includes (optional) power-saving mode ***
  14             --- You must ensure that the power-down mode is adapted ---
  15             --- to match your chosen device (or disabled altogether) ---
  16          
  17          
  18             COPYRIGHT
  19             ---------
  20          
  21             This code is from the book:
  22          
  23             PATTERNS FOR TIME-TRIGGERED EMBEDDED SYSTEMS by Michael J. Pont 
  24             [Pearson Education, 2001; ISBN: 0-201-33138-1].
  25          
  26             This code is copyright (c) 2001 by Michael J. Pont.
  27           
  28             See book for copyright details and other information.
  29          
  30          -*------------------------------------------------------------------*/
  31          
  32          #include "Main.h"
   1      =1  /*------------------------------------------------------------------*-
   2      =1  
   3      =1     Main.H (v1.00)
   4      =1  
   5      =1    ------------------------------------------------------------------
   6      =1     
   7      =1     'Project Header' (see Chap 9) for project SCI_Dm (see Chap 26)
   8      =1  
   9      =1  
  10      =1     COPYRIGHT
  11      =1     ---------
  12      =1  
  13      =1     This code is from the book:
  14      =1  
  15      =1     PATTERNS FOR TIME-TRIGGERED EMBEDDED SYSTEMS by Michael J. Pont 
  16      =1     [Pearson Education, 2001; ISBN: 0-201-33138-1].
  17      =1  
  18      =1     This code is copyright (c) 2001 by Michael J. Pont.
  19      =1   
  20      =1     See book for copyright details and other information.
  21      =1  
  22      =1  -*------------------------------------------------------------------*/
C51 COMPILER V6.10  SCH51                                                                  04/18/2001 16:48:04 PAGE 2   

  23      =1  
  24      =1  #ifndef _MAIN_H
  25      =1  #define _MAIN_H
  26      =1  
  27      =1  //------------------------------------------------------------------
  28      =1  // WILL NEED TO EDIT THIS SECTION FOR EVERY PROJECT
  29      =1  //------------------------------------------------------------------
  30      =1  
  31      =1  // Must include the appropriate microcontroller header file here
  32      =1  #include <AT89x52.h>
   1      =2  /*--------------------------------------------------------------------------
   2      =2  AT89X52.H
   3      =2  
   4      =2  Header file for the low voltage Flash Atmel AT89C52 and AT89LV52.
   5      =2  Copyright (c) 1995-1996 Keil Software, Inc.  All rights reserved.
   6      =2  --------------------------------------------------------------------------*/
   7      =2  
   8      =2  #ifndef AT89X52_HEADER_FILE
   9      =2  #define AT89X52_HEADER_FILE 1
  10      =2  
  11      =2  /*------------------------------------------------
  12      =2  Byte Registers
  13      =2  ------------------------------------------------*/
  14      =2  sfr P0      = 0x80;
  15      =2  sfr SP      = 0x81;
  16      =2  sfr DPL     = 0x82;
  17      =2  sfr DPH     = 0x83;
  18      =2  sfr PCON    = 0x87;
  19      =2  sfr TCON    = 0x88;
  20      =2  sfr TMOD    = 0x89;
  21      =2  sfr TL0     = 0x8A;
  22      =2  sfr TL1     = 0x8B;
  23      =2  sfr TH0     = 0x8C;
  24      =2  sfr TH1     = 0x8D;
  25      =2  sfr P1      = 0x90;
  26      =2  sfr SCON    = 0x98;
  27      =2  sfr SBUF    = 0x99;
  28      =2  sfr P2      = 0xA0;
  29      =2  sfr IE      = 0xA8;
  30      =2  sfr P3      = 0xB0;
  31      =2  sfr IP      = 0xB8;
  32      =2  sfr T2CON   = 0xC8;
  33      =2  sfr T2MOD   = 0xC9;
  34      =2  sfr RCAP2L  = 0xCA;
  35      =2  sfr RCAP2H  = 0xCB;
  36      =2  sfr TL2     = 0xCC;
  37      =2  sfr TH2     = 0xCD;
  38      =2  sfr PSW     = 0xD0;
  39      =2  sfr ACC     = 0xE0;
  40      =2  sfr B       = 0xF0;
  41      =2  
  42      =2  /*------------------------------------------------
  43      =2  P0 Bit Registers
  44      =2  ------------------------------------------------*/
  45      =2  sbit P0_0 = 0x80;
  46      =2  sbit P0_1 = 0x81;
  47      =2  sbit P0_2 = 0x82;
  48      =2  sbit P0_3 = 0x83;
  49      =2  sbit P0_4 = 0x84;
  50      =2  sbit P0_5 = 0x85;
  51      =2  sbit P0_6 = 0x86;
  52      =2  sbit P0_7 = 0x87;
C51 COMPILER V6.10  SCH51                                                                  04/18/2001 16:48:04 PAGE 3   

  53      =2  
  54      =2  /*------------------------------------------------
  55      =2  PCON Bit Values
  56      =2  ------------------------------------------------*/
  57      =2  #define IDL_    0x01
  58      =2  
  59      =2  #define STOP_   0x02
  60      =2  #define PD_     0x02    /* Alternate definition */
  61      =2  
  62      =2  #define GF0_    0x04
  63      =2  #define GF1_    0x08
  64      =2  #define SMOD_   0x80
  65      =2  
  66      =2  /*------------------------------------------------
  67      =2  TCON Bit Registers
  68      =2  ------------------------------------------------*/
  69      =2  sbit IT0  = 0x88;
  70      =2  sbit IE0  = 0x89;
  71      =2  sbit IT1  = 0x8A;
  72      =2  sbit IE1  = 0x8B;
  73      =2  sbit TR0  = 0x8C;
  74      =2  sbit TF0  = 0x8D;
  75      =2  sbit TR1  = 0x8E;
  76      =2  sbit TF1  = 0x8F;
  77      =2  
  78      =2  /*------------------------------------------------
  79      =2  TMOD Bit Values
  80      =2  ------------------------------------------------*/
  81      =2  #define T0_M0_   0x01
  82      =2  #define T0_M1_   0x02
  83      =2  #define T0_CT_   0x04
  84      =2  #define T0_GATE_ 0x08
  85      =2  #define T1_M0_   0x10
  86      =2  #define T1_M1_   0x20
  87      =2  #define T1_CT_   0x40
  88      =2  #define T1_GATE_ 0x80
  89      =2  
  90      =2  #define T1_MASK_ 0xF0
  91      =2  #define T0_MASK_ 0x0F
  92      =2  
  93      =2  /*------------------------------------------------
  94      =2  P1 Bit Registers
  95      =2  ------------------------------------------------*/
  96      =2  sbit P1_0 = 0x90;
  97      =2  sbit P1_1 = 0x91;
  98      =2  sbit P1_2 = 0x92;
  99      =2  sbit P1_3 = 0x93;
 100      =2  sbit P1_4 = 0x94;
 101      =2  sbit P1_5 = 0x95;
 102      =2  sbit P1_6 = 0x96;
 103      =2  sbit P1_7 = 0x97;
 104      =2  
 105      =2  sbit T2   = 0x90;       /* External input to Timer/Counter 2, clock out */
 106      =2  sbit T2EX = 0x91;       /* Timer/Counter 2 capture/reload trigger & dir ctl */
 107      =2  
 108      =2  /*------------------------------------------------
 109      =2  SCON Bit Registers
 110      =2  ------------------------------------------------*/
 111      =2  sbit RI   = 0x98;
 112      =2  sbit TI   = 0x99;
 113      =2  sbit RB8  = 0x9A;
 114      =2  sbit TB8  = 0x9B;
C51 COMPILER V6.10  SCH51                                                                  04/18/2001 16:48:04 PAGE 4   

 115      =2  sbit REN  = 0x9C;
 116      =2  sbit SM2  = 0x9D;
 117      =2  sbit SM1  = 0x9E;
 118      =2  sbit SM0  = 0x9F;
 119      =2  
 120      =2  /*------------------------------------------------
 121      =2  P2 Bit Registers
 122      =2  ------------------------------------------------*/
 123      =2  sbit P2_0 = 0xA0;
 124      =2  sbit P2_1 = 0xA1;
 125      =2  sbit P2_2 = 0xA2;
 126      =2  sbit P2_3 = 0xA3;
 127      =2  sbit P2_4 = 0xA4;
 128      =2  sbit P2_5 = 0xA5;
 129      =2  sbit P2_6 = 0xA6;
 130      =2  sbit P2_7 = 0xA7;
 131      =2  
 132      =2  /*------------------------------------------------
 133      =2  IE Bit Registers
 134      =2  ------------------------------------------------*/
 135      =2  sbit EX0  = 0xA8;       /* 1=Enable External interrupt 0 */
 136      =2  sbit ET0  = 0xA9;       /* 1=Enable Timer 0 interrupt */
 137      =2  sbit EX1  = 0xAA;       /* 1=Enable External interrupt 1 */
 138      =2  sbit ET1  = 0xAB;       /* 1=Enable Timer 1 interrupt */
 139      =2  sbit ES   = 0xAC;       /* 1=Enable Serial port interrupt */
 140      =2  sbit ET2  = 0xAD;       /* 1=Enable Timer 2 interrupt */
 141      =2  
 142      =2  sbit EA   = 0xAF;       /* 0=Disable all interrupts */
 143      =2  
 144      =2  /*------------------------------------------------
 145      =2  P3 Bit Registers (Mnemonics & Ports)
 146      =2  ------------------------------------------------*/
 147      =2  sbit P3_0 = 0xB0;
 148      =2  sbit P3_1 = 0xB1;
 149      =2  sbit P3_2 = 0xB2;
 150      =2  sbit P3_3 = 0xB3;
 151      =2  sbit P3_4 = 0xB4;
 152      =2  sbit P3_5 = 0xB5;
 153      =2  sbit P3_6 = 0xB6;
 154      =2  sbit P3_7 = 0xB7;
 155      =2  
 156      =2  sbit RXD  = 0xB0;       /* Serial data input */
 157      =2  sbit TXD  = 0xB1;       /* Serial data output */
 158      =2  sbit INT0 = 0xB2;       /* External interrupt 0 */
 159      =2  sbit INT1 = 0xB3;       /* External interrupt 1 */
 160      =2  sbit T0   = 0xB4;       /* Timer 0 external input */
 161      =2  sbit T1   = 0xB5;       /* Timer 1 external input */
 162      =2  sbit WR   = 0xB6;       /* External data memory write strobe */
 163      =2  sbit RD   = 0xB7;       /* External data memory read strobe */
 164      =2  
 165      =2  /*------------------------------------------------
 166      =2  IP Bit Registers
 167      =2  ------------------------------------------------*/
 168      =2  sbit PX0  = 0xB8;
 169      =2  sbit PT0  = 0xB9;
 170      =2  sbit PX1  = 0xBA;
 171      =2  sbit PT1  = 0xBB;
 172      =2  sbit PS   = 0xBC;
 173      =2  sbit PT2  = 0xBD;
 174      =2  
 175      =2  /*------------------------------------------------
 176      =2  T2CON Bit Registers
C51 COMPILER V6.10  SCH51                                                                  04/18/2001 16:48:04 PAGE 5   

 177      =2  ------------------------------------------------*/
 178      =2  sbit CP_RL2= 0xC8;      /* 0=Reload, 1=Capture select */
 179      =2  sbit C_T2 = 0xC9;       /* 0=Timer, 1=Counter */
 180      =2  sbit TR2  = 0xCA;       /* 0=Stop timer, 1=Start timer */
 181      =2  sbit EXEN2= 0xCB;       /* Timer 2 external enable */
 182      =2  sbit TCLK = 0xCC;       /* 0=Serial clock uses Timer 1 overflow, 1=Timer 2 */
 183      =2  sbit RCLK = 0xCD;       /* 0=Serial clock uses Timer 1 overflow, 1=Timer 2 */
 184      =2  sbit EXF2 = 0xCE;       /* Timer 2 external flag */
 185      =2  sbit TF2  = 0xCF;       /* Timer 2 overflow flag */
 186      =2  
 187      =2  /*------------------------------------------------
 188      =2  T2MOD Bit Values
 189      =2  ------------------------------------------------*/
 190      =2  #define DCEN_   0x01    /* 1=Timer 2 can be configured as up/down counter */
 191      =2  #define T2OE_   0x02    /* Timer 2 output enable */
 192      =2  
 193      =2  /*------------------------------------------------
 194      =2  PSW Bit Registers
 195      =2  ------------------------------------------------*/
 196      =2  sbit P    = 0xD0;
 197      =2  sbit FL   = 0xD1;
 198      =2  sbit OV   = 0xD2;
 199      =2  sbit RS0  = 0xD3;
 200      =2  sbit RS1  = 0xD4;
 201      =2  sbit F0   = 0xD5;
 202      =2  sbit AC   = 0xD6;
 203      =2  sbit CY   = 0xD7;
 204      =2  
 205      =2  /*------------------------------------------------
 206      =2  Interrupt Vectors:
 207      =2  Interrupt Address = (Number * 8) + 3
 208      =2  ------------------------------------------------*/
 209      =2  #define IE0_VECTOR	0  /* 0x03 External Interrupt 0 */
 210      =2  #define TF0_VECTOR	1  /* 0x0B Timer 0 */
 211      =2  #define IE1_VECTOR	2  /* 0x13 External Interrupt 1 */
 212      =2  #define TF1_VECTOR	3  /* 0x1B Timer 1 */
 213      =2  #define SIO_VECTOR	4  /* 0x23 Serial port */
 214      =2  
 215      =2  #define TF2_VECTOR	5  /* 0x2B Timer 2 */
 216      =2  #define EX2_VECTOR	5  /* 0x2B External Interrupt 2 */
 217      =2  
 218      =2  /*------------------------------------------------
 219      =2  ------------------------------------------------*/
 220      =2  #endif
 221      =2  
 222      =2  
  33      =1  
  34      =1  // Include oscillator / chip details here 
  35      =1  // (essential if generic delays / timeouts are used)
  36      =1  //  -
  37      =1  // Oscillator / resonator frequency (in Hz) e.g. (11059200UL)
  38      =1  #define OSC_FREQ (12000000UL)
  39      =1  
  40      =1  // Number of oscillations per instruction (4, 6 or 12)
  41      =1  // 12 - Original 8051 / 8052 and numerous modern versions
  42      =1  //  6 - Various Infineon and Philips devices, etc.
  43      =1  //  4 - Dallas, etc.
  44      =1  //
  45      =1  // Take care with Dallas devices 
  46      =1  // - Timers default to *12* osc ticks unless CKCON is modified 
  47      =1  // - If using generic code on a Dallas device, use 12 here
  48      =1  #define OSC_PER_INST (12)
C51 COMPILER V6.10  SCH51                                                                  04/18/2001 16:48:04 PAGE 6   

  49      =1  
  50      =1  //------------------------------------------------------------------
  51      =1  // SHOULD NOT NEED TO EDIT THE SECTIONS BELOW
  52      =1  //------------------------------------------------------------------
  53      =1  typedef unsigned char tByte;
  54      =1  typedef unsigned int  tWord;
  55      =1  typedef unsigned long tLong;
  56      =1  
  57      =1  // Misc #defines
  58      =1  #ifndef TRUE
  59      =1  #define FALSE 0
  60      =1  #define TRUE (!FALSE)
  61      =1  #endif
  62      =1  
  63      =1  #define RETURN_NORMAL (bit) 0
  64      =1  #define RETURN_ERROR (bit) 1
  65      =1  
  66      =1  
  67      =1  //------------------------------------------------------------------
  68      =1  // Interrupts
  69      =1  // - see Chapter 13.  
  70      =1  //------------------------------------------------------------------
  71      =1  
  72      =1  // Generic 8051/52 timer interrupts (used in most schedulers)
  73      =1  #define INTERRUPT_Timer_0_Overflow 1
  74      =1  #define INTERRUPT_Timer_1_Overflow 3
  75      =1  #define INTERRUPT_Timer_2_Overflow 5
  76      =1  
  77      =1  // Additional interrupts (used in shared-clock schedulers)
  78      =1  #define INTERRUPT_EXTERNAL_0 0
  79      =1  #define INTERRUPT_EXTERNAL_1 2
  80      =1  #define INTERRUPT_UART_Rx_Tx 4
  81      =1  #define INTERRUPT_CAN_c515c 17
  82      =1  
  83      =1  //------------------------------------------------------------------
  84      =1  // Error codes 
  85      =1  // - see Chapter 14. 
  86      =1  //------------------------------------------------------------------
  87      =1  
  88      =1  #define ERROR_SCH_TOO_MANY_TASKS (1)
  89      =1  #define ERROR_SCH_CANNOT_DELETE_TASK (2)
  90      =1  
  91      =1  #define ERROR_SCH_WAITING_FOR_SLAVE_TO_ACK (3)
  92      =1  #define ERROR_SCH_WAITING_FOR_START_COMMAND_FROM_MASTER (3)
  93      =1  
  94      =1  #define ERROR_SCH_ONE_OR_MORE_SLAVES_DID_NOT_START (4)
  95      =1  #define ERROR_SCH_LOST_SLAVE (5)
  96      =1  
  97      =1  #define ERROR_SCH_CAN_BUS_ERROR (6)
  98      =1  
  99      =1  #define ERROR_I2C_WRITE_BYTE (10)
 100      =1  #define ERROR_I2C_READ_BYTE (11)
 101      =1  #define ERROR_I2C_WRITE_BYTE_AT24C64 (12)
 102      =1  #define ERROR_I2C_READ_BYTE_AT24C64 (13)
 103      =1  #define ERROR_I2C_DS1621 (14)
 104      =1  
 105      =1  #define ERROR_USART_TI (21)
 106      =1  #define ERROR_USART_WRITE_CHAR (22)
 107      =1  
 108      =1  #define ERROR_SPI_EXCHANGE_BYTES_TIMEOUT (31)
 109      =1  #define ERROR_SPI_X25_TIMEOUT (32)
 110      =1  #define ERROR_SPI_MAX1110_TIMEOUT (33)
C51 COMPILER V6.10  SCH51                                                                  04/18/2001 16:48:04 PAGE 7   

 111      =1  
 112      =1  #define ERROR_ADC_MAX150_TIMEOUT (44)
 113      =1  
 114      =1  #endif
 115      =1  
 116      =1  /*------------------------------------------------------------------*-
 117      =1    ---- END OF FILE -------------------------------------------------
 118      =1  -*------------------------------------------------------------------*/
  33          #include "Port.h"
   1      =1  /*------------------------------------------------------------------*-
   2      =1  
   3      =1     Port.H (v1.00)
   4      =1  
   5      =1    ------------------------------------------------------------------
   6      =1  
   7      =1    'Port Header' (see Chap 10) for the project SCI_DM (Chap 26)
   8      =1  
   9      =1  
  10      =1     COPYRIGHT
  11      =1     ---------
  12      =1  
  13      =1     This code is from the book:
  14      =1  
  15      =1     PATTERNS FOR TIME-TRIGGERED EMBEDDED SYSTEMS by Michael J. Pont 
  16      =1     [Pearson Education, 2001; ISBN: 0-201-33138-1].
  17      =1  
  18      =1     This code is copyright (c) 2001 by Michael J. Pont.
  19      =1   
  20      =1     See book for copyright details and other information.
  21      =1  
  22      =1  -*------------------------------------------------------------------*/
  23      =1  
  24      =1  // ------ Sch51.C ----------------------------------------
  25      =1  
  26      =1  // Comment this line out if error reporting is NOT required
  27      =1  #define SCH_REPORT_ERRORS
  28      =1  
  29      =1  #ifdef SCH_REPORT_ERRORS
  30      =1  // The port on which error codes will be displayed
  31      =1  // ONLY USED IF ERRORS ARE REPORTED
  32      =1  #define Error_port P3
  33      =1  
  34      =1  #endif
  35      =1  
  36      =1  // ------ SCI_DM.C -------------------------------------------------
  37      =1  
  38      =1  // This pin is wired to the interrupt input pin
  39      =1  // (usually Pin3.2) of the slave microcontroller
  40      =1  sbit Interrupt_output_pin = P2^7;
  41      =1  
  42      =1  // This pin is wired to the 'watchdog' pin on the slave
  43      =1  sbit Slave_watchdog_pin = P2^6;
  44      =1  
  45      =1  // This port is used to transfer data to / from the slave
  46      =1  #define SCI_transfer_port P0
  47      =1  
  48      =1  
  49      =1  // ------ TLight_B.C ----------------------------------------------
  50      =1  
  51      =1  sbit Red_light   = (P2^0);
  52      =1  sbit Amber_light = (P2^1);
  53      =1  sbit Green_light = (P2^2);
C51 COMPILER V6.10  SCH51                                                                  04/18/2001 16:48:04 PAGE 8   

  54      =1  
  55      =1  
  56      =1  // ------ LED_Flas.C -----------------------------------------------
  57      =1  
  58      =1  // For flashing LED
  59      =1  sbit LED_pin = P1^0;
  60      =1  
  61      =1  
  62      =1  /*------------------------------------------------------------------*-
  63      =1    ---- END OF FILE -------------------------------------------------
  64      =1  -*------------------------------------------------------------------*/
  65      =1  
  66      =1  
  67      =1  
  34          
  35          #include "Sch51.h"
   1      =1  /*------------------------------------------------------------------*-
   2      =1    
   3      =1     SCH51.H (v1.00)
   4      =1  
   5      =1    ------------------------------------------------------------------
   6      =1  
   7      =1     - see SCH51.C for details
   8      =1  
   9      =1  
  10      =1     COPYRIGHT
  11      =1     ---------
  12      =1  
  13      =1     This code is from the book:
  14      =1  
  15      =1     PATTERNS FOR TIME-TRIGGERED EMBEDDED SYSTEMS by Michael J. Pont 
  16      =1     [Pearson Education, 2001; ISBN: 0-201-33138-1].
  17      =1  
  18      =1     This code is copyright (c) 2001 by Michael J. Pont.
  19      =1   
  20      =1     See book for copyright details and other information.
  21      =1  
  22      =1  -*------------------------------------------------------------------*/
  23      =1  
  24      =1  #ifndef _SCH51_H
  25      =1  #define _SCH51_H
  26      =1  
  27      =1  #include "Main.h"
   1      =2  /*------------------------------------------------------------------*-
   2      =2  
   3      =2     Main.H (v1.00)
   4      =2  
   5      =2    ------------------------------------------------------------------
   6      =2     
   7      =2     'Project Header' (see Chap 9) for project SCI_Dm (see Chap 26)
   8      =2  
   9      =2  
  10      =2     COPYRIGHT
  11      =2     ---------
  12      =2  
  13      =2     This code is from the book:
  14      =2  
  15      =2     PATTERNS FOR TIME-TRIGGERED EMBEDDED SYSTEMS by Michael J. Pont 
  16      =2     [Pearson Education, 2001; ISBN: 0-201-33138-1].
  17      =2  
  18      =2     This code is copyright (c) 2001 by Michael J. Pont.
  19      =2   
C51 COMPILER V6.10  SCH51                                                                  04/18/2001 16:48:04 PAGE 9   

  20      =2     See book for copyright details and other information.
  21      =2  
  22      =2  -*------------------------------------------------------------------*/
  23      =2  
  24      =2  #ifndef _MAIN_H
           =2 #define _MAIN_H
           =2 
           =2 //------------------------------------------------------------------
           =2 // WILL NEED TO EDIT THIS SECTION FOR EVERY PROJECT
           =2 //------------------------------------------------------------------
           =2 
           =2 // Must include the appropriate microcontroller header file here
           =2 #include <AT89x52.h>
           =2 
           =2 // Include oscillator / chip details here 
           =2 // (essential if generic delays / timeouts are used)
           =2 //  -
           =2 // Oscillator / resonator frequency (in Hz) e.g. (11059200UL)
           =2 #define OSC_FREQ (12000000UL)
           =2 
           =2 // Number of oscillations per instruction (4, 6 or 12)
           =2 // 12 - Original 8051 / 8052 and numerous modern versions
           =2 //  6 - Various Infineon and Philips devices, etc.
           =2 //  4 - Dallas, etc.
           =2 //
           =2 // Take care with Dallas devices 
           =2 // - Timers default to *12* osc ticks unless CKCON is modified 
           =2 // - If using generic code on a Dallas device, use 12 here
           =2 #define OSC_PER_INST (12)
           =2 
           =2 //------------------------------------------------------------------
           =2 // SHOULD NOT NEED TO EDIT THE SECTIONS BELOW
           =2 //------------------------------------------------------------------
           =2 typedef unsigned char tByte;
           =2 typedef unsigned int  tWord;
           =2 typedef unsigned long tLong;
           =2 
           =2 // Misc #defines
           =2 #ifndef TRUE
           =2 #define FALSE 0
           =2 #define TRUE (!FALSE)
           =2 #endif
           =2 
           =2 #define RETURN_NORMAL (bit) 0
           =2 #define RETURN_ERROR (bit) 1
           =2 
           =2 
           =2 //------------------------------------------------------------------
           =2 // Interrupts
           =2 // - see Chapter 13.  
           =2 //------------------------------------------------------------------
           =2 
           =2 // Generic 8051/52 timer interrupts (used in most schedulers)
           =2 #define INTERRUPT_Timer_0_Overflow 1
           =2 #define INTERRUPT_Timer_1_Overflow 3
           =2 #define INTERRUPT_Timer_2_Overflow 5
           =2 
           =2 // Additional interrupts (used in shared-clock schedulers)
           =2 #define INTERRUPT_EXTERNAL_0 0
           =2 #define INTERRUPT_EXTERNAL_1 2
           =2 #define INTERRUPT_UART_Rx_Tx 4
           =2 #define INTERRUPT_CAN_c515c 17
C51 COMPILER V6.10  SCH51                                                                  04/18/2001 16:48:04 PAGE 10  

           =2 
           =2 //------------------------------------------------------------------
           =2 // Error codes 
           =2 // - see Chapter 14. 
           =2 //------------------------------------------------------------------
           =2 
           =2 #define ERROR_SCH_TOO_MANY_TASKS (1)
           =2 #define ERROR_SCH_CANNOT_DELETE_TASK (2)
           =2 
           =2 #define ERROR_SCH_WAITING_FOR_SLAVE_TO_ACK (3)
           =2 #define ERROR_SCH_WAITING_FOR_START_COMMAND_FROM_MASTER (3)
           =2 
           =2 #define ERROR_SCH_ONE_OR_MORE_SLAVES_DID_NOT_START (4)
           =2 #define ERROR_SCH_LOST_SLAVE (5)
           =2 
           =2 #define ERROR_SCH_CAN_BUS_ERROR (6)
           =2 
           =2 #define ERROR_I2C_WRITE_BYTE (10)
           =2 #define ERROR_I2C_READ_BYTE (11)
           =2 #define ERROR_I2C_WRITE_BYTE_AT24C64 (12)
           =2 #define ERROR_I2C_READ_BYTE_AT24C64 (13)
           =2 #define ERROR_I2C_DS1621 (14)
           =2 
           =2 #define ERROR_USART_TI (21)
           =2 #define ERROR_USART_WRITE_CHAR (22)
           =2 
           =2 #define ERROR_SPI_EXCHANGE_BYTES_TIMEOUT (31)
           =2 #define ERROR_SPI_X25_TIMEOUT (32)
           =2 #define ERROR_SPI_MAX1110_TIMEOUT (33)
           =2 
           =2 #define ERROR_ADC_MAX150_TIMEOUT (44)
           =2 
           =2 #endif
 115      =2  
 116      =2  /*------------------------------------------------------------------*-
 117      =2    ---- END OF FILE -------------------------------------------------
 118      =2  -*------------------------------------------------------------------*/
  28      =1  
  29      =1  // ------ Public data type declarations ----------------------------
  30      =1  
  31      =1  // Store in DATA area, if possible, for rapid access  
  32      =1  // Total memory per task is 7 bytes
  33      =1  typedef data struct 
  34      =1     {
  35      =1     // Pointer to the task (must be a 'void (void)' function)
  36      =1     void (code * pTask)(void);  
  37      =1  
  38      =1     // Delay (ticks) until the function will (next) be run
  39      =1     // - see SCH_Add_Task() for further details
  40      =1     tWord Delay;       
  41      =1  
  42      =1     // Interval (ticks) between subsequent runs.
  43      =1     // - see SCH_Add_Task() for further details
  44      =1     tWord Period;       
  45      =1  
  46      =1     // Incremented (by scheduler) when task is due to execute
  47      =1     tByte RunMe;       
  48      =1     } sTask; 
  49      =1  
  50      =1  // ------ Public function prototypes -------------------------------
  51      =1  
  52      =1  // Core scheduler functions
C51 COMPILER V6.10  SCH51                                                                  04/18/2001 16:48:04 PAGE 11  

  53      =1  void  SCH_Dispatch_Tasks(void);
  54      =1  tByte SCH_Add_Task(void (code*) (void), const tWord, const tWord);  
  55      =1  bit   SCH_Delete_Task(const tByte);
  56      =1  void  SCH_Report_Status(void);
  57      =1  
  58      =1  // ------ Public constants -----------------------------------------
  59      =1  
  60      =1  // The maximum number of tasks required at any one time
  61      =1  // during the execution of the program
  62      =1  //
  63      =1  // MUST BE ADJUSTED FOR EACH NEW PROJECT
  64      =1  #define SCH_MAX_TASKS   (2)   
  65      =1   
  66      =1  #endif
  67      =1                                
  68      =1  /*------------------------------------------------------------------*-
  69      =1    ---- END OF FILE -------------------------------------------------
  70      =1  -*------------------------------------------------------------------*/
  71      =1  
  36          
  37          // ------ Public variable definitions ------------------------------
  38          
  39          // The array of tasks
  40          sTask SCH_tasks_G[SCH_MAX_TASKS];
  41          
  42          // Used to display the error code
  43          // See Main.H for details of error codes
  44          // See Port.H for details of the error port
  45          tByte Error_code_G = 0;
  46          
  47          // ------ Private function prototypes ------------------------------
  48          
  49          static void SCH_Go_To_Sleep(void);
  50          
  51          // ------ Private variables ----------------------------------------
  52          
  53          // Keeps track of time since last error was recorded (see below)
  54          static tWord Error_tick_count_G;
  55          
  56          // The code of the last error (reset after ~1 minute)
  57          static tByte Last_error_code_G;
  58          
  59          
  60          /*------------------------------------------------------------------*-
  61          
  62            SCH_Dispatch_Tasks()
  63          
  64            This is the 'dispatcher' function.  When a task (function)
  65            is due to run, SCH_Dispatch_Tasks() will run it.
  66            This function must be called (repeatedly) from the main loop.
  67          
  68          -*------------------------------------------------------------------*/
  69          void SCH_Dispatch_Tasks(void) 
  70             {
  71   1         tByte Index;
  72   1      
  73   1         // Dispatches (runs) the next task (if one is ready)
  74   1         for (Index = 0; Index < SCH_MAX_TASKS; Index++)
  75   1            {
  76   2            if (SCH_tasks_G[Index].RunMe > 0) 
  77   2               {
  78   3               (*SCH_tasks_G[Index].pTask)();  // Run the task
C51 COMPILER V6.10  SCH51                                                                  04/18/2001 16:48:04 PAGE 12  

  79   3      
  80   3               SCH_tasks_G[Index].RunMe -= 1;   // Reset / reduce RunMe flag
  81   3      
  82   3               // Periodic tasks will automatically run again
  83   3               // - if this is a 'one shot' task, remove it from the array
  84   3               if (SCH_tasks_G[Index].Period == 0)
  85   3                  {
  86   4                  SCH_Delete_Task(Index);
  87   4                  }
  88   3               }
  89   2            }
  90   1      
  91   1         // Report system status
  92   1         SCH_Report_Status();  
  93   1      
  94   1         // The scheduler enters idle mode at this point 
  95   1         SCH_Go_To_Sleep();          
  96   1         }
  97          
  98          /*------------------------------------------------------------------*-
  99          
 100            SCH_Add_Task()
 101          
 102            Causes a task (function) to be executed at regular intervals 
 103            or after a user-defined delay
 104          
 105            Fn_P   - The name of the function which is to be scheduled.
 106                     NOTE: All scheduled functions must be 'void, void' -
 107                     that is, they must take no parameters, and have 
 108                     a void return type. 
 109                             
 110            DELAY  - The interval (TICKS) before the task is first executed
 111          
 112            PERIOD - If 'PERIOD' is 0, the function is only called once,
 113                     at the time determined by 'DELAY'.  If PERIOD is non-zero,
 114                     then the function is called repeatedly at an interval
 115                     determined by the value of PERIOD (see below for examples
 116                     which should help clarify this).
 117          
 118          
 119            RETURN VALUE:  
 120          
 121            Returns the position in the task array at which the task has been 
 122            added.  If the return value is SCH_MAX_TASKS then the task could 
 123            not be added to the array (there was insufficient space).  If the
 124            return value is < SCH_MAX_TASKS, then the task was added 
 125            successfully.  
 126          
 127            Note: this return value may be required, if a task is
 128            to be subsequently deleted - see SCH_Delete_Task().
 129          
 130            EXAMPLES:
 131          
 132            Task_ID = SCH_Add_Task(Do_X,1000,0);
 133            Causes the function Do_X() to be executed once after 1000 sch ticks.            
 134          
 135            Task_ID = SCH_Add_Task(Do_X,0,1000);
 136            Causes the function Do_X() to be executed regularly, every 1000 sch ticks.            
 137          
 138            Task_ID = SCH_Add_Task(Do_X,300,1000);
 139            Causes the function Do_X() to be executed regularly, every 1000 ticks.
 140            Task will be first executed at T = 300 ticks, then 1300, 2300, etc.            
C51 COMPILER V6.10  SCH51                                                                  04/18/2001 16:48:04 PAGE 13  

 141           
 142          -*------------------------------------------------------------------*/
 143          tByte SCH_Add_Task(void (code * pFunction)(), 
 144                             const tWord DELAY, 
 145                             const tWord PERIOD)    
 146             {
 147   1         tByte Index = 0;
 148   1         
 149   1         // First find a gap in the array (if there is one)
 150   1         while ((SCH_tasks_G[Index].pTask != 0) && (Index < SCH_MAX_TASKS))
 151   1            {
 152   2            Index++;
 153   2            } 
 154   1         
 155   1         // Have we reached the end of the list?   
 156   1         if (Index == SCH_MAX_TASKS)
 157   1            {
 158   2            // Task list is full
 159   2            //
 160   2            // Set the global error variable
 161   2            Error_code_G = ERROR_SCH_TOO_MANY_TASKS;
 162   2      
 163   2            // Also return an error code
 164   2            return SCH_MAX_TASKS;  
 165   2            }
 166   1            
 167   1         // If we're here, there is a space in the task array
 168   1         SCH_tasks_G[Index].pTask  = pFunction;
 169   1           
 170   1         SCH_tasks_G[Index].Delay  = DELAY;
 171   1         SCH_tasks_G[Index].Period = PERIOD;
 172   1      
 173   1         SCH_tasks_G[Index].RunMe  = 0;
 174   1      
 175   1         return Index; // return position of task (to allow later deletion)
 176   1         }
 177          
 178          /*------------------------------------------------------------------*-
 179          
 180            SCH_Delete_Task()
 181          
 182            Removes a task from the scheduler.  Note that this does
 183            *not* delete the associated function from memory: 
 184            it simply means that it is no longer called by the scheduler. 
 185           
 186            TASK_INDEX - The task index.  Provided by SCH_Add_Task(). 
 187          
 188            RETURN VALUE:  RETURN_ERROR or RETURN_NORMAL
 189          
 190          -*------------------------------------------------------------------*/
 191          bit SCH_Delete_Task(const tByte TASK_INDEX) 
 192             {
 193   1         bit Return_code;
 194   1      
 195   1         if (SCH_tasks_G[TASK_INDEX].pTask == 0)
 196   1            {
 197   2            // No task at this location...
 198   2            //
 199   2            // Set the global error variable
 200   2            Error_code_G = ERROR_SCH_CANNOT_DELETE_TASK;
 201   2      
 202   2            // ...also return an error code
C51 COMPILER V6.10  SCH51                                                                  04/18/2001 16:48:04 PAGE 14  

 203   2            Return_code = RETURN_ERROR;
 204   2            }
 205   1         else
 206   1            {
 207   2            Return_code = RETURN_NORMAL;
 208   2            }      
 209   1         
 210   1         SCH_tasks_G[TASK_INDEX].pTask   = 0x0000;
 211   1         SCH_tasks_G[TASK_INDEX].Delay   = 0;
 212   1         SCH_tasks_G[TASK_INDEX].Period  = 0;
 213   1      
 214   1         SCH_tasks_G[TASK_INDEX].RunMe   = 0;
 215   1      
 216   1         return Return_code;       // return status
 217   1         }
 218          
 219          
 220          /*------------------------------------------------------------------*-
 221          
 222            SCH_Report_Status()
 223          
 224            Simple function to display error codes.
 225          
 226            This version displays code on a port with attached LEDs:
 227            adapt, if required, to report errors over serial link, etc.
 228          
 229            Errors are only displayed for a limited period 
 230            (60000 ticks = 1 minute at 1ms tick interval).
 231            After this the the error code is reset to 0. 
 232          
 233            This code may be easily adapted to display the last
 234            error 'for ever': this may be appropriate in your
 235            application.
 236          
 237            See Chapter 10 for further information.
 238          
 239          -*------------------------------------------------------------------*/
 240          void SCH_Report_Status(void)
 241             {
 242   1      #ifdef SCH_REPORT_ERRORS
 243   1         // ONLY APPLIES IF WE ARE REPORTING ERRORS
 244   1         // Check for a new error code
 245   1         if (Error_code_G != Last_error_code_G)
 246   1            {
 247   2            // Negative logic on LEDs assumed
 248   2            Error_port = 255 - Error_code_G;
 249   2            
 250   2            Last_error_code_G = Error_code_G;
 251   2      
 252   2            if (Error_code_G != 0)
 253   2               {
 254   3               Error_tick_count_G = 60000;
 255   3               }
 256   2            else
 257   2               {
 258   3               Error_tick_count_G = 0;
 259   3               }
 260   2            }
 261   1         else
 262   1            {
 263   2            if (Error_tick_count_G != 0)
 264   2               {
C51 COMPILER V6.10  SCH51                                                                  04/18/2001 16:48:04 PAGE 15  

 265   3               if (--Error_tick_count_G == 0)
 266   3                  {
 267   4                  Error_code_G = 0; // Reset error code
 268   4                  }
 269   3               }
 270   2            }
 271   1      #endif
 272   1         }
 273          
 274          
 275          /*------------------------------------------------------------------*-
 276          
 277            SCH_Go_To_Sleep()
 278          
 279            This scheduler enters 'idle mode' between clock ticks
 280            to save power.  The next clock tick will return the processor
 281            to the normal operating state.
 282          
 283            Note: a slight performance improvement is possible if this
 284            function is implemented as a macro, or if the code here is simply 
 285            pasted into the 'dispatch' function.  
 286          
 287            However, by making this a function call, it becomes easier 
 288            - during development - to assess the performance of the 
 289            scheduler, using the 'performance analyser' in the Keil 
 290            hardware simulator. See Chapter 14 for examples for this. 
 291          
 292            *** May wish to disable this if using a watchdog ***
 293          
 294            *** ADAPT AS REQUIRED FOR YOUR HARDWARE ***
 295          
 296          -*------------------------------------------------------------------*/
 297          void SCH_Go_To_Sleep()
 298             {
 299   1         PCON |= 0x01;    // Enter idle mode (generic 8051 version)
 300   1      
 301   1         // Entering idle mode requires TWO consecutive instructions 
 302   1         // on 80c515 / 80c505 - to avoid accidental triggering
 303   1         //PCON |= 0x01;    // Enter idle mode (#1)
 304   1         //PCON |= 0x20;    // Enter idle mode (#2)
 305   1         }
 306          
 307          /*------------------------------------------------------------------*-
 308            ---- END OF FILE -------------------------------------------------
 309          -*------------------------------------------------------------------*/
C51 COMPILER V6.10  SCH51                                                                  04/18/2001 16:48:04 PAGE 16  

ASSEMBLY LISTING OF GENERATED OBJECT CODE


             ; FUNCTION SCH_Dispatch_Tasks (BEGIN)
                                           ; SOURCE LINE # 69
                                           ; SOURCE LINE # 70
                                           ; SOURCE LINE # 74
0000 E4                CLR     A
0001 F500        R     MOV     Index,A
0003         ?C0001:
                                           ; SOURCE LINE # 75
                                           ; SOURCE LINE # 76
0003 E500        R     MOV     A,Index
0005 75F007            MOV     B,#07H
0008 A4                MUL     AB
0009 2400        R     ADD     A,#LOW SCH_tasks_G+06H
000B F8                MOV     R0,A
000C E6                MOV     A,@R0
000D D3                SETB    C
000E 9400              SUBB    A,#00H
0010 4032              JC      ?C0003
                                           ; SOURCE LINE # 77
                                           ; SOURCE LINE # 78
0012 E500        R     MOV     A,Index
0014 75F007            MOV     B,#07H
0017 A4                MUL     AB
0018 2400        R     ADD     A,#LOW SCH_tasks_G
001A F8                MOV     R0,A
001B E6                MOV     A,@R0
001C FE                MOV     R6,A
001D 08                INC     R0
001E E6                MOV     A,@R0
001F AA06              MOV     R2,AR6
0021 F9                MOV     R1,A
0022 120000      E     LCALL   ?C?ICALL
                                           ; SOURCE LINE # 80
0025 E500        R     MOV     A,Index
0027 75F007            MOV     B,#07H
002A A4                MUL     AB
002B 2400        R     ADD     A,#LOW SCH_tasks_G+06H
002D F8                MOV     R0,A
002E 16                DEC     @R0
                                           ; SOURCE LINE # 84
002F E500        R     MOV     A,Index
0031 75F007            MOV     B,#07H
0034 A4                MUL     AB
0035 2400        R     ADD     A,#LOW SCH_tasks_G+04H
0037 F8                MOV     R0,A
0038 E6                MOV     A,@R0
0039 FE                MOV     R6,A
003A 08                INC     R0
003B E6                MOV     A,@R0
003C 4E                ORL     A,R6
003D 7005              JNZ     ?C0003
                                           ; SOURCE LINE # 85
                                           ; SOURCE LINE # 86
003F AF00        R     MOV     R7,Index
0041 120000      R     LCALL   _SCH_Delete_Task
                                           ; SOURCE LINE # 87
                                           ; SOURCE LINE # 88
                                           ; SOURCE LINE # 89
0044         ?C0003:
C51 COMPILER V6.10  SCH51                                                                  04/18/2001 16:48:04 PAGE 17  

0044 0500        R     INC     Index
0046 E500        R     MOV     A,Index
0048 C3                CLR     C
0049 9402              SUBB    A,#02H
004B 40B6              JC      ?C0001
004D         ?C0002:
                                           ; SOURCE LINE # 92
004D 120000      R     LCALL   SCH_Report_Status
                                           ; SOURCE LINE # 95
0050 120000      R     LCALL   SCH_Go_To_Sleep
                                           ; SOURCE LINE # 96
0053 22                RET     
             ; FUNCTION SCH_Dispatch_Tasks (END)

             ; FUNCTION _SCH_Add_Task (BEGIN)
0000 8E00        R     MOV     pFunction,R6
0002 8F00        R     MOV     pFunction+01H,R7
0004 8C00        R     MOV     DELAY,R4
0006 8D00        R     MOV     DELAY+01H,R5
;---- Variable 'PERIOD' assigned to Register 'R2/R3' ----
                                           ; SOURCE LINE # 143
                                           ; SOURCE LINE # 146
                                           ; SOURCE LINE # 147
;---- Variable 'Index' assigned to Register 'R6' ----
0008 E4                CLR     A
0009 FE                MOV     R6,A
000A         ?C0007:
                                           ; SOURCE LINE # 150
000A EE                MOV     A,R6
000B 75F007            MOV     B,#07H
000E A4                MUL     AB
000F 2400        R     ADD     A,#LOW SCH_tasks_G
0011 F8                MOV     R0,A
0012 E6                MOV     A,@R0
0013 FC                MOV     R4,A
0014 08                INC     R0
0015 E6                MOV     A,@R0
0016 4C                ORL     A,R4
0017 6009              JZ      ?C0008
0019 EE                MOV     A,R6
001A C3                CLR     C
001B 9402              SUBB    A,#02H
001D 5003              JNC     ?C0008
                                           ; SOURCE LINE # 151
                                           ; SOURCE LINE # 152
001F 0E                INC     R6
                                           ; SOURCE LINE # 153
0020 80E8              SJMP    ?C0007
0022         ?C0008:
                                           ; SOURCE LINE # 156
0022 BE0206            CJNE    R6,#02H,?C0009
                                           ; SOURCE LINE # 157
                                           ; SOURCE LINE # 161
0025 750001      R     MOV     Error_code_G,#01H
                                           ; SOURCE LINE # 164
0028 7F02              MOV     R7,#02H
002A 22                RET     
                                           ; SOURCE LINE # 165
002B         ?C0009:
                                           ; SOURCE LINE # 168
002B EE                MOV     A,R6
002C 75F007            MOV     B,#07H
C51 COMPILER V6.10  SCH51                                                                  04/18/2001 16:48:04 PAGE 18  

002F A4                MUL     AB
0030 2400        R     ADD     A,#LOW SCH_tasks_G
0032 F8                MOV     R0,A
0033 A600        R     MOV     @R0,pFunction
0035 08                INC     R0
0036 A600        R     MOV     @R0,pFunction+01H
                                           ; SOURCE LINE # 170
0038 EE                MOV     A,R6
0039 75F007            MOV     B,#07H
003C A4                MUL     AB
003D 2400        R     ADD     A,#LOW SCH_tasks_G+02H
003F F8                MOV     R0,A
0040 A600        R     MOV     @R0,DELAY
0042 08                INC     R0
0043 A600        R     MOV     @R0,DELAY+01H
                                           ; SOURCE LINE # 171
0045 EE                MOV     A,R6
0046 75F007            MOV     B,#07H
0049 A4                MUL     AB
004A 2400        R     ADD     A,#LOW SCH_tasks_G+04H
004C F8                MOV     R0,A
004D A602              MOV     @R0,AR2
004F 08                INC     R0
0050 A603              MOV     @R0,AR3
                                           ; SOURCE LINE # 173
0052 EE                MOV     A,R6
0053 75F007            MOV     B,#07H
0056 A4                MUL     AB
0057 2400        R     ADD     A,#LOW SCH_tasks_G+06H
0059 F8                MOV     R0,A
005A E4                CLR     A
005B F6                MOV     @R0,A
                                           ; SOURCE LINE # 175
005C AF06              MOV     R7,AR6
                                           ; SOURCE LINE # 176
005E         ?C0010:
005E 22                RET     
             ; FUNCTION _SCH_Add_Task (END)

             ; FUNCTION _SCH_Delete_Task (BEGIN)
;---- Variable 'TASK_INDEX' assigned to Register 'R7' ----
                                           ; SOURCE LINE # 191
                                           ; SOURCE LINE # 192
                                           ; SOURCE LINE # 195
0000 EF                MOV     A,R7
0001 75F007            MOV     B,#07H
0004 A4                MUL     AB
0005 2400        R     ADD     A,#LOW SCH_tasks_G
0007 F8                MOV     R0,A
0008 E6                MOV     A,@R0
0009 FC                MOV     R4,A
000A 08                INC     R0
000B E6                MOV     A,@R0
000C 4C                ORL     A,R4
000D 7007              JNZ     ?C0011
                                           ; SOURCE LINE # 196
                                           ; SOURCE LINE # 200
000F 750002      R     MOV     Error_code_G,#02H
                                           ; SOURCE LINE # 203
0012 D200        R     SETB    Return_code
                                           ; SOURCE LINE # 204
0014 8002              SJMP    ?C0012
C51 COMPILER V6.10  SCH51                                                                  04/18/2001 16:48:04 PAGE 19  

0016         ?C0011:
                                           ; SOURCE LINE # 206
                                           ; SOURCE LINE # 207
0016 C200        R     CLR     Return_code
                                           ; SOURCE LINE # 208
0018         ?C0012:
                                           ; SOURCE LINE # 210
0018 EF                MOV     A,R7
0019 75F007            MOV     B,#07H
001C A4                MUL     AB
001D 2400        R     ADD     A,#LOW SCH_tasks_G
001F F8                MOV     R0,A
0020 E4                CLR     A
0021 F6                MOV     @R0,A
0022 08                INC     R0
0023 F6                MOV     @R0,A
                                           ; SOURCE LINE # 211
0024 EF                MOV     A,R7
0025 75F007            MOV     B,#07H
0028 A4                MUL     AB
0029 2400        R     ADD     A,#LOW SCH_tasks_G+02H
002B F8                MOV     R0,A
002C E4                CLR     A
002D F6                MOV     @R0,A
002E 08                INC     R0
002F F6                MOV     @R0,A
                                           ; SOURCE LINE # 212
0030 EF                MOV     A,R7
0031 75F007            MOV     B,#07H
0034 A4                MUL     AB
0035 2400        R     ADD     A,#LOW SCH_tasks_G+04H
0037 F8                MOV     R0,A
0038 E4                CLR     A
0039 F6                MOV     @R0,A
003A 08                INC     R0
003B F6                MOV     @R0,A
                                           ; SOURCE LINE # 214
003C EF                MOV     A,R7
003D 75F007            MOV     B,#07H
0040 A4                MUL     AB
0041 2400        R     ADD     A,#LOW SCH_tasks_G+06H
0043 F8                MOV     R0,A
0044 E4                CLR     A
0045 F6                MOV     @R0,A
                                           ; SOURCE LINE # 216
0046 A200        R     MOV     C,Return_code
                                           ; SOURCE LINE # 217
0048         ?C0013:
0048 22                RET     
             ; FUNCTION _SCH_Delete_Task (END)

             ; FUNCTION SCH_Report_Status (BEGIN)
                                           ; SOURCE LINE # 240
                                           ; SOURCE LINE # 241
                                           ; SOURCE LINE # 245
0000 E500        R     MOV     A,Error_code_G
0002 6500        R     XRL     A,Last_error_code_G
0004 601B              JZ      ?C0014
                                           ; SOURCE LINE # 246
                                           ; SOURCE LINE # 248
0006 C3                CLR     C
0007 74FF              MOV     A,#0FFH
C51 COMPILER V6.10  SCH51                                                                  04/18/2001 16:48:04 PAGE 20  

0009 9500        R     SUBB    A,Error_code_G
000B F5B0              MOV     P3,A
                                           ; SOURCE LINE # 250
000D 850000      R     MOV     Last_error_code_G,Error_code_G
                                           ; SOURCE LINE # 252
0010 E500        R     MOV     A,Error_code_G
0012 6007              JZ      ?C0015
                                           ; SOURCE LINE # 253
                                           ; SOURCE LINE # 254
0014 7500EA      R     MOV     Error_tick_count_G,#0EAH
0017 750060      R     MOV     Error_tick_count_G+01H,#060H
                                           ; SOURCE LINE # 255
001A 22                RET     
001B         ?C0015:
                                           ; SOURCE LINE # 257
                                           ; SOURCE LINE # 258
001B E4                CLR     A
001C F500        R     MOV     Error_tick_count_G,A
001E F500        R     MOV     Error_tick_count_G+01H,A
                                           ; SOURCE LINE # 259
                                           ; SOURCE LINE # 260
0020 22                RET     
0021         ?C0014:
                                           ; SOURCE LINE # 262
                                           ; SOURCE LINE # 263
0021 E500        R     MOV     A,Error_tick_count_G+01H
0023 4500        R     ORL     A,Error_tick_count_G
0025 600F              JZ      ?C0020
                                           ; SOURCE LINE # 264
                                           ; SOURCE LINE # 265
0027 E500        R     MOV     A,Error_tick_count_G+01H
0029 1500        R     DEC     Error_tick_count_G+01H
002B 7002              JNZ     ?C0022
002D 1500        R     DEC     Error_tick_count_G
002F         ?C0022:
002F 14                DEC     A
0030 4500        R     ORL     A,Error_tick_count_G
0032 7002              JNZ     ?C0020
                                           ; SOURCE LINE # 266
                                           ; SOURCE LINE # 267
0034 F500        R     MOV     Error_code_G,A
                                           ; SOURCE LINE # 268
                                           ; SOURCE LINE # 269
                                           ; SOURCE LINE # 270
                                           ; SOURCE LINE # 272
0036         ?C0020:
0036 22                RET     
             ; FUNCTION SCH_Report_Status (END)

             ; FUNCTION SCH_Go_To_Sleep (BEGIN)
                                           ; SOURCE LINE # 297
                                           ; SOURCE LINE # 298
                                           ; SOURCE LINE # 299
0000 438701            ORL     PCON,#01H
                                           ; SOURCE LINE # 305
0003 22                RET     
             ; FUNCTION SCH_Go_To_Sleep (END)

C51 COMPILER V6.10  SCH51                                                                  04/18/2001 16:48:04 PAGE 21  

NAME                                    CLASS   MSPACE  TYPE    OFFSET  SIZE
====                                    =====   ======  ====    ======  ====


LED_pin. . . . . . . . . . . . . . . .  ABSBIT   -----  BIT      0090H  1
P1 . . . . . . . . . . . . . . . . . .  SFR      DATA   U_CHAR   0090H  1
P2 . . . . . . . . . . . . . . . . . .  SFR      DATA   U_CHAR   00A0H  1
P3 . . . . . . . . . . . . . . . . . .  SFR      DATA   U_CHAR   00B0H  1
AC . . . . . . . . . . . . . . . . . .  ABSBIT   -----  BIT      00D6H  1
T0 . . . . . . . . . . . . . . . . . .  ABSBIT   -----  BIT      00B4H  1
T1 . . . . . . . . . . . . . . . . . .  ABSBIT   -----  BIT      00B5H  1
EA . . . . . . . . . . . . . . . . . .  ABSBIT   -----  BIT      00AFH  1
T2 . . . . . . . . . . . . . . . . . .  ABSBIT   -----  BIT      0090H  1
tLong. . . . . . . . . . . . . . . . .  TYPEDEF  -----  U_LONG   -----  4
sTask. . . . . . . . . . . . . . . . .  TYPEDEF  DATA   STRUCT   -----  7
  pTask. . . . . . . . . . . . . . . .  MEMBER   -----  PTR      0000H  2
  Delay. . . . . . . . . . . . . . . .  MEMBER   -----  U_INT    0002H  2
  Period . . . . . . . . . . . . . . .  MEMBER   -----  U_INT    0004H  2
  RunMe. . . . . . . . . . . . . . . .  MEMBER   -----  U_CHAR   0006H  1
tByte. . . . . . . . . . . . . . . . .  TYPEDEF  -----  U_CHAR   -----  1
SCH_tasks_G. . . . . . . . . . . . . .  PUBLIC   DATA   ARRAY    0000H  14
P0_0 . . . . . . . . . . . . . . . . .  ABSBIT   -----  BIT      0080H  1
P1_0 . . . . . . . . . . . . . . . . .  ABSBIT   -----  BIT      0090H  1
P0_1 . . . . . . . . . . . . . . . . .  ABSBIT   -----  BIT      0081H  1
FL . . . . . . . . . . . . . . . . . .  ABSBIT   -----  BIT      00D1H  1
P2_0 . . . . . . . . . . . . . . . . .  ABSBIT   -----  BIT      00A0H  1
P1_1 . . . . . . . . . . . . . . . . .  ABSBIT   -----  BIT      0091H  1
P0_2 . . . . . . . . . . . . . . . . .  ABSBIT   -----  BIT      0082H  1
Interrupt_output_pin . . . . . . . . .  ABSBIT   -----  BIT      00A7H  1
tWord. . . . . . . . . . . . . . . . .  TYPEDEF  -----  U_INT    -----  2
P3_0 . . . . . . . . . . . . . . . . .  ABSBIT   -----  BIT      00B0H  1
P2_1 . . . . . . . . . . . . . . . . .  ABSBIT   -----  BIT      00A1H  1
P1_2 . . . . . . . . . . . . . . . . .  ABSBIT   -----  BIT      0092H  1
P0_3 . . . . . . . . . . . . . . . . .  ABSBIT   -----  BIT      0083H  1
P3_1 . . . . . . . . . . . . . . . . .  ABSBIT   -----  BIT      00B1H  1
P2_2 . . . . . . . . . . . . . . . . .  ABSBIT   -----  BIT      00A2H  1
P1_3 . . . . . . . . . . . . . . . . .  ABSBIT   -----  BIT      0093H  1
P0_4 . . . . . . . . . . . . . . . . .  ABSBIT   -----  BIT      0084H  1
P3_2 . . . . . . . . . . . . . . . . .  ABSBIT   -----  BIT      00B2H  1
P2_3 . . . . . . . . . . . . . . . . .  ABSBIT   -----  BIT      00A3H  1
P1_4 . . . . . . . . . . . . . . . . .  ABSBIT   -----  BIT      0094H  1
P0_5 . . . . . . . . . . . . . . . . .  ABSBIT   -----  BIT      0085H  1
EXF2 . . . . . . . . . . . . . . . . .  ABSBIT   -----  BIT      00CEH  1
RD . . . . . . . . . . . . . . . . . .  ABSBIT   -----  BIT      00B7H  1
P3_3 . . . . . . . . . . . . . . . . .  ABSBIT   -----  BIT      00B3H  1
P2_4 . . . . . . . . . . . . . . . . .  ABSBIT   -----  BIT      00A4H  1
P1_5 . . . . . . . . . . . . . . . . .  ABSBIT   -----  BIT      0095H  1
P0_6 . . . . . . . . . . . . . . . . .  ABSBIT   -----  BIT      0086H  1
P3_4 . . . . . . . . . . . . . . . . .  ABSBIT   -----  BIT      00B4H  1
P2_5 . . . . . . . . . . . . . . . . .  ABSBIT   -----  BIT      00A5H  1
P1_6 . . . . . . . . . . . . . . . . .  ABSBIT   -----  BIT      0096H  1
P0_7 . . . . . . . . . . . . . . . . .  ABSBIT   -----  BIT      0087H  1
Red_light. . . . . . . . . . . . . . .  ABSBIT   -----  BIT      00A0H  1
P3_5 . . . . . . . . . . . . . . . . .  ABSBIT   -----  BIT      00B5H  1
ES . . . . . . . . . . . . . . . . . .  ABSBIT   -----  BIT      00ACH  1
P2_6 . . . . . . . . . . . . . . . . .  ABSBIT   -----  BIT      00A6H  1
P1_7 . . . . . . . . . . . . . . . . .  ABSBIT   -----  BIT      0097H  1
P3_6 . . . . . . . . . . . . . . . . .  ABSBIT   -----  BIT      00B6H  1
P2_7 . . . . . . . . . . . . . . . . .  ABSBIT   -----  BIT      00A7H  1
P3_7 . . . . . . . . . . . . . . . . .  ABSBIT   -----  BIT      00B7H  1
RI . . . . . . . . . . . . . . . . . .  ABSBIT   -----  BIT      0098H  1
C51 COMPILER V6.10  SCH51                                                                  04/18/2001 16:48:04 PAGE 22  

NAME                                    CLASS   MSPACE  TYPE    OFFSET  SIZE
====                                    =====   ======  ====    ======  ====


CY . . . . . . . . . . . . . . . . . .  ABSBIT   -----  BIT      00D7H  1
INT0 . . . . . . . . . . . . . . . . .  ABSBIT   -----  BIT      00B2H  1
INT1 . . . . . . . . . . . . . . . . .  ABSBIT   -----  BIT      00B3H  1
TI . . . . . . . . . . . . . . . . . .  ABSBIT   -----  BIT      0099H  1
_SCH_Add_Task. . . . . . . . . . . . .  PUBLIC   CODE   PROC     0000H  -----
  pFunction. . . . . . . . . . . . . .  AUTO     DATA   PTR      0000H  2
  DELAY. . . . . . . . . . . . . . . .  AUTO     DATA   U_INT    0002H  2
  PERIOD . . . . . . . . . . . . . . .  * REG *  DATA   U_INT    0002H  2
  Index. . . . . . . . . . . . . . . .  * REG *  DATA   U_CHAR   0006H  1
PS . . . . . . . . . . . . . . . . . .  ABSBIT   -----  BIT      00BCH  1
T2EX . . . . . . . . . . . . . . . . .  ABSBIT   -----  BIT      0091H  1
OV . . . . . . . . . . . . . . . . . .  ABSBIT   -----  BIT      00D2H  1
SCH_Report_Status. . . . . . . . . . .  PUBLIC   CODE   PROC     0000H  -----
C_T2 . . . . . . . . . . . . . . . . .  ABSBIT   -----  BIT      00C9H  1
WR . . . . . . . . . . . . . . . . . .  ABSBIT   -----  BIT      00B6H  1
RCLK . . . . . . . . . . . . . . . . .  ABSBIT   -----  BIT      00CDH  1
TCLK . . . . . . . . . . . . . . . . .  ABSBIT   -----  BIT      00CCH  1
PCON . . . . . . . . . . . . . . . . .  SFR      DATA   U_CHAR   0087H  1
Error_code_G . . . . . . . . . . . . .  PUBLIC   DATA   U_CHAR   000EH  1
IE0. . . . . . . . . . . . . . . . . .  ABSBIT   -----  BIT      0089H  1
IE1. . . . . . . . . . . . . . . . . .  ABSBIT   -----  BIT      008BH  1
CP_RL2 . . . . . . . . . . . . . . . .  ABSBIT   -----  BIT      00C8H  1
Last_error_code_G. . . . . . . . . . .  STATIC   DATA   U_CHAR   000FH  1
ET0. . . . . . . . . . . . . . . . . .  ABSBIT   -----  BIT      00A9H  1
ET1. . . . . . . . . . . . . . . . . .  ABSBIT   -----  BIT      00ABH  1
TF0. . . . . . . . . . . . . . . . . .  ABSBIT   -----  BIT      008DH  1
ET2. . . . . . . . . . . . . . . . . .  ABSBIT   -----  BIT      00ADH  1
TF1. . . . . . . . . . . . . . . . . .  ABSBIT   -----  BIT      008FH  1
TF2. . . . . . . . . . . . . . . . . .  ABSBIT   -----  BIT      00CFH  1
RB8. . . . . . . . . . . . . . . . . .  ABSBIT   -----  BIT      009AH  1
EX0. . . . . . . . . . . . . . . . . .  ABSBIT   -----  BIT      00A8H  1
IT0. . . . . . . . . . . . . . . . . .  ABSBIT   -----  BIT      0088H  1
EX1. . . . . . . . . . . . . . . . . .  ABSBIT   -----  BIT      00AAH  1
TB8. . . . . . . . . . . . . . . . . .  ABSBIT   -----  BIT      009BH  1
IT1. . . . . . . . . . . . . . . . . .  ABSBIT   -----  BIT      008AH  1
Error_tick_count_G . . . . . . . . . .  STATIC   DATA   U_INT    0010H  2
P. . . . . . . . . . . . . . . . . . .  ABSBIT   -----  BIT      00D0H  1
SM0. . . . . . . . . . . . . . . . . .  ABSBIT   -----  BIT      009FH  1
SM1. . . . . . . . . . . . . . . . . .  ABSBIT   -----  BIT      009EH  1
SM2. . . . . . . . . . . . . . . . . .  ABSBIT   -----  BIT      009DH  1
PT0. . . . . . . . . . . . . . . . . .  ABSBIT   -----  BIT      00B9H  1
RS0. . . . . . . . . . . . . . . . . .  ABSBIT   -----  BIT      00D3H  1
PT1. . . . . . . . . . . . . . . . . .  ABSBIT   -----  BIT      00BBH  1
RS1. . . . . . . . . . . . . . . . . .  ABSBIT   -----  BIT      00D4H  1
PT2. . . . . . . . . . . . . . . . . .  ABSBIT   -----  BIT      00BDH  1
TR0. . . . . . . . . . . . . . . . . .  ABSBIT   -----  BIT      008CH  1
TR1. . . . . . . . . . . . . . . . . .  ABSBIT   -----  BIT      008EH  1
TR2. . . . . . . . . . . . . . . . . .  ABSBIT   -----  BIT      00CAH  1
PX0. . . . . . . . . . . . . . . . . .  ABSBIT   -----  BIT      00B8H  1
PX1. . . . . . . . . . . . . . . . . .  ABSBIT   -----  BIT      00BAH  1
SCH_Dispatch_Tasks . . . . . . . . . .  PUBLIC   CODE   PROC     0000H  -----
  Index. . . . . . . . . . . . . . . .  AUTO     DATA   U_CHAR   0000H  1
Slave_watchdog_pin . . . . . . . . . .  ABSBIT   -----  BIT      00A6H  1
EXEN2. . . . . . . . . . . . . . . . .  ABSBIT   -----  BIT      00CBH  1
Amber_light. . . . . . . . . . . . . .  ABSBIT   -----  BIT      00A1H  1
REN. . . . . . . . . . . . . . . . . .  ABSBIT   -----  BIT      009CH  1
_SCH_Delete_Task . . . . . . . . . . .  PUBLIC   CODE   PROC     0000H  -----
C51 COMPILER V6.10  SCH51                                                                  04/18/2001 16:48:04 PAGE 23  

NAME                                    CLASS   MSPACE  TYPE    OFFSET  SIZE
====                                    =====   ======  ====    ======  ====


  TASK_INDEX . . . . . . . . . . . . .  * REG *  DATA   U_CHAR   0007H  1
  Return_code. . . . . . . . . . . . .  AUTO     DATA   BIT      0000H  1
RXD. . . . . . . . . . . . . . . . . .  ABSBIT   -----  BIT      00B0H  1
Green_light. . . . . . . . . . . . . .  ABSBIT   -----  BIT      00A2H  1
TXD. . . . . . . . . . . . . . . . . .  ABSBIT   -----  BIT      00B1H  1
F0 . . . . . . . . . . . . . . . . . .  ABSBIT   -----  BIT      00D5H  1
SCH_Go_To_Sleep. . . . . . . . . . . .  STATIC   CODE   PROC     0000H  -----


MODULE INFORMATION:   STATIC OVERLAYABLE
   CODE SIZE        =    311    ----
   CONSTANT SIZE    =   ----    ----
   XDATA SIZE       =   ----    ----
   PDATA SIZE       =   ----    ----
   DATA SIZE        =     18       5
   IDATA SIZE       =   ----    ----
   BIT SIZE         =   ----       1
END OF MODULE INFORMATION.


C51 COMPILATION COMPLETE.  0 WARNING(S),  0 ERROR(S)
