C51 COMPILER V6.10  MAIN                                                                   04/18/2001 13:36:48 PAGE 1   


C51 COMPILER V6.10, COMPILATION OF MODULE MAIN
OBJECT MODULE PLACED IN .\MAIN.OBJ
COMPILER INVOKED BY: C:\KEIL\C51\BIN\C51.EXE .\MAIN.C OPTIMIZE(6,SPEED) BROWSE DEBUG OBJECTEXTEND

stmt level    source

   1          /*------------------------------------------------------------------*-
   2          
   3             Main.C (v1.00)
   4          
   5            ------------------------------------------------------------------
   6          
   7             Framework for a central heating system using 'Super Loop'.
   8          
   9             *** Assumes external '1232' watchdog timer on P1^0 ***
  10          
  11          
  12             COPYRIGHT
  13             ---------
  14          
  15             This code is from the book:
  16          
  17             PATTERNS FOR TIME-TRIGGERED EMBEDDED SYSTEMS by Michael J. Pont 
  18             [Pearson Education, 2001; ISBN: 0-201-33138-1].
  19          
  20             This code is copyright (c) 2001 by Michael J. Pont.
  21           
  22             See book for copyright details and other information.
  23          
  24          -*------------------------------------------------------------------*/
  25          
  26          #include "Cen_Heat.h"
  27          #include "Dog_1232.h"
  28          
  29          /*------------------------------------------------------------------*/
  30          void main(void)
  31             {
  32   1         // Init the system
  33   1         C_HEAT_Init();
  34   1      
  35   1         // Watchdog automatically starts
  36   1      
  37   1         while(1) 
  38   1            {
  39   2            // Find out what temperature the user requires
  40   2            // (via the user interface)
  41   2            C_HEAT_Get_Required_Temperature();
  42   2      
  43   2            // Find out what the current room temperature is
  44   2            // (via temperature sensor)
  45   2            C_HEAT_Get_Actual_Temperature();
  46   2      
  47   2            // Adjust the gas burner, as required
  48   2            C_HEAT_Control_Boiler();
  49   2      
  50   2            // Feed the watchdog
  51   2            WATCHDOG_Feed();
  52   2            }
  53   1         }
  54          
  55          /*------------------------------------------------------------------*-
C51 COMPILER V6.10  MAIN                                                                   04/18/2001 13:36:48 PAGE 2   

  56            ---- END OF FILE -------------------------------------------------
  57          -*------------------------------------------------------------------*/


MODULE INFORMATION:   STATIC OVERLAYABLE
   CODE SIZE        =     18    ----
   CONSTANT SIZE    =   ----    ----
   XDATA SIZE       =   ----    ----
   PDATA SIZE       =   ----    ----
   DATA SIZE        =   ----    ----
   IDATA SIZE       =   ----    ----
   BIT SIZE         =   ----    ----
END OF MODULE INFORMATION.


C51 COMPILATION COMPLETE.  0 WARNING(S),  0 ERROR(S)
