C51 COMPILER V6.10  MAIN                                                                   04/18/2001 16:08:08 PAGE 1   


C51 COMPILER V6.10, COMPILATION OF MODULE MAIN
OBJECT MODULE PLACED IN .\MAIN.OBJ
COMPILER INVOKED BY: C:\KEIL\C51\BIN\C51.EXE .\MAIN.C OPTIMIZE(6,SIZE) BROWSE DEBUG OBJECTEXTEND

stmt level    source

   1          /*------------------------------------------------------------------*-
   2          
   3             Main.c (v1.01)
   4          
   5            ------------------------------------------------------------------
   6          
   7             Test program for menu-driven PC link library, generic version.
   8          
   9             Required linker options (see Chapter 14 for details):
  10          
  11             OVERLAY (main ~ (MENU_Command_Processor), 
  12             SCH_Dispatch_Tasks ! (MENU_Command_Processor))
  13          
  14          
  15             COPYRIGHT
  16             ---------
  17          
  18             This code is from the book:
  19          
  20             PATTERNS FOR TIME-TRIGGERED EMBEDDED SYSTEMS by Michael J. Pont 
  21             [Pearson Education, 2001; ISBN: 0-201-33138-1].
  22          
  23             This code is copyright (c) 2001 by Michael J. Pont.
  24           
  25             See book for copyright details and other information.
  26          
  27          -*------------------------------------------------------------------*/
  28          
  29          #include "Main.h"
  30          #include "0_05_11g.h"
  31          #include "PC_IO_T1.h"
  32          #include "Menu_A.h"
  33          
  34          /* ............................................................... */
  35          /* ............................................................... */
  36          
  37          void main(void)
  38             {
  39   1         // Set up the scheduler
  40   1         SCH_Init_T0();
  41   1      
  42   1         // Set baud rate to 9600: generic 8051 version
  43   1         PC_LINK_IO_Init_T1(9600);
  44   1      
  45   1         // We have to schedule this task (10x - 100x a second)
  46   1         //
  47   1         // TIMING IS IN TICKS NOT MILLISECONDS (5 ms tick interval)
  48   1         SCH_Add_Task(MENU_Command_Processor,10,2);
  49   1      
  50   1         SCH_Start();
  51   1      
  52   1         while(1)
  53   1            {
  54   2            // Displays error codes on P4 (see Sch51.C)
  55   2            SCH_Dispatch_Tasks();
C51 COMPILER V6.10  MAIN                                                                   04/18/2001 16:08:08 PAGE 2   

  56   2            }
  57   1         }
  58          
  59          /*------------------------------------------------------------------*-
  60            ---- END OF FILE -------------------------------------------------
  61          -*------------------------------------------------------------------*/


MODULE INFORMATION:   STATIC OVERLAYABLE
   CODE SIZE        =     34    ----
   CONSTANT SIZE    =   ----    ----
   XDATA SIZE       =   ----    ----
   PDATA SIZE       =   ----    ----
   DATA SIZE        =   ----    ----
   IDATA SIZE       =   ----    ----
   BIT SIZE         =   ----    ----
END OF MODULE INFORMATION.


C51 COMPILATION COMPLETE.  0 WARNING(S),  0 ERROR(S)
