C51 COMPILER V6.10  MAIN                                                                   04/19/2001 13:53:09 PAGE 1   


C51 COMPILER V6.10, COMPILATION OF MODULE MAIN
OBJECT MODULE PLACED IN .\MAIN.OBJ
COMPILER INVOKED BY: C:\KEIL\C51\BIN\C51.EXE .\MAIN.C OPTIMIZE(SIZE) BROWSE DEBUG OBJECTEXTEND

stmt level    source

   1          /*------------------------------------------------------------------*-
   2          
   3             Main.c (v1.00)
   4          
   5            ------------------------------------------------------------------
   6          
   7             Test program for shared-clock (UART) scheduler - generic
   8          
   9             *** (LOCAL / RS-232) MASTER CODE ***
  10          
  11             *** Both Master and Slave share the same tick rate (5 ms) ***
  12           
  13             Required linker options (see Chapter 14 for details):
  14          
  15             OVERLAY (main ~ (LED_Flash_Update,TRAFFIC_LIGHTS_Update), 
  16             SCH_Dispatch_Tasks ! (LED_Flash_Update,TRAFFIC_LIGHTS_Update))
  17          
  18          
  19             COPYRIGHT
  20             ---------
  21          
  22             This code is from the book:
  23          
  24             PATTERNS FOR TIME-TRIGGERED EMBEDDED SYSTEMS by Michael J. Pont 
  25             [Pearson Education, 2001; ISBN: 0-201-33138-1].
  26          
  27             This code is copyright (c) 2001 by Michael J. Pont.
  28           
  29             See book for copyright details and other information.
  30          
  31          -*------------------------------------------------------------------*/
  32          
  33          #include "Main.h"
  34          
  35          #include "LED_flas.h"
  36          #include "SCU_Am.H"
  37          #include "TLight_B.h"
  38          
  39          /* ............................................................... */
  40          /* ............................................................... */
  41          
  42          void main(void)
  43             {
  44   1         // Set up the scheduler 
  45   1         SCU_A_MASTER_Init_T1_T2(9600);       
  46   1      
  47   1         // Prepare for the traffic light task
  48   1         TRAFFIC_LIGHTS_Init();
  49   1      
  50   1         // Prepare for the flash LED task (demo only)
  51   1         LED_Flash_Init();
  52   1      
  53   1         // Add a 'flash LED' task (on for 1000 ms, off for 1000 ms)
  54   1         SCH_Add_Task(LED_Flash_Update, 0, 200);
  55   1      
C51 COMPILER V6.10  MAIN                                                                   04/19/2001 13:53:09 PAGE 2   

  56   1         // Add a 'traffic light' task
  57   1         SCH_Add_Task(TRAFFIC_LIGHTS_Update, 30, 200);
  58   1         
  59   1         // Start the scheduler
  60   1         SCU_A_MASTER_Start();
  61   1      
  62   1         while(1)
  63   1            {
  64   2            SCH_Dispatch_Tasks();
  65   2            }
  66   1         }
  67          
  68          
  69          /*------------------------------------------------------------------*-
  70            ---- END OF FILE -------------------------------------------------
  71          -*------------------------------------------------------------------*/


MODULE INFORMATION:   STATIC OVERLAYABLE
   CODE SIZE        =     50    ----
   CONSTANT SIZE    =   ----    ----
   XDATA SIZE       =   ----    ----
   PDATA SIZE       =   ----    ----
   DATA SIZE        =   ----    ----
   IDATA SIZE       =   ----    ----
   BIT SIZE         =   ----    ----
END OF MODULE INFORMATION.


C51 COMPILATION COMPLETE.  0 WARNING(S),  0 ERROR(S)
