C51 COMPILER V6.10  MAIN                                                                   04/18/2001 16:29:08 PAGE 1   


C51 COMPILER V6.10, COMPILATION OF MODULE MAIN
OBJECT MODULE PLACED IN .\MAIN.OBJ
COMPILER INVOKED BY: C:\KEIL\C51\BIN\C51.EXE .\MAIN.C OPTIMIZE(6,SIZE) BROWSE NOINTPROMOTE DEBUG OBJECTEXTEND

stmt level    source

   1          /*------------------------------------------------------------------*-
   2          
   3             Main.c (v1.00)
   4          
   5            ------------------------------------------------------------------
   6           
   7             Demonstration program for: 
   8          
   9             Keypad-LCD.
  10          
  11             This version for '8052' / 11.059MHz / 5 ms tick
  12          
  13             Required linker options (see Chapter 14 for details):
  14          
  15             OVERLAY (main ~ (LCD_Update, LCD_KEY_Update), 
  16             SCH_dispatch_tasks ! (LCD_Update, LCD_KEY_Update)))
  17          
  18          
  19             COPYRIGHT
  20             ---------
  21          
  22             This code is from the book:
  23          
  24             PATTERNS FOR TIME-TRIGGERED EMBEDDED SYSTEMS by Michael J. Pont 
  25             [Pearson Education, 2001; ISBN: 0-201-33138-1].
  26          
  27             This code is copyright (c) 2001 by Michael J. Pont.
  28           
  29             See book for copyright details and other information.
  30          
  31          -*------------------------------------------------------------------*/
  32          
  33          #include "Main.h"
  34          
  35          #include "2_05_11g.H"
  36          #include "LCD_A.h"
  37          #include "Keypad.h"
  38          #include "LCD_Key.h"
  39          
  40          /* ............................................................... */
  41          /* ............................................................... */
  42          
  43          void main(void)
  44             {
  45   1         // Prepare for the tasks
  46   1         LCD_Init(0);  // 3x!!!
  47   1         LCD_Init(0);
  48   1         LCD_Init(1);
  49   1      
  50   1         KEYPAD_Init();
  51   1         LCD_KEY_Init();
  52   1      
  53   1         // Set up the scheduler
  54   1         SCH_Init_T2();
  55   1      
C51 COMPILER V6.10  MAIN                                                                   04/18/2001 16:29:08 PAGE 2   

  56   1         // Update the LCD from LCD buffer
  57   1         SCH_Add_Task(LCD_Update, 1000, 24);
  58   1      
  59   1         // Transfer keypad data to the LCD buffer
  60   1         SCH_Add_Task(LCD_KEY_Update, 2000, 50);
  61   1      
  62   1         // Start the scheduler
  63   1         SCH_Start();
  64   1      
  65   1         while(1)
  66   1            {
  67   2            SCH_Dispatch_Tasks();
  68   2            }
  69   1         }
  70          
  71          /*------------------------------------------------------------------*-
  72            ---- END OF FILE -------------------------------------------------
  73          -*------------------------------------------------------------------*/


MODULE INFORMATION:   STATIC OVERLAYABLE
   CODE SIZE        =     63    ----
   CONSTANT SIZE    =   ----    ----
   XDATA SIZE       =   ----    ----
   PDATA SIZE       =   ----    ----
   DATA SIZE        =   ----    ----
   IDATA SIZE       =   ----    ----
   BIT SIZE         =   ----    ----
END OF MODULE INFORMATION.


C51 COMPILATION COMPLETE.  0 WARNING(S),  0 ERROR(S)
