C51 COMPILER V6.10  CHAR_MAP                                                               04/10/2001 15:41:59 PAGE 1   


C51 COMPILER V6.10, COMPILATION OF MODULE CHAR_MAP
OBJECT MODULE PLACED IN .\Char_map.OBJ
COMPILER INVOKED BY: C:\KEIL\C51\BIN\C51.EXE .\Char_map.c BROWSE DEBUG OBJECTEXTEND

stmt level    source

   1          /*------------------------------------------------------------------*-
   2          
   3             Char_Map.C (v1.00)
   4          
   5            ------------------------------------------------------------------
   6          
   7             This lookup table (stored in ROM) are used to convert ‘integer’ 
   8             values into appropriate character codes for the LCD display 
   9             and RS232 link.
  10          
  11          
  12             COPYRIGHT
  13             ---------
  14          
  15             This code is from the book:
  16          
  17             PATTERNS FOR TIME-TRIGGERED EMBEDDED SYSTEMS by Michael J. Pont 
  18             [Pearson Education, 2001; ISBN: 0-201-33138-1].
  19          
  20             This code is copyright (c) 2001 by Michael J. Pont.
  21           
  22             See book for copyright details and other information.
  23          
  24          -*------------------------------------------------------------------*/
  25          
  26          // ------ Public constants -----------------------------------------
  27          
  28          const char code CHAR_MAP_G[10] 
  29                          = {'0','1','2','3','4','5','6','7','8','9'};
  30          
  31          /*------------------------------------------------------------------*-
  32            ---- END OF FILE -------------------------------------------------
  33          -*------------------------------------------------------------------*/
  34          
  35          


MODULE INFORMATION:   STATIC OVERLAYABLE
   CODE SIZE        =   ----    ----
   CONSTANT SIZE    =     10    ----
   XDATA SIZE       =   ----    ----
   PDATA SIZE       =   ----    ----
   DATA SIZE        =   ----    ----
   IDATA SIZE       =   ----    ----
   BIT SIZE         =   ----    ----
END OF MODULE INFORMATION.


C51 COMPILATION COMPLETE.  0 WARNING(S),  0 ERROR(S)
