C51 COMPILER V6.10  SPEECH                                                                 04/19/2001 12:07:07 PAGE 1   


C51 COMPILER V6.10, COMPILATION OF MODULE SPEECH
OBJECT MODULE PLACED IN .\SPEECH.OBJ
COMPILER INVOKED BY: C:\KEIL\C51\BIN\C51.EXE .\SPEECH.C OPTIMIZE(6,SPEED) BROWSE DEBUG OBJECTEXTEND CODE LISTINCLUDE SYM
                    -BOLS

stmt level    source

   1          /*------------------------------------------------------------------*-
   2          
   3             Speech.C (v1.00)
   4          
   5            ------------------------------------------------------------------
   6          
   7             This table (stored in ROM) provides the data for the
   8             speech playback example.
   9          
  10             NOTE: Data were sampled at 10 kHz
  11          
  12          
  13             COPYRIGHT
  14             ---------
  15          
  16             This code is from the book:
  17          
  18             PATTERNS FOR TIME-TRIGGERED EMBEDDED SYSTEMS by Michael J. Pont 
  19             [Pearson Education, 2001; ISBN: 0-201-33138-1].
  20          
  21             This code is copyright (c) 2001 by Michael J. Pont.
  22           
  23             See book for copyright details and other information.
  24          
  25          -*------------------------------------------------------------------*/
  26          
  27          #include "Main.h"
   1      =1  /*------------------------------------------------------------------*-
   2      =1  
   3      =1     Main.H (v1.00)
   4      =1  
   5      =1    ------------------------------------------------------------------
   6      =1     
   7      =1     'Project Header' (see Chap 9) for project DAC_Spee (see Chap 34)
   8      =1  
   9      =1  
  10      =1     COPYRIGHT
  11      =1     ---------
  12      =1  
  13      =1     This code is from the book:
  14      =1  
  15      =1     PATTERNS FOR TIME-TRIGGERED EMBEDDED SYSTEMS by Michael J. Pont 
  16      =1     [Pearson Education, 2001; ISBN: 0-201-33138-1].
  17      =1  
  18      =1     This code is copyright (c) 2001 by Michael J. Pont.
  19      =1   
  20      =1     See book for copyright details and other information.
  21      =1  
  22      =1  -*------------------------------------------------------------------*/
  23      =1  
  24      =1  #ifndef _MAIN_H
  25      =1  #define _MAIN_H
  26      =1  
  27      =1  //------------------------------------------------------------------
C51 COMPILER V6.10  SPEECH                                                                 04/19/2001 12:07:07 PAGE 2   

  28      =1  // WILL NEED TO EDIT THIS SECTION FOR EVERY PROJECT
  29      =1  //------------------------------------------------------------------
  30      =1  
  31      =1  // Must include the appropriate microcontroller header file here
  32      =1  #include <AT89x52.h>
   1      =2  /*--------------------------------------------------------------------------
   2      =2  AT89X52.H
   3      =2  
   4      =2  Header file for the low voltage Flash Atmel AT89C52 and AT89LV52.
   5      =2  Copyright (c) 1995-1996 Keil Software, Inc.  All rights reserved.
   6      =2  --------------------------------------------------------------------------*/
   7      =2  
   8      =2  #ifndef AT89X52_HEADER_FILE
   9      =2  #define AT89X52_HEADER_FILE 1
  10      =2  
  11      =2  /*------------------------------------------------
  12      =2  Byte Registers
  13      =2  ------------------------------------------------*/
  14      =2  sfr P0      = 0x80;
  15      =2  sfr SP      = 0x81;
  16      =2  sfr DPL     = 0x82;
  17      =2  sfr DPH     = 0x83;
  18      =2  sfr PCON    = 0x87;
  19      =2  sfr TCON    = 0x88;
  20      =2  sfr TMOD    = 0x89;
  21      =2  sfr TL0     = 0x8A;
  22      =2  sfr TL1     = 0x8B;
  23      =2  sfr TH0     = 0x8C;
  24      =2  sfr TH1     = 0x8D;
  25      =2  sfr P1      = 0x90;
  26      =2  sfr SCON    = 0x98;
  27      =2  sfr SBUF    = 0x99;
  28      =2  sfr P2      = 0xA0;
  29      =2  sfr IE      = 0xA8;
  30      =2  sfr P3      = 0xB0;
  31      =2  sfr IP      = 0xB8;
  32      =2  sfr T2CON   = 0xC8;
  33      =2  sfr T2MOD   = 0xC9;
  34      =2  sfr RCAP2L  = 0xCA;
  35      =2  sfr RCAP2H  = 0xCB;
  36      =2  sfr TL2     = 0xCC;
  37      =2  sfr TH2     = 0xCD;
  38      =2  sfr PSW     = 0xD0;
  39      =2  sfr ACC     = 0xE0;
  40      =2  sfr B       = 0xF0;
  41      =2  
  42      =2  /*------------------------------------------------
  43      =2  P0 Bit Registers
  44      =2  ------------------------------------------------*/
  45      =2  sbit P0_0 = 0x80;
  46      =2  sbit P0_1 = 0x81;
  47      =2  sbit P0_2 = 0x82;
  48      =2  sbit P0_3 = 0x83;
  49      =2  sbit P0_4 = 0x84;
  50      =2  sbit P0_5 = 0x85;
  51      =2  sbit P0_6 = 0x86;
  52      =2  sbit P0_7 = 0x87;
  53      =2  
  54      =2  /*------------------------------------------------
  55      =2  PCON Bit Values
  56      =2  ------------------------------------------------*/
  57      =2  #define IDL_    0x01
C51 COMPILER V6.10  SPEECH                                                                 04/19/2001 12:07:07 PAGE 3   

  58      =2  
  59      =2  #define STOP_   0x02
  60      =2  #define PD_     0x02    /* Alternate definition */
  61      =2  
  62      =2  #define GF0_    0x04
  63      =2  #define GF1_    0x08
  64      =2  #define SMOD_   0x80
  65      =2  
  66      =2  /*------------------------------------------------
  67      =2  TCON Bit Registers
  68      =2  ------------------------------------------------*/
  69      =2  sbit IT0  = 0x88;
  70      =2  sbit IE0  = 0x89;
  71      =2  sbit IT1  = 0x8A;
  72      =2  sbit IE1  = 0x8B;
  73      =2  sbit TR0  = 0x8C;
  74      =2  sbit TF0  = 0x8D;
  75      =2  sbit TR1  = 0x8E;
  76      =2  sbit TF1  = 0x8F;
  77      =2  
  78      =2  /*------------------------------------------------
  79      =2  TMOD Bit Values
  80      =2  ------------------------------------------------*/
  81      =2  #define T0_M0_   0x01
  82      =2  #define T0_M1_   0x02
  83      =2  #define T0_CT_   0x04
  84      =2  #define T0_GATE_ 0x08
  85      =2  #define T1_M0_   0x10
  86      =2  #define T1_M1_   0x20
  87      =2  #define T1_CT_   0x40
  88      =2  #define T1_GATE_ 0x80
  89      =2  
  90      =2  #define T1_MASK_ 0xF0
  91      =2  #define T0_MASK_ 0x0F
  92      =2  
  93      =2  /*------------------------------------------------
  94      =2  P1 Bit Registers
  95      =2  ------------------------------------------------*/
  96      =2  sbit P1_0 = 0x90;
  97      =2  sbit P1_1 = 0x91;
  98      =2  sbit P1_2 = 0x92;
  99      =2  sbit P1_3 = 0x93;
 100      =2  sbit P1_4 = 0x94;
 101      =2  sbit P1_5 = 0x95;
 102      =2  sbit P1_6 = 0x96;
 103      =2  sbit P1_7 = 0x97;
 104      =2  
 105      =2  sbit T2   = 0x90;       /* External input to Timer/Counter 2, clock out */
 106      =2  sbit T2EX = 0x91;       /* Timer/Counter 2 capture/reload trigger & dir ctl */
 107      =2  
 108      =2  /*------------------------------------------------
 109      =2  SCON Bit Registers
 110      =2  ------------------------------------------------*/
 111      =2  sbit RI   = 0x98;
 112      =2  sbit TI   = 0x99;
 113      =2  sbit RB8  = 0x9A;
 114      =2  sbit TB8  = 0x9B;
 115      =2  sbit REN  = 0x9C;
 116      =2  sbit SM2  = 0x9D;
 117      =2  sbit SM1  = 0x9E;
 118      =2  sbit SM0  = 0x9F;
 119      =2  
C51 COMPILER V6.10  SPEECH                                                                 04/19/2001 12:07:07 PAGE 4   

 120      =2  /*------------------------------------------------
 121      =2  P2 Bit Registers
 122      =2  ------------------------------------------------*/
 123      =2  sbit P2_0 = 0xA0;
 124      =2  sbit P2_1 = 0xA1;
 125      =2  sbit P2_2 = 0xA2;
 126      =2  sbit P2_3 = 0xA3;
 127      =2  sbit P2_4 = 0xA4;
 128      =2  sbit P2_5 = 0xA5;
 129      =2  sbit P2_6 = 0xA6;
 130      =2  sbit P2_7 = 0xA7;
 131      =2  
 132      =2  /*------------------------------------------------
 133      =2  IE Bit Registers
 134      =2  ------------------------------------------------*/
 135      =2  sbit EX0  = 0xA8;       /* 1=Enable External interrupt 0 */
 136      =2  sbit ET0  = 0xA9;       /* 1=Enable Timer 0 interrupt */
 137      =2  sbit EX1  = 0xAA;       /* 1=Enable External interrupt 1 */
 138      =2  sbit ET1  = 0xAB;       /* 1=Enable Timer 1 interrupt */
 139      =2  sbit ES   = 0xAC;       /* 1=Enable Serial port interrupt */
 140      =2  sbit ET2  = 0xAD;       /* 1=Enable Timer 2 interrupt */
 141      =2  
 142      =2  sbit EA   = 0xAF;       /* 0=Disable all interrupts */
 143      =2  
 144      =2  /*------------------------------------------------
 145      =2  P3 Bit Registers (Mnemonics & Ports)
 146      =2  ------------------------------------------------*/
 147      =2  sbit P3_0 = 0xB0;
 148      =2  sbit P3_1 = 0xB1;
 149      =2  sbit P3_2 = 0xB2;
 150      =2  sbit P3_3 = 0xB3;
 151      =2  sbit P3_4 = 0xB4;
 152      =2  sbit P3_5 = 0xB5;
 153      =2  sbit P3_6 = 0xB6;
 154      =2  sbit P3_7 = 0xB7;
 155      =2  
 156      =2  sbit RXD  = 0xB0;       /* Serial data input */
 157      =2  sbit TXD  = 0xB1;       /* Serial data output */
 158      =2  sbit INT0 = 0xB2;       /* External interrupt 0 */
 159      =2  sbit INT1 = 0xB3;       /* External interrupt 1 */
 160      =2  sbit T0   = 0xB4;       /* Timer 0 external input */
 161      =2  sbit T1   = 0xB5;       /* Timer 1 external input */
 162      =2  sbit WR   = 0xB6;       /* External data memory write strobe */
 163      =2  sbit RD   = 0xB7;       /* External data memory read strobe */
 164      =2  
 165      =2  /*------------------------------------------------
 166      =2  IP Bit Registers
 167      =2  ------------------------------------------------*/
 168      =2  sbit PX0  = 0xB8;
 169      =2  sbit PT0  = 0xB9;
 170      =2  sbit PX1  = 0xBA;
 171      =2  sbit PT1  = 0xBB;
 172      =2  sbit PS   = 0xBC;
 173      =2  sbit PT2  = 0xBD;
 174      =2  
 175      =2  /*------------------------------------------------
 176      =2  T2CON Bit Registers
 177      =2  ------------------------------------------------*/
 178      =2  sbit CP_RL2= 0xC8;      /* 0=Reload, 1=Capture select */
 179      =2  sbit C_T2 = 0xC9;       /* 0=Timer, 1=Counter */
 180      =2  sbit TR2  = 0xCA;       /* 0=Stop timer, 1=Start timer */
 181      =2  sbit EXEN2= 0xCB;       /* Timer 2 external enable */
C51 COMPILER V6.10  SPEECH                                                                 04/19/2001 12:07:07 PAGE 5   

 182      =2  sbit TCLK = 0xCC;       /* 0=Serial clock uses Timer 1 overflow, 1=Timer 2 */
 183      =2  sbit RCLK = 0xCD;       /* 0=Serial clock uses Timer 1 overflow, 1=Timer 2 */
 184      =2  sbit EXF2 = 0xCE;       /* Timer 2 external flag */
 185      =2  sbit TF2  = 0xCF;       /* Timer 2 overflow flag */
 186      =2  
 187      =2  /*------------------------------------------------
 188      =2  T2MOD Bit Values
 189      =2  ------------------------------------------------*/
 190      =2  #define DCEN_   0x01    /* 1=Timer 2 can be configured as up/down counter */
 191      =2  #define T2OE_   0x02    /* Timer 2 output enable */
 192      =2  
 193      =2  /*------------------------------------------------
 194      =2  PSW Bit Registers
 195      =2  ------------------------------------------------*/
 196      =2  sbit P    = 0xD0;
 197      =2  sbit FL   = 0xD1;
 198      =2  sbit OV   = 0xD2;
 199      =2  sbit RS0  = 0xD3;
 200      =2  sbit RS1  = 0xD4;
 201      =2  sbit F0   = 0xD5;
 202      =2  sbit AC   = 0xD6;
 203      =2  sbit CY   = 0xD7;
 204      =2  
 205      =2  /*------------------------------------------------
 206      =2  Interrupt Vectors:
 207      =2  Interrupt Address = (Number * 8) + 3
 208      =2  ------------------------------------------------*/
 209      =2  #define IE0_VECTOR	0  /* 0x03 External Interrupt 0 */
 210      =2  #define TF0_VECTOR	1  /* 0x0B Timer 0 */
 211      =2  #define IE1_VECTOR	2  /* 0x13 External Interrupt 1 */
 212      =2  #define TF1_VECTOR	3  /* 0x1B Timer 1 */
 213      =2  #define SIO_VECTOR	4  /* 0x23 Serial port */
 214      =2  
 215      =2  #define TF2_VECTOR	5  /* 0x2B Timer 2 */
 216      =2  #define EX2_VECTOR	5  /* 0x2B External Interrupt 2 */
 217      =2  
 218      =2  /*------------------------------------------------
 219      =2  ------------------------------------------------*/
 220      =2  #endif
 221      =2  
 222      =2  
  33      =1  
  34      =1  // Include oscillator / chip details here 
  35      =1  // (essential if generic delays / timeouts are used)
  36      =1  //  -
  37      =1  // Oscillator / resonator frequency (in Hz) e.g. (11059200UL)
  38      =1  #define OSC_FREQ (12000000UL)
  39      =1  
  40      =1  // Number of oscillations per instruction (4, 6 or 12)
  41      =1  // 12 - Original 8051 / 8052 and numerous modern versions
  42      =1  //  6 - Various Infineon and Philips devices, etc.
  43      =1  //  4 - Dallas, etc.
  44      =1  //
  45      =1  // Take care with Dallas devices 
  46      =1  // - Timers default to *12* osc ticks unless CKCON is modified 
  47      =1  // - If using generic code on a Dallas device, use 12 here
  48      =1  #define OSC_PER_INST (12)
  49      =1  
  50      =1  //------------------------------------------------------------------
  51      =1  // SHOULD NOT NEED TO EDIT THE SECTIONS BELOW
  52      =1  //------------------------------------------------------------------
  53      =1  typedef unsigned char tByte;
C51 COMPILER V6.10  SPEECH                                                                 04/19/2001 12:07:07 PAGE 6   

  54      =1  typedef unsigned int  tWord;
  55      =1  typedef unsigned long tLong;
  56      =1  
  57      =1  // Misc #defines
  58      =1  #ifndef TRUE
  59      =1  #define FALSE 0
  60      =1  #define TRUE (!FALSE)
  61      =1  #endif
  62      =1  
  63      =1  #define RETURN_NORMAL (bit) 0
  64      =1  #define RETURN_ERROR (bit) 1
  65      =1  
  66      =1  
  67      =1  //------------------------------------------------------------------
  68      =1  // Interrupts
  69      =1  // - see Chapter 13.  
  70      =1  //------------------------------------------------------------------
  71      =1  
  72      =1  // Generic 8051/52 timer interrupts (used in most schedulers)
  73      =1  #define INTERRUPT_Timer_0_Overflow 1
  74      =1  #define INTERRUPT_Timer_1_Overflow 3
  75      =1  #define INTERRUPT_Timer_2_Overflow 5
  76      =1  
  77      =1  // Additional interrupts (used in shared-clock schedulers)
  78      =1  #define INTERRUPT_EXTERNAL_0 0
  79      =1  #define INTERRUPT_EXTERNAL_1 2
  80      =1  #define INTERRUPT_UART_Rx_Tx 4
  81      =1  #define INTERRUPT_CAN_c515c 17
  82      =1  
  83      =1  //------------------------------------------------------------------
  84      =1  // Error codes 
  85      =1  // - see Chapter 14. 
  86      =1  //------------------------------------------------------------------
  87      =1  
  88      =1  #define ERROR_SCH_TOO_MANY_TASKS (1)
  89      =1  #define ERROR_SCH_CANNOT_DELETE_TASK (2)
  90      =1  
  91      =1  #define ERROR_SCH_WAITING_FOR_SLAVE_TO_ACK (3)
  92      =1  #define ERROR_SCH_WAITING_FOR_START_COMMAND_FROM_MASTER (3)
  93      =1  
  94      =1  #define ERROR_SCH_ONE_OR_MORE_SLAVES_DID_NOT_START (4)
  95      =1  #define ERROR_SCH_LOST_SLAVE (5)
  96      =1  
  97      =1  #define ERROR_SCH_CAN_BUS_ERROR (6)
  98      =1  
  99      =1  #define ERROR_I2C_WRITE_BYTE (10)
 100      =1  #define ERROR_I2C_READ_BYTE (11)
 101      =1  #define ERROR_I2C_WRITE_BYTE_AT24C64 (12)
 102      =1  #define ERROR_I2C_READ_BYTE_AT24C64 (13)
 103      =1  #define ERROR_I2C_DS1621 (14)
 104      =1  
 105      =1  #define ERROR_USART_TI (21)
 106      =1  #define ERROR_USART_WRITE_CHAR (22)
 107      =1  
 108      =1  #define ERROR_SPI_EXCHANGE_BYTES_TIMEOUT (31)
 109      =1  #define ERROR_SPI_X25_TIMEOUT (32)
 110      =1  #define ERROR_SPI_MAX1110_TIMEOUT (33)
 111      =1  
 112      =1  #define ERROR_ADC_MAX150_TIMEOUT (44)
 113      =1  
 114      =1  #endif
 115      =1  
C51 COMPILER V6.10  SPEECH                                                                 04/19/2001 12:07:07 PAGE 7   

 116      =1  /*------------------------------------------------------------------*-
 117      =1    ---- END OF FILE -------------------------------------------------
 118      =1  -*------------------------------------------------------------------*/
  28          
  29          // ------ Public constants -----------------------------------------
  30          
  31          const tWord code BA_12_BIT_10KHZ_G[3500] = 
  32                   {2099, 2099, 2099, 2101, 2104, 2099, 2101, 2101, 2102,
  33                    2099, 2098, 2102, 2098, 2096, 2102, 2098, 2101, 2099,
  34                    2099, 2099, 2099, 2099, 2102, 2101, 2101, 2099, 2099,
  35                    2098, 2101, 2099, 2098, 2098, 2098, 2099, 2098, 2099,
  36                    2101, 2098, 2099, 2099, 2098, 2101, 2102, 2098, 2099,
  37                    2099, 2099, 2104, 2101, 2098, 2098, 2099, 2098, 2096,
  38                    2099, 2101, 2102, 2101, 2101, 2102, 2101, 2101, 2104,
  39                    2102, 2096, 2101, 2104, 2101, 2102, 2099, 2098, 2102,
  40                    2101, 2104, 2102, 2102, 2104, 2102, 2107, 2101, 2101,
  41                    2106, 2101, 2101, 2109, 2106, 2099, 2101, 2101, 2106,
  42                    2101, 2101, 2099, 2099, 2099, 2099, 2101, 2102, 2102,
  43                    2099, 2099, 2102, 2104, 2099, 2099, 2102, 2099, 2104,
  44                    2098, 2104, 2106, 2102, 2102, 2101, 2104, 2102, 2101,
  45                    2104, 2099, 2101, 2102, 2101, 2101, 2102, 2102, 2102,
  46                    2099, 2102, 2101, 2099, 2104, 2101, 2109, 2104, 2111,
  47                    2106, 2106, 2109, 2104, 2099, 2107, 2104, 2106, 2101,
  48                    2101, 2104, 2098, 2098, 2098, 2101, 2101, 2099, 2096,
  49                    2099, 2101, 2104, 2101, 2096, 2098, 2101, 2099, 2096,
  50                    2099, 2096, 2101, 2099, 2096, 2101, 2099, 2102, 2104,
  51                    2101, 2101, 2107, 2102, 2101, 2101, 2106, 2107, 2101,
  52                    2102, 2101, 2098, 2102, 2102, 2104, 2106, 2102, 2101,
  53                    2099, 2102, 2101, 2104, 2109, 2101, 2098, 2098, 2099,
  54                    2101, 2101, 2098, 2101, 2099, 2099, 2096, 2098, 2101,
  55                    2098, 2098, 2094, 2094, 2098, 2094, 2098, 2096, 2098,
  56                    2094, 2098, 2096, 2098, 2098, 2098, 2098, 2094, 2098,
  57                    2098, 2101, 2098, 2096, 2101, 2099, 2098, 2098, 2098,
  58                    2096, 2096, 2098, 2094, 2096, 2096, 2096, 2094, 2098,
  59                    2094, 2098, 2096, 2096, 2093, 2093, 2077, 2049, 2056,
  60                    2038, 1983, 1957, 1949, 1947, 1960, 1941, 1896, 1752,
  61                    1343, 854, 865, 1235, 1434, 1616, 1710, 1839, 2144,
  62                    2551, 3028, 3280, 3275, 3038, 2666, 2283, 2075, 1989,
  63                    1918, 1771, 1628, 1556, 1498, 1649, 1996, 2358, 2616,
  64                    2800, 2870, 2842, 2828, 2854, 2844, 2753, 2603, 2361,
  65                    2123, 1981, 1941, 1996, 2096, 2196, 2274, 2350, 2477,
  66                    2618, 2740, 2750, 2593, 2351, 2144, 2039, 2002, 1970,
  67                    1985, 2067, 2212, 2371, 2417, 2312, 2164, 2039, 1952,
  68                    1870, 1812, 1836, 1933, 2083, 2191, 2167, 2091, 2051,
  69                    1989, 1889, 1828, 1825, 1868, 1996, 2101, 2104, 2112,
  70                    2119, 2048, 1967, 1926, 1876, 1876, 1907, 1678, 1032,
  71                    670, 1145, 1510, 1548, 1933, 2371, 2509, 1943, 1090,
  72                    755, 948, 1246, 1439, 1892, 2589, 3207, 3257, 2855,
  73                    2542, 2564, 2677, 2740, 2975, 3492, 4008, 4086, 3748,
  74                    3359, 3106, 2829, 2492, 2333, 2477, 2708, 2744, 2464,
  75                    2132, 1881, 1582, 1212, 1035, 1137, 1388, 1586, 1645,
  76                    1647, 1661, 1623, 1484, 1418, 1571, 1863, 2141, 2346,
  77                    2511, 2644, 2660, 2535, 2401, 2382, 2429, 2467, 2461,
  78                    2480, 2477, 2322, 2051, 1829, 1691, 1568, 1482, 1505,
  79                    1607, 1681, 1679, 1679, 1703, 1705, 1720, 1789, 1910,
  80                    2059, 2198, 2287, 2295, 2261, 2060, 1409, 523, 392,
  81                    862, 893, 1353, 2215, 2319, 1657, 986, 1080, 1309,
  82                    1435, 1954, 3080, 4000, 4095, 3973, 3695, 3374, 2728,
  83                    2169, 2177, 2553, 2623, 2346, 2025, 1720, 1217, 681,
  84                    566, 1002, 1586, 2046, 2488, 2883, 2997, 2737, 2453,
  85                    2429, 2577, 2635, 2639, 2658, 2563, 2165, 1602, 1203,
  86                    1096, 1099, 1201, 1493, 1871, 2088, 2102, 2081, 2133,
C51 COMPILER V6.10  SPEECH                                                                 04/19/2001 12:07:07 PAGE 8   

  87                    2204, 2274, 2411, 2602, 2724, 2621, 2359, 2081, 1828,
  88                    1561, 1406, 1445, 1592, 1708, 1784, 1867, 1934, 1946,
  89                    1991, 2111, 2285, 2401, 2448, 2430, 2319, 2102, 1881,
  90                    1700, 1589, 1566, 1545, 1316, 647, 85, 411, 852,
  91                    1274, 2419, 3089, 2800, 2401, 2585, 2868, 2805, 3165,
  92                    3811, 3931, 3236, 2469, 1852, 1104, 450, 505, 1170,
  93                    1708, 2073, 2500, 2850, 2724, 2450, 2540, 2852, 2957,
  94                    2908, 2884, 2632, 1967, 1277, 994, 1048, 1227, 1619,
  95                    2222, 2686, 2742, 2647, 2619, 2524, 2393, 2369, 2411,
  96                    2283, 1980, 1657, 1442, 1337, 1359, 1642, 2109, 2463,
  97                    2629, 2681, 2647, 2438, 2198, 2099, 2075, 1993, 1884,
  98                    1810, 1715, 1629, 1639, 1791, 2059, 2314, 2482, 2605,
  99                    2584, 2364, 2151, 2020, 1881, 1805, 1818, 1850, 1859,
 100                    1875, 1897, 1834, 1406, 595, 437, 1151, 1577, 2308,
 101                    3264, 3125, 2417, 2224, 2771, 3030, 3078, 3430, 3483,
 102                    2652, 1427, 834, 794, 949, 1450, 2500, 3398, 3511,
 103                    3144, 2897, 2572, 2090, 1928, 2190, 2314, 2018, 1712,
 104                    1592, 1508, 1484, 1892, 2618, 3143, 3206, 3041, 2715,
 105                    2141, 1579, 1430, 1624, 1818, 1952, 2135, 2219, 2161,
 106                    2172, 2383, 2623, 2690, 2571, 2348, 2002, 1602, 1421,
 107                    1529, 1826, 2119, 2362, 2529, 2529, 2361, 2225, 2204,
 108                    2183, 2102, 2023, 1934, 1802, 1718, 1784, 1981, 2230,
 109                    2440, 2519, 2484, 2330, 2090, 1918, 1873, 1862, 1862,
 110                    1854, 1584, 760, 95, 679, 1545, 2199, 3343, 3721,
 111                    2973, 2350, 2571, 3022, 2957, 2870, 2747, 2064, 939,
 112                    487, 1057, 1907, 2681, 3488, 3954, 3556, 2590, 1857,
 113                    1653, 1574, 1579, 1907, 2190, 2002, 1778, 1964, 2411,
 114                    2761, 3007, 3143, 2904, 2203, 1460, 1161, 1258, 1487,
 115                    1930, 2519, 2800, 2666, 2463, 2369, 2278, 2178, 2140,
 116                    2109, 1918, 1644, 1511, 1649, 1931, 2253, 2602, 2824,
 117                    2719, 2372, 2030, 1805, 1666, 1668, 1834, 2020, 2088,
 118                    2096, 2149, 2264, 2330, 2374, 2411, 2314, 2081, 1834,
 119                    1692, 1661, 1752, 1967, 2220, 2367, 2377, 2295, 2017,
 120                    1308, 298, 119, 917, 1469, 2366, 3375, 3177, 2572,
 121                    2635, 3286, 3466, 3175, 2946, 2346, 1156, 182, 395,
 122                    1290, 2190, 3109, 3905, 3978, 3220, 2329, 1894, 1694,
 123                    1513, 1556, 1796, 1787, 1558, 1632, 2167, 2742, 3085,
 124                    3299, 3231, 2658, 1770, 1148, 1007, 1156, 1495, 2077,
 125                    2560, 2708, 2590, 2498, 2488, 2374, 2240, 2143, 1943,
 126                    1589, 1316, 1371, 1666, 2038, 2453, 2818, 2902, 2632,
 127                    2236, 1941, 1713, 1565, 1640, 1807, 1891, 1938, 2052,
 128                    2191, 2327, 2434, 2484, 2419, 2201, 1886, 1639, 1535,
 129                    1566, 1736, 2014, 2249, 2348, 2320, 2190, 1694, 649,
 130                    -22, 565, 1254, 1829, 2938, 3235, 2658, 2417, 2984,
 131                    3516, 3351, 3097, 2677, 1674, 435, 103, 796, 1733,
 132                    2635, 3543, 4023, 3585, 2658, 2059, 1820, 1598, 1495,
 133                    1681, 1784, 1556, 1461, 1820, 2446, 2926, 3220, 3294,
 134                    2962, 2156, 1334, 981, 1062, 1295, 1749, 2337, 2627,
 135                    2569, 2487, 2474, 2422, 2320, 2188, 2044, 1755, 1387,
 136                    1238, 1450, 1797, 2183, 2613, 2875, 2760, 2419, 2083,
 137                    1812, 1634, 1586, 1676, 1820, 1883, 1934, 2065, 2225,
 138                    2359, 2456, 2476, 2338, 2073, 1768, 1571, 1524, 1603,
 139                    1813, 2107, 2290, 2324, 2285, 2046, 1330, 279, 83,
 140                    862, 1369, 2206, 3202, 3054, 2480, 2553, 3256, 3485,
 141                    3228, 2976, 2411, 1242, 167, 250, 1096, 2002, 2920,
 142                    3769, 3957, 3301, 2427, 1965, 1739, 1544, 1524, 1734,
 143                    1729, 1481, 1500, 2009, 2613, 2999, 3265, 3269, 2771,
 144                    1892, 1206, 991, 1098, 1380, 1910, 2445, 2642, 2530,
 145                    2467, 2485, 2413, 2267, 2174, 2004, 1652, 1325, 1282,
 146                    1529, 1892, 2312, 2695, 2866, 2703, 2341, 2007, 1776,
 147                    1610, 1584, 1724, 1847, 1880, 1957, 2112, 2266, 2380,
 148                    2463, 2466, 2295, 1988, 1703, 1553, 1529, 1642, 1888,
C51 COMPILER V6.10  SPEECH                                                                 04/19/2001 12:07:07 PAGE 9   

 149                    2156, 2316, 2340, 2246, 1930, 1095, 116, 268, 1077,
 150                    1550, 2527, 3259, 2889, 2403, 2686, 3378, 3412, 3173,
 151                    2897, 2143, 897, 127, 471, 1345, 2256, 3177, 3889,
 152                    3847, 3057, 2230, 1896, 1721, 1531, 1582, 1807, 1700,
 153                    1442, 1613, 2198, 2742, 3097, 3304, 3175, 2539, 1649,
 154                    1088, 1022, 1183, 1539, 2120, 2569, 2631, 2498, 2487,
 155                    2492, 2371, 2251, 2174, 1915, 1524, 1290, 1374, 1657,
 156                    2044, 2490, 2834, 2870, 2592, 2227, 1944, 1729, 1610,
 157                    1674, 1810, 1880, 1936, 2038, 2183, 2358, 2467, 2500,
 158                    2445, 2232, 1889, 1640, 1563, 1586, 1736, 2007, 2262,
 159                    2351, 2314, 2188, 1678, 639, 37, 624, 1269, 1888,
 160                    2971, 3214, 2642, 2442, 3028, 3522, 3343, 3089, 2673,
 161                    1676, 447, 156, 860, 1762, 2656, 3548, 3994, 3579,
 162                    2669, 2075, 1855, 1649, 1537, 1712, 1808, 1587, 1484,
 163                    1834, 2464, 2949, 3249, 3333, 3001, 2194, 1398, 1044,
 164                    1088, 1327, 1783, 2345, 2648, 2593, 2511, 2524, 2455,
 165                    2350, 2259, 2086, 1770, 1434, 1303, 1492, 1841, 2238,
 166                    2647, 2907, 2781, 2445, 2132, 1854, 1661, 1650, 1739,
 167                    1833, 1918, 1991, 2090, 2270, 2413, 2485, 2524, 2385,
 168                    2078, 1794, 1613, 1569, 1658, 1880, 2146, 2324, 2369,
 169                    2301, 2057, 1325, 290, 179, 985, 1469, 2345, 3261,
 170                    3039, 2495, 2600, 3330, 3508, 3225, 2988, 2367, 1141,
 171                    175, 393, 1233, 2109, 3039, 3866, 3947, 3249, 2396,
 172                    1941, 1758, 1597, 1563, 1755, 1765, 1511, 1532, 2086,
 173                    2708, 3075, 3319, 3301, 2737, 1833, 1195, 1025, 1148,
 174                    1458, 2017, 2522, 2679, 2576, 2524, 2513, 2430, 2312,
 175                    2199, 1993, 1650, 1342, 1355, 1639, 2006, 2419, 2803,
 176                    2920, 2682, 2316, 2010, 1784, 1628, 1661, 1796, 1897,
 177                    1939, 2018, 2175, 2337, 2442, 2526, 2503, 2288, 1975,
 178                    1712, 1566, 1592, 1741, 1960, 2222, 2382, 2348, 2230,
 179                    1870, 943, 80, 439, 1183, 1674, 2740, 3293, 2807,
 180                    2417, 2870, 3496, 3432, 3186, 2829, 1972, 710, 129,
 181                    662, 1569, 2448, 3377, 4000, 3760, 2881, 2174, 1897,
 182                    1699, 1550, 1653, 1818, 1655, 1476, 1739, 2366, 2873,
 183                    3194, 3349, 3110, 2359, 1513, 1088, 1080, 1272, 1682,
 184                    2264, 2639, 2629, 2530, 2537, 2488, 2375, 2280, 2135,
 185                    1823, 1487, 1308, 1434, 1789, 2188, 2597, 2894, 2845,
 186                    2513, 2165, 1907, 1699, 1618, 1721, 1855, 1917, 1965,
 187                    2091, 2254, 2396, 2490, 2509, 2413, 2156, 1820, 1629,
 188                    1589, 1618, 1812, 2119, 2309, 2345, 2330, 2130, 1463,
 189                    406, 111, 862, 1382, 2161, 3193, 3109, 2534, 2539,
 190                    3220, 3516, 3264, 3026, 2490, 1330, 230, 293, 1125,
 191                    1985, 2913, 3802, 4000, 3340, 2445, 1968, 1762, 1582,
 192                    1552, 1763, 1784, 1529, 1553, 2057, 2663, 3044, 3303,
 193                    3291, 2774, 1886, 1217, 1035, 1153, 1448, 1991, 2500,
 194                    2674, 2572, 2505, 2508, 2434, 2295, 2196, 2012, 1658,
 195                    1358, 1343, 1598, 1964, 2403, 2771, 2896, 2705, 2322,
 196                    1991, 1791, 1636, 1619, 1776, 1910, 1917, 1999, 2174,
 197                    2324, 2429, 2501, 2476, 2288, 1968, 1692, 1566, 1571,
 198                    1694, 1954, 2212, 2340, 2338, 2235, 1847, 912, 93,
 199                    463, 1206, 1718, 2747, 3254, 2774, 2398, 2866, 3503,
 200                    3417, 3162, 2813, 1922, 645, 127, 691, 1584, 2493,
 201                    3424, 3994, 3713, 2844, 2125, 1850, 1684, 1544, 1636,
 202                    1817, 1645, 1456, 1728, 2353, 2881, 3206, 3351, 3094,
 203                    2329, 1493, 1064, 1036, 1256, 1695, 2243, 2603, 2624,
 204                    2500, 2488, 2479, 2383, 2241, 2117, 1862, 1485, 1283,
 205                    1440, 1755, 2133, 2579, 2876, 2820, 2521, 2177, 1897,
 206                    1705, 1626, 1687, 1818, 1909, 1947, 2049, 2230, 2372,
 207                    2461, 2505, 2411, 2135, 1831, 1626, 1553, 1616, 1810,
 208                    2075, 2274, 2343, 2301, 2101, 1500, 484, 109, 810,
 209                    1367, 2091, 3136, 3141, 2555, 2500, 3198, 3522, 3243,
 210                    3028, 2529, 1395, 269, 276, 1083, 1944, 2855, 3752,
C51 COMPILER V6.10  SPEECH                                                                 04/19/2001 12:07:07 PAGE 10  

 211                    3999, 3375, 2493, 1999, 1778, 1584, 1542, 1745, 1791,
 212                    1535, 1519, 2002, 2616, 3002, 3280, 3324, 2849, 1968,
 213                    1259, 1041, 1125, 1382, 1926, 2450, 2640, 2568, 2509,
 214                    2492, 2422, 2311, 2199, 2035, 1694, 1359, 1311, 1556,
 215                    1902, 2311, 2729, 2912, 2728, 2367, 2036, 1784, 1632,
 216                    1629, 1755, 1873, 1905, 1975, 2144, 2298, 2393, 2503,
 217                    2493, 2278, 1985, 1731, 1558, 1539, 1689, 1915, 2170,
 218                    2348, 2350, 2240, 1902, 1015, 96, 390, 1175, 1644,
 219                    2671, 3270, 2813, 2371, 2787, 3479, 3412, 3170, 2850,
 220                    1999, 746, 146, 633, 1506, 2408, 3335, 3947, 3758,
 221                    2905, 2156, 1867, 1697, 1556, 1632, 1799, 1661, 1466,
 222                    1668, 2283, 2839, 3162, 3335, 3154, 2425, 1555, 1093,
 223                    1061, 1240, 1634, 2198, 2593, 2631, 2514, 2497, 2482,
 224                    2382, 2262, 2159, 1886, 1513, 1292, 1409, 1723, 2098,
 225                    2530, 2855, 2847, 2542, 2212, 1915, 1682, 1628, 1691,
 226                    1800, 1891, 1936, 2028, 2203, 2361, 2455, 2498, 2421,
 227                    2156, 1836, 1619, 1535, 1597, 1799, 2065, 2274, 2346,
 228                    2324, 2143, 1550, 529, 83, 747, 1321, 2035, 3091,
 229                    3152, 2585, 2495, 3139, 3527, 3282, 3036, 2566, 1460,
 230                    319, 258, 1028, 1892, 2807, 3708, 4012, 3443, 2558,
 231                    2023, 1791, 1598, 1542, 1716, 1779, 1574, 1523, 1941,
 232                    2556, 2980, 3223, 3270, 2857, 2015, 1316, 1064, 1132,
 233                    1385, 1876, 2393, 2637, 2577, 2495, 2488, 2437, 2304,
 234                    2191, 2036, 1703, 1380, 1337, 1555, 1892, 2304, 2715,
 235                    2896, 2723, 2361, 2038, 1815, 1639, 1623, 1766, 1878,
 236                    1918, 2004, 2143, 2298, 2437, 2503, 2469, 2324, 2015,
 237                    1703, 1561, 1563, 1682, 1923, 2194, 2350, 2348, 2251,
 238                    1894, 975, 96, 416, 1182, 1655, 2690, 3275, 2805,
 239                    2393, 2810, 3461, 3408, 3165, 2847, 1996, 713, 121,
 240                    628, 1490, 2411, 3351, 3965, 3763, 2918, 2156, 1849,
 241                    1687, 1547, 1621, 1813, 1673, 1464, 1692, 2296, 2834,
 242                    3172, 3340, 3115, 2403, 1547, 1069, 1044, 1263, 1632,
 243                    2190, 2621, 2637, 2488, 2497, 2487, 2362, 2243, 2148,
 244                    1862, 1482, 1295, 1419, 1728, 2125, 2566, 2863, 2828,
 245                    2518, 2174, 1892, 1681, 1611, 1678, 1817, 1905, 1947,
 246                    2043, 2214, 2374, 2455, 2490, 2414, 2154, 1831, 1618,
 247                    1550, 1602, 1799, 2078, 2283, 2356, 2311, 2132, 1532,
 248                    507, 91, 780, 1359, 2060, 3102, 3151, 2571, 2503,
 249                    3165, 3529, 3296, 3059, 2545, 1476, 343, 243, 1017,
 250                    1912, 2802, 3689, 4010, 3417, 2509, 2010, 1797, 1584,
 251                    1555, 1736, 1770, 1547, 1519, 1960, 2584, 3012, 3283,
 252                    3303, 2841, 1980, 1263, 1019, 1122, 1380, 1884, 2437,
 253                    2642, 2556, 2492, 2506, 2430, 2309, 2214, 2035, 1689,
 254                    1359, 1308, 1552, 1896, 2317, 2732, 2904, 2708, 2367,
 255                    2062, 1789, 1619, 1644, 1757, 1852, 1922, 1994, 2120,
 256                    2293, 2425, 2498, 2487, 2317, 2006, 1724, 1568, 1561,
 257                    1684, 1922, 2170, 2327, 2359, 2253, 1923, 1057, 130,
 258                    342, 1127, 1590, 2605, 3303, 2881, 2419, 2726, 3435,
 259                    3454, 3175, 2881, 2109, 839, 109, 566, 1463, 2345,
 260                    3256, 3968, 3852, 2967, 2188, 1896, 1715, 1539, 1605,
 261                    1818, 1694, 1466, 1661, 2269, 2815, 3147, 3345, 3164,
 262                    2463, 1594, 1099, 1059, 1238, 1605, 2172, 2581, 2621,
 263                    2495, 2484, 2476, 2374, 2251, 2149, 1907, 1547, 1337,
 264                    1419, 1699, 2070, 2474, 2779, 2810, 2548, 2209, 1936,
 265                    1750, 1653, 1695, 1820, 1910, 1941, 2035, 2206, 2346,
 266                    2424, 2493, 2438, 2190, 1892, 1674, 1577, 1615, 1796,
 267                    2052, 2272, 2358, 2314, 2174, 1653, 634, 122, 752,
 268                    1332, 1965, 3023, 3162, 2600, 2466, 3096, 3519, 3309,
 269                    3075, 2600, 1550, 371, 214, 977, 1849, 2737, 3653,
 270                    4010, 3483, 2576, 2022, 1812, 1611, 1531, 1712, 1796,
 271                    1552, 1495, 1928, 2550, 2978, 3256, 3294, 2875, 2038,
 272                    1283, 1030, 1137, 1369, 1860, 2429, 2652, 2555, 2498,
C51 COMPILER V6.10  SPEECH                                                                 04/19/2001 12:07:07 PAGE 11  

 273                    2513, 2434, 2309, 2214, 2041, 1703, 1380, 1321, 1544,
 274                    1896, 2308, 2707, 2894, 2719, 2361, 2062, 1813, 1623,
 275                    1631, 1758, 1850, 1922, 1994, 2109, 2283, 2416, 2479,
 276                    2477, 2333, 2014, 1720, 1577, 1569, 1670, 1917, 2178,
 277                    2325, 2358, 2270, 1951, 1119, 151, 306, 1106, 1561,
 278                    2558, 3301, 2917, 2419, 2728, 3427, 3429, 3167, 2881,
 279                    2135, 867, 137, 571, 1448, 2324, 3235, 3945, 3842,
 280                    2997, 2209, 1905, 1715, 1529, 1607, 1833, 1686, 1469,
 281                    1665, 2249, 2774, 3130, 3328, 3152, 2492, 1619, 1099,
 282                    1051, 1229, 1586, 2164, 2606, 2642, 2501, 2495, 2490,
 283                    2377, 2251, 2144, 1884, 1526, 1300, 1387, 1708, 2101,
 284                    2514, 2844, 2866, 2563, 2194, 1930, 1726, 1602, 1660,
 285                    1834, 1905, 1933, 2057, 2209, 2361, 2477, 2506, 2419,
 286                    2196, 1886, 1640, 1573, 1629, 1783, 2049, 2290, 2367,
 287                    2309, 2169, 1621, 561, 95, 778, 1342, 2010, 3075,
 288                    3149, 2560, 2471, 3120, 3513, 3319, 3065, 2569, 1492,
 289                    350, 234, 991, 1883, 2789, 3679, 4002, 3448, 2537,
 290                    2006, 1812, 1608, 1527, 1742, 1800, 1545, 1511, 1923,
 291                    2532, 2988, 3272, 3301, 2899, 2077, 1303, 1019, 1132,
 292                    1371, 1825, 2403, 2669, 2571, 2490, 2529, 2446, 2308,
 293                    2230, 2078, 1728, 1398, 1313, 1500, 1846, 2269, 2671,
 294                    2884, 2770, 2443, 2106, 1831, 1658, 1626, 1712, 1852,
 295                    1915, 1960, 2096, 2262, 2396, 2493, 2495, 2354, 2085,
 296                    1776, 1587, 1568, 1649, 1846, 2133, 2335, 2361, 2301,
 297                    2083, 1356, 316, 150, 930, 1439, 2293, 3254, 3044,
 298                    2485, 2595, 3299, 3490, 3202, 2973, 2374, 1164, 185,
 299                    387, 1232, 2114, 3031, 3842, 3947, 3222, 2353, 1934,
 300                    1745, 1552, 1558, 1776, 1745, 1506, 1571, 2107, 2697,
 301                    3059, 3296, 3246, 2669, 1773, 1164, 1027, 1164, 1485,
 302                    2052, 2537, 2650, 2539, 2495, 2493, 2398, 2280, 2180,
 303                    1968, 1584, 1319, 1372, 1644, 2004, 2438, 2805, 2892,
 304                    2642, 2283, 1991, 1760, 1626, 1663, 1792, 1884, 1939,
 305                    2022, 2167, 2340, 2451, 2506, 2467, 2246, 1922, 1684,
 306                    1561, 1571, 1745, 1993, 2222, 2359, 2345, 2177, 1721,
 307                    733, 62, 639, 1322, 1889, 2942, 3198, 2621, 2411,
 308                    3012, 3514, 3349, 3117, 2663, 1653, 452, 175, 862,
 309                    1792, 2690, 3569, 4004, 3545, 2627, 2036, 1838, 1647,
 310                    1540, 1716, 1817, 1574, 1482, 1850, 2480, 2952, 3262,
 311                    3317, 2952, 2167, 1361, 1012, 1111, 1350, 1786, 2361,
 312                    2655, 2572, 2492, 2511, 2445, 2333, 2246, 2085, 1758,
 313                    1426, 1298, 1489, 1826, 2243, 2656, 2879, 2773, 2438,
 314                    2093, 1846, 1670, 1619, 1728, 1855, 1909, 1967, 2104,
 315                    2275, 2400, 2492, 2508, 2369, 2077, 1778, 1597, 1563,
 316                    1650, 1884, 2148, 2308, 2362, 2303, 2036, 1322, 316,
 317                    190, 959, 1443, 2314, 3236, 3031, 2482, 2597, 3314,
 318                    3474, 3210, 2983, 2351, 1140, 209, 395, 1214, 2098,
 319                    3017, 3821, 3920, 3215, 2366, 1951, 1749, 1558, 1566,
 320                    1787, 1754, 1492, 1576, 2096, 2674, 3072, 3311, 3264,
 321                    2708, 1821, 1182, 1028, 1167, 1466, 2018, 2527, 2676,
 322                    2553, 2501, 2516, 2424, 2283, 2199, 1996, 1618, 1337,
 323                    1363, 1624, 1983, 2413, 2794, 2889, 2660, 2306, 1991,
 324                    1754, 1624, 1640, 1770, 1891, 1920, 1996, 2164, 2333,
 325                    2435, 2501, 2469, 2248, 1938, 1678, 1553, 1592, 1733,
 326                    1959, 2228, 2361, 2317, 2207, 1787, 797, 48, 570,
 327                    1259, 1791, 2879, 3238, 2689, 2409, 2946, 3504, 3383,
 328                    3126, 2737, 1804, 542, 135, 778, 1670, 2556, 3482,
 329                    4005, 3653, 2763, 2094, 1838, 1661, 1548, 1670, 1805,
 330                    1632, 1463, 1775, 2422, 2891, 3188, 3341, 3055, 2243,
 331                    1448, 1070, 1077, 1288, 1728, 2291, 2632, 2610, 2495,
 332                    2505, 2469, 2354, 2240, 2123, 1834, 1464, 1300, 1456,
 333                    1786, 2185, 2593, 2875, 2829, 2500, 2141, 1889, 1697,
 334                    1607, 1710, 1867, 1899, 1928, 2096, 2254, 2362, 2479,
C51 COMPILER V6.10  SPEECH                                                                 04/19/2001 12:07:07 PAGE 12  

 335                    2514, 2382, 2107, 1820, 1610, 1558, 1649, 1836, 2099,
 336                    2319, 2366, 2283, 2081, 1395, 350, 169, 914, 1406,
 337                    2228, 3207, 3055, 2488, 2568, 3254, 3485, 3236, 2999,
 338                    2421, 1245, 222, 340, 1161, 2041, 2949, 3795, 3957,
 339                    3275, 2408, 1962, 1770, 1581, 1561, 1758, 1766, 1524,
 340                    1552, 2062, 2658, 3039, 3298, 3280, 2752, 1880, 1225,
 341                    1025, 1151, 1460, 1981, 2490, 2676, 2551, 2498, 2519,
 342                    2430, 2299, 2199, 2007, 1649, 1329, 1330, 1615, 1957,
 343                    2367, 2778, 2902, 2653, 2308, 2012, 1760, 1613, 1661,
 344                    1779, 1865, 1925, 2006, 2154, 2319, 2438, 2501, 2472,
 345                    2274, 1943, 1687, 1579, 1573, 1702, 1955, 2217, 2348,
 346                    2335, 2228, 1836, 885, 66, 479, 1212, 1718, 2816,
 347                    3286, 2760, 2406, 2868, 3504, 3395, 3135, 2789, 1923,
 348                    642, 111, 697, 1603, 2487, 3416, 4008, 3706, 2821,
 349                    2127, 1857, 1671, 1531, 1655, 1825, 1631, 1458, 1736,
 350                    2369, 2866, 3191, 3340, 3094, 2346, 1479, 1056, 1065,
 351                    1253, 1660, 2264, 2621, 2608, 2514, 2514, 2472, 2359,
 352                    2251, 2133, 1839, 1472, 1295, 1440, 1778, 2172, 2585,
 353                    2879, 2816, 2493, 2165, 1884, 1676, 1619, 1715, 1836,
 354                    1892, 1952, 2081, 2245, 2377, 2474, 2500, 2401, 2135,
 355                    1810, 1615, 1553, 1610, 1808, 2085, 2288, 2356, 2320,
 356                    2119, 1489, 453, 83, 794, 1348, 2083, 3109, 3144,
 357                    2561, 2490, 3191, 3534, 3291, 3064, 2568, 1451, 311,
 358                    243, 996, 1891, 2808, 3698, 4012, 3448, 2550, 2014,
 359                    1808, 1623, 1542, 1728, 1786, 1563, 1502, 1934, 2576,
 360                    2986, 3252, 3330, 2904, 2039, 1304, 1027, 1109, 1371,
 361                    1867, 2409, 2656, 2576, 2493, 2501, 2443, 2324, 2212,
 362                    2036, 1721, 1390, 1298, 1518, 1868, 2280, 2695, 2891,
 363                    2737, 2396, 2073, 1808, 1636, 1618, 1723, 1850, 1912,
 364                    1970, 2109, 2282, 2398, 2484, 2497, 2343, 2041, 1754,
 365                    1586, 1550, 1653, 1875, 2133, 2324, 2358, 2274, 2022,
 366                    1263, 230, 203, 1007, 1469, 2367, 3280, 3017, 2463,
 367                    2611, 3332, 3482, 3214, 2980, 2369, 1143, 161, 385,
 368                    1229, 2096, 3013, 3834, 3955, 3222, 2353, 1957, 1749,
 369                    1545, 1565, 1789, 1744, 1508, 1571, 2081, 2671, 3068,
 370                    3303, 3236, 2715, 1854, 1193, 1028, 1185, 1469, 1994,
 371                    2511, 2663, 2532, 2505, 2514, 2406, 2285, 2190, 1983,
 372                    1618, 1330, 1358, 1616, 1981, 2409, 2784, 2897, 2665,
 373                    2301, 1996, 1765, 1623, 1642, 1778, 1880, 1922, 2014,
 374                    2164, 2306, 2422, 2513, 2472, 2267, 1962, 1695, 1577,
 375                    1573, 1691, 1960, 2215, 2338, 2348, 2248, 1838, 912,
 376                    119, 455, 1164, 1702, 2732, 3223, 2795, 2446, 2852,
 377                    3480, 3430, 3172, 2821, 1949, 676, 140, 699, 1581,
 378                    2464, 3393, 3996, 3729, 2849, 2138, 1884, 1692, 1539,
 379                    1657, 1813, 1642, 1460, 1736, 2371, 2873, 3199, 3338,
 380                    3086, 2327, 1489, 1056, 1059, 1285, 1697, 2259, 2632,
 381                    2611, 2484, 2509, 2485, 2351, 2245, 2135, 1808, 1447,
 382                    1308, 1447, 1749, 2167, 2600, 2868, 2813, 2509, 2149,
 383                    1873, 1691, 1611, 1702, 1850, 1904, 1934, 2075, 2253,
 384                    2371, 2471, 2514, 2401, 2143, 1828, 1619, 1558, 1611,
 385                    1807, 2096, 2296, 2356, 2306, 2114, 1531, 474, 74,
 386                    818, 1367, 2081, 3152, 3146, 2543, 2505, 3201, 3511,
 387                    3252, 3022, 2487, 1353, 258, 277, 1095, 1996, 2897,
 388                    3769, 4013, 3345, 2445, 1989, 1779, 1563, 1555, 1762,
 389                    1766, 1535, 1555, 2039, 2645, 3047, 3285, 3267, 2763,
 390                    1878, 1208, 1027, 1156, 1461, 1983, 2500, 2674, 2551,
 391                    2488, 2511, 2414, 2275, 2182, 1981, 1608, 1321, 1348,
 392                    1605, 1968, 2408, 2784, 2886, 2668, 2308, 1972, 1754,
 393                    1637, 1628, 1763, 1902, 1923, 1994, 2177, 2325, 2424,
 394                    2509, 2461, 2246, 1949, 1686, 1553, 1571, 1721, 1973,
 395                    2225, 2359, 2353, 2220, 1779, 797, 59, 553, 1248,
 396                    1808, 2886, 3254, 2711, 2404, 2960, 3542, 3382, 3123,
C51 COMPILER V6.10  SPEECH                                                                 04/19/2001 12:07:07 PAGE 13  

 397                    2753, 1760, 492, 161, 809, 1710, 2632, 3555, 4010,
 398                    3593, 2702, 2062, 1821, 1639, 1537, 1699, 1808, 1584,
 399                    1461, 1833, 2480, 2931, 3240, 3346, 2976, 2157, 1369,
 400                    1036, 1088, 1329, 1797, 2354, 2647, 2592, 2493, 2511,
 401                    2471, 2332, 2222, 2102, 1765, 1387, 1288, 1493, 1818,
 402                    2232, 2668, 2897, 2781, 2442, 2096, 1834, 1666, 1623,
 403                    1718, 1850, 1920, 1970, 2078, 2275, 2409, 2474, 2506,
 404                    2380, 2069, 1757, 1597, 1569, 1647, 1860, 2148, 2330,
 405                    2353, 2291, 2043, 1296, 279, 188, 957, 1455, 2369,
 406                    3256, 3004, 2471, 2645, 3356, 3483, 3196, 2949, 2282,
 407                    1038, 142, 437, 1306, 2182, 3123, 3903, 3910, 3136,
 408                    2306, 1918, 1726, 1550, 1582, 1794, 1728, 1472, 1607,
 409                    2198, 2758, 3093, 3351, 3244, 2577, 1713, 1154, 1004,
 410                    1179, 1552, 2090, 2545, 2660, 2526, 2485, 2505, 2400,
 411                    2264, 2157, 1922, 1545, 1301, 1377, 1676, 2052, 2485,
 412                    2828, 2862, 2590, 2245, 1925, 1716, 1624, 1660, 1791,
 413                    1910, 1947, 2031, 2222, 2364, 2453, 2522, 2451, 2186,
 414                    1865, 1649, 1561, 1602, 1787, 2060, 2275, 2364, 2324,
 415                    2153, 1569, 528, 79, 794, 1377, 2057, 3096, 3139,
 416                    2561, 2474, 3154, 3522, 3290, 3041, 2527, 1421, 295,
 417                    268, 1069, 1947, 2862, 3726, 3952, 3359, 2480, 1981,
 418                    1796, 1607, 1545, 1745, 1791, 1524, 1510, 1988, 2610,
 419                    3022, 3261, 3283, 2818, 1936, 1248, 1046, 1145, 1422,
 420                    1946, 2453, 2639, 2556, 2490, 2501, 2432, 2311}; 
 421          
 422          /*------------------------------------------------------------------*-
 423            ---- END OF FILE -------------------------------------------------
 424          -*------------------------------------------------------------------*/
 425                  
C51 COMPILER V6.10  SPEECH                                                                 04/19/2001 12:07:07 PAGE 14  

ASSEMBLY LISTING OF GENERATED OBJECT CODE


C51 COMPILER V6.10  SPEECH                                                                 04/19/2001 12:07:07 PAGE 15  

NAME                                    CLASS   MSPACE  TYPE    OFFSET  SIZE
====                                    =====   ======  ====    ======  ====


AC . . . . . . . . . . . . . . . . . .  ABSBIT   -----  BIT      00D6H  1
T0 . . . . . . . . . . . . . . . . . .  ABSBIT   -----  BIT      00B4H  1
T1 . . . . . . . . . . . . . . . . . .  ABSBIT   -----  BIT      00B5H  1
EA . . . . . . . . . . . . . . . . . .  ABSBIT   -----  BIT      00AFH  1
T2 . . . . . . . . . . . . . . . . . .  ABSBIT   -----  BIT      0090H  1
tLong. . . . . . . . . . . . . . . . .  TYPEDEF  -----  U_LONG   -----  4
tByte. . . . . . . . . . . . . . . . .  TYPEDEF  -----  U_CHAR   -----  1
P0_0 . . . . . . . . . . . . . . . . .  ABSBIT   -----  BIT      0080H  1
P1_0 . . . . . . . . . . . . . . . . .  ABSBIT   -----  BIT      0090H  1
P0_1 . . . . . . . . . . . . . . . . .  ABSBIT   -----  BIT      0081H  1
FL . . . . . . . . . . . . . . . . . .  ABSBIT   -----  BIT      00D1H  1
P2_0 . . . . . . . . . . . . . . . . .  ABSBIT   -----  BIT      00A0H  1
P1_1 . . . . . . . . . . . . . . . . .  ABSBIT   -----  BIT      0091H  1
P0_2 . . . . . . . . . . . . . . . . .  ABSBIT   -----  BIT      0082H  1
tWord. . . . . . . . . . . . . . . . .  TYPEDEF  -----  U_INT    -----  2
P3_0 . . . . . . . . . . . . . . . . .  ABSBIT   -----  BIT      00B0H  1
P2_1 . . . . . . . . . . . . . . . . .  ABSBIT   -----  BIT      00A1H  1
P1_2 . . . . . . . . . . . . . . . . .  ABSBIT   -----  BIT      0092H  1
P0_3 . . . . . . . . . . . . . . . . .  ABSBIT   -----  BIT      0083H  1
P3_1 . . . . . . . . . . . . . . . . .  ABSBIT   -----  BIT      00B1H  1
P2_2 . . . . . . . . . . . . . . . . .  ABSBIT   -----  BIT      00A2H  1
P1_3 . . . . . . . . . . . . . . . . .  ABSBIT   -----  BIT      0093H  1
P0_4 . . . . . . . . . . . . . . . . .  ABSBIT   -----  BIT      0084H  1
P3_2 . . . . . . . . . . . . . . . . .  ABSBIT   -----  BIT      00B2H  1
P2_3 . . . . . . . . . . . . . . . . .  ABSBIT   -----  BIT      00A3H  1
P1_4 . . . . . . . . . . . . . . . . .  ABSBIT   -----  BIT      0094H  1
P0_5 . . . . . . . . . . . . . . . . .  ABSBIT   -----  BIT      0085H  1
EXF2 . . . . . . . . . . . . . . . . .  ABSBIT   -----  BIT      00CEH  1
RD . . . . . . . . . . . . . . . . . .  ABSBIT   -----  BIT      00B7H  1
P3_3 . . . . . . . . . . . . . . . . .  ABSBIT   -----  BIT      00B3H  1
P2_4 . . . . . . . . . . . . . . . . .  ABSBIT   -----  BIT      00A4H  1
P1_5 . . . . . . . . . . . . . . . . .  ABSBIT   -----  BIT      0095H  1
P0_6 . . . . . . . . . . . . . . . . .  ABSBIT   -----  BIT      0086H  1
P3_4 . . . . . . . . . . . . . . . . .  ABSBIT   -----  BIT      00B4H  1
P2_5 . . . . . . . . . . . . . . . . .  ABSBIT   -----  BIT      00A5H  1
P1_6 . . . . . . . . . . . . . . . . .  ABSBIT   -----  BIT      0096H  1
P0_7 . . . . . . . . . . . . . . . . .  ABSBIT   -----  BIT      0087H  1
P3_5 . . . . . . . . . . . . . . . . .  ABSBIT   -----  BIT      00B5H  1
ES . . . . . . . . . . . . . . . . . .  ABSBIT   -----  BIT      00ACH  1
P2_6 . . . . . . . . . . . . . . . . .  ABSBIT   -----  BIT      00A6H  1
P1_7 . . . . . . . . . . . . . . . . .  ABSBIT   -----  BIT      0097H  1
P3_6 . . . . . . . . . . . . . . . . .  ABSBIT   -----  BIT      00B6H  1
P2_7 . . . . . . . . . . . . . . . . .  ABSBIT   -----  BIT      00A7H  1
P3_7 . . . . . . . . . . . . . . . . .  ABSBIT   -----  BIT      00B7H  1
RI . . . . . . . . . . . . . . . . . .  ABSBIT   -----  BIT      0098H  1
CY . . . . . . . . . . . . . . . . . .  ABSBIT   -----  BIT      00D7H  1
INT0 . . . . . . . . . . . . . . . . .  ABSBIT   -----  BIT      00B2H  1
INT1 . . . . . . . . . . . . . . . . .  ABSBIT   -----  BIT      00B3H  1
TI . . . . . . . . . . . . . . . . . .  ABSBIT   -----  BIT      0099H  1
PS . . . . . . . . . . . . . . . . . .  ABSBIT   -----  BIT      00BCH  1
T2EX . . . . . . . . . . . . . . . . .  ABSBIT   -----  BIT      0091H  1
OV . . . . . . . . . . . . . . . . . .  ABSBIT   -----  BIT      00D2H  1
C_T2 . . . . . . . . . . . . . . . . .  ABSBIT   -----  BIT      00C9H  1
WR . . . . . . . . . . . . . . . . . .  ABSBIT   -----  BIT      00B6H  1
RCLK . . . . . . . . . . . . . . . . .  ABSBIT   -----  BIT      00CDH  1
TCLK . . . . . . . . . . . . . . . . .  ABSBIT   -----  BIT      00CCH  1
IE0. . . . . . . . . . . . . . . . . .  ABSBIT   -----  BIT      0089H  1
C51 COMPILER V6.10  SPEECH                                                                 04/19/2001 12:07:07 PAGE 16  

NAME                                    CLASS   MSPACE  TYPE    OFFSET  SIZE
====                                    =====   ======  ====    ======  ====


IE1. . . . . . . . . . . . . . . . . .  ABSBIT   -----  BIT      008BH  1
CP_RL2 . . . . . . . . . . . . . . . .  ABSBIT   -----  BIT      00C8H  1
ET0. . . . . . . . . . . . . . . . . .  ABSBIT   -----  BIT      00A9H  1
ET1. . . . . . . . . . . . . . . . . .  ABSBIT   -----  BIT      00ABH  1
TF0. . . . . . . . . . . . . . . . . .  ABSBIT   -----  BIT      008DH  1
ET2. . . . . . . . . . . . . . . . . .  ABSBIT   -----  BIT      00ADH  1
TF1. . . . . . . . . . . . . . . . . .  ABSBIT   -----  BIT      008FH  1
TF2. . . . . . . . . . . . . . . . . .  ABSBIT   -----  BIT      00CFH  1
RB8. . . . . . . . . . . . . . . . . .  ABSBIT   -----  BIT      009AH  1
EX0. . . . . . . . . . . . . . . . . .  ABSBIT   -----  BIT      00A8H  1
IT0. . . . . . . . . . . . . . . . . .  ABSBIT   -----  BIT      0088H  1
EX1. . . . . . . . . . . . . . . . . .  ABSBIT   -----  BIT      00AAH  1
TB8. . . . . . . . . . . . . . . . . .  ABSBIT   -----  BIT      009BH  1
IT1. . . . . . . . . . . . . . . . . .  ABSBIT   -----  BIT      008AH  1
P. . . . . . . . . . . . . . . . . . .  ABSBIT   -----  BIT      00D0H  1
SM0. . . . . . . . . . . . . . . . . .  ABSBIT   -----  BIT      009FH  1
SM1. . . . . . . . . . . . . . . . . .  ABSBIT   -----  BIT      009EH  1
SM2. . . . . . . . . . . . . . . . . .  ABSBIT   -----  BIT      009DH  1
PT0. . . . . . . . . . . . . . . . . .  ABSBIT   -----  BIT      00B9H  1
RS0. . . . . . . . . . . . . . . . . .  ABSBIT   -----  BIT      00D3H  1
PT1. . . . . . . . . . . . . . . . . .  ABSBIT   -----  BIT      00BBH  1
RS1. . . . . . . . . . . . . . . . . .  ABSBIT   -----  BIT      00D4H  1
PT2. . . . . . . . . . . . . . . . . .  ABSBIT   -----  BIT      00BDH  1
TR0. . . . . . . . . . . . . . . . . .  ABSBIT   -----  BIT      008CH  1
TR1. . . . . . . . . . . . . . . . . .  ABSBIT   -----  BIT      008EH  1
TR2. . . . . . . . . . . . . . . . . .  ABSBIT   -----  BIT      00CAH  1
PX0. . . . . . . . . . . . . . . . . .  ABSBIT   -----  BIT      00B8H  1
PX1. . . . . . . . . . . . . . . . . .  ABSBIT   -----  BIT      00BAH  1
BA_12_BIT_10KHZ_G. . . . . . . . . . .  PUBLIC   CODE   ARRAY    0000H  7000
EXEN2. . . . . . . . . . . . . . . . .  ABSBIT   -----  BIT      00CBH  1
REN. . . . . . . . . . . . . . . . . .  ABSBIT   -----  BIT      009CH  1
RXD. . . . . . . . . . . . . . . . . .  ABSBIT   -----  BIT      00B0H  1
TXD. . . . . . . . . . . . . . . . . .  ABSBIT   -----  BIT      00B1H  1
F0 . . . . . . . . . . . . . . . . . .  ABSBIT   -----  BIT      00D5H  1


MODULE INFORMATION:   STATIC OVERLAYABLE
   CODE SIZE        =   ----    ----
   CONSTANT SIZE    =   7000    ----
   XDATA SIZE       =   ----    ----
   PDATA SIZE       =   ----    ----
   DATA SIZE        =   ----    ----
   IDATA SIZE       =   ----    ----
   BIT SIZE         =   ----    ----
END OF MODULE INFORMATION.


C51 COMPILATION COMPLETE.  0 WARNING(S),  0 ERROR(S)
